-------------------------------------------------------------------------------
Test set: com.wstester.model.SerializationTest
-------------------------------------------------------------------------------
Tests run: 2, Failures: 1, Errors: 0, Skipped: 0, Time elapsed: 0.297 sec <<< FAILURE!
secondTestFromXML(com.wstester.model.SerializationTest)  Time elapsed: 0.137 sec  <<< FAILURE!
java.lang.AssertionError: expected:<TestProject [name=Test Project, testSuiteList=[TestSuite [name=Test Suite 1, environment=Environment [serverList=[Server [serviceList=[RestService [port=9997, uuid=947327c2-b592-4584-bcf4-d70539e7c10b, name=Service Rest, status=null, ruleList=null]], name=Server 11, ip=localhost, description=This is the first server of the first env, uuid=8c272b03-f3d0-4632-a8c5-cac568060162], Server [serviceList=[MongoService [port=27017, dbName=test, user=appuser, password=apppass, uuid=b6ef56cd-bc64-4a59-8619-4ff0bc524eb4, name=Service Mongo, status=null, ruleList=null]], name=Server 12, ip=localhost, description=This is the second server of the first env, uuid=70a87773-87aa-41b4-853c-c927ab6f0fe4]], name=Env 1, uuid=5390795b-e698-4e08-a417-5c66ef43c1d9], testCaseList=[TestCase [name=TC 1, stepList=[RestStep [path=/customer/getCustomers, query={}, cookie={}, header={}, contentType=text/plain, method=GET, request=null, getID()=3ed4d034-908e-4225-9d6a-a6159be7d12b, getServer()=Server 11, getAssertList()=[com.wstester.model.Assert@7e43b342], getService()=Service Rest, getAssetList()=null, getName()=Step 1, getVariableList()=[], getExecutionList()=null, getDependsOn()=null], MongoStep [action=SELECT, collection=customer, query={name=HAC}, getID()=27ad12a3-10b3-4981-b072-5ac6ddfcac2f, getServer()=Server 12, getAssertList()=[com.wstester.model.Assert@21dd9203], getService()=Service Mongo, getAssetList()=null, getName()=Step 2, getVariableList()=[], getExecutionList()=null, getDependsOn()=null]], variableList=null, uuid=d9750ed4-a7f1-42c9-b166-1fb3a444c36c]], variableList=[], uuid=f538e79f-f9b0-4920-92ff-1aeb770d6481], TestSuite [name=Test Suite 2, environment=Environment [serverList=[Server [serviceList=[MySQLService [port=3306, dbName=test, user=appuser, password=apppass, uuid=3b54e0c9-6b1f-4d35-b0e3-aa02b9a0551e, name=Service MYSQL, status=null, ruleList=null]], name=Server 21, ip=localhost, description=This is the first server of the second env, uuid=35bff7c8-f6e4-4ca3-aef1-e74301360fb4], Server [serviceList=[SoapService [port=80, path=/data/info.wso, wsdlURL=http://footballpool.dataaccess.eu/data/info.wso?wsdl, uuid=4dc1280a-a697-4c18-94e8-65a3d1634866, name=Service SOAP, status=null, ruleList=null]], name=Server 22, ip=http://footballpool.dataaccess.eu, description=This is the second server of the second env, uuid=3ddadc08-ea9a-4fdc-907b-db2840f81150]], name=Env 2, uuid=e383aa83-cf92-40f6-bcfe-c7dd004f8026], testCaseList=[TestCase [name=TC 1, stepList=[MySQLStep [operation=SELECT * FROM angajati, ID=fb284076-8cd9-4a7f-80cb-2226ef76badb, Server=Server 21, AssertList=[com.wstester.model.Assert@dbcf7c3], Service=Service MYSQL, AssetList=null, Name=Step 3, VariableList=[], ExecutionList=null, DependsOn=null], SoapStep [request=<soap:Envelope xmlns:soap="http://www.w3.org/2003/05/soap-envelope" xmlns:foot="http://footballpool.dataaccess.eu">
   <soap:Header/>
   <soap:Body>
      <foot:AllDefenders>
         <foot:sCountryName>Brazil</foot:sCountryName>
      </foot:AllDefenders>
   </soap:Body>
</soap:Envelope>, getID()=21bff8a0-2944-4ca6-b4bd-881b33a4bbce, getServer()=Server 22, getAssertList()=[com.wstester.model.Assert@1e466d], getService()=Service SOAP, getAssetList()=null, getName()=Step 4, getVariableList()=[], getExecutionList()=null, getDependsOn()=null]], variableList=null, uuid=ced028ce-1147-4240-aee7-77f0d52e9446]], variableList=[], uuid=3717e480-2bf5-443b-9e0b-8ff16c433f86]], assetList=[Asset [uuid=763f0f87-3b6d-4958-aeca-7c8edd3da883, lastmodified=0, name=null, path=null, type=null, size=0], Asset [uuid=8cfa8718-20d0-4dcd-a494-adff2204d693, lastmodified=0, name=null, path=null, type=null, size=0], Asset [uuid=ba924de3-0ef6-43a3-b160-1d0ce9d7638c, lastmodified=0, name=null, path=null, type=null, size=0], Asset [uuid=c6dff548-3f8e-4326-8ec3-770b59f904c8, lastmodified=0, name=null, path=null, type=null, size=0]], environmentList=[Environment [serverList=[Server [serviceList=[RestService [port=9997, uuid=947327c2-b592-4584-bcf4-d70539e7c10b, name=Service Rest, status=null, ruleList=null]], name=Server 11, ip=localhost, description=This is the first server of the first env, uuid=8c272b03-f3d0-4632-a8c5-cac568060162], Server [serviceList=[MongoService [port=27017, dbName=test, user=appuser, password=apppass, uuid=b6ef56cd-bc64-4a59-8619-4ff0bc524eb4, name=Service Mongo, status=null, ruleList=null]], name=Server 12, ip=localhost, description=This is the second server of the first env, uuid=70a87773-87aa-41b4-853c-c927ab6f0fe4]], name=Env 1, uuid=5390795b-e698-4e08-a417-5c66ef43c1d9], Environment [serverList=[Server [serviceList=[MySQLService [port=3306, dbName=test, user=appuser, password=apppass, uuid=3b54e0c9-6b1f-4d35-b0e3-aa02b9a0551e, name=Service MYSQL, status=null, ruleList=null]], name=Server 21, ip=localhost, description=This is the first server of the second env, uuid=35bff7c8-f6e4-4ca3-aef1-e74301360fb4], Server [serviceList=[SoapService [port=80, path=/data/info.wso, wsdlURL=http://footballpool.dataaccess.eu/data/info.wso?wsdl, uuid=4dc1280a-a697-4c18-94e8-65a3d1634866, name=Service SOAP, status=null, ruleList=null]], name=Server 22, ip=http://footballpool.dataaccess.eu, description=This is the second server of the second env, uuid=3ddadc08-ea9a-4fdc-907b-db2840f81150]], name=Env 2, uuid=e383aa83-cf92-40f6-bcfe-c7dd004f8026]], variableList=null, uuid=bf3a2286-332b-4417-bcf8-2b713f283dde]> but was:<TestProject [name=Test Project, testSuiteList=[TestSuite [name=Test Suite 1, environment=Environment [serverList=[Server [serviceList=[RestService [port=9997, uuid=3e54faa9-4acc-483f-bd6e-4541b66ef898, name=Service Rest, status=null, ruleList=null]], name=Server 11, ip=localhost, description=This is the first server of the first env, uuid=c2b0abd1-a8f6-4b9d-845d-d4af972ed22c], Server [serviceList=[MongoService [port=27017, dbName=test, user=appuser, password=apppass, uuid=dcae840e-b3b2-4801-aeff-1fe0bf1a31f0, name=Service Mongo, status=null, ruleList=null]], name=Server 12, ip=localhost, description=This is the second server of the first env, uuid=5f1cfece-3e2f-40bf-b9a7-ef2600ed3258]], name=Env 1, uuid=6f9c5a93-f8a7-4661-8935-c49fcb513091], testCaseList=[TestCase [name=TC 1, stepList=[RestStep [path=/customer/getCustomers, query={}, cookie={}, header={}, contentType=text/plain, method=GET, request=null, getID()=40b2d613-ab91-4b1a-aaea-3a01451f227b, getServer()=Server 11, getAssertList()=[com.wstester.model.Assert@69dc7b24], getService()=Service Rest, getAssetList()=null, getName()=Step 1, getVariableList()=[], getExecutionList()=null, getDependsOn()=null], MongoStep [action=SELECT, collection=customer, query={name=HAC}, getID()=066a13ad-a016-4eeb-8a05-f8500ed1be69, getServer()=Server 12, getAssertList()=[com.wstester.model.Assert@297454f7], getService()=Service Mongo, getAssetList()=null, getName()=Step 2, getVariableList()=[], getExecutionList()=null, getDependsOn()=null]], variableList=null, uuid=20daec83-5ce0-4f2a-a439-0c38d2205459]], variableList=null, uuid=be5afd9b-674b-4d0b-ba07-0938a78bf797], TestSuite [name=Test Suite 2, environment=Environment [serverList=[Server [serviceList=[MySQLService [port=3306, dbName=test, user=appuser, password=apppass, uuid=3b2d1a43-436d-416d-9672-bb4a676ee57c, name=Service MYSQL, status=null, ruleList=null]], name=Server 21, ip=localhost, description=This is the first server of the second env, uuid=ff6f1b0a-2bb4-4db4-a8d2-4196d66a0c9e], Server [serviceList=[SoapService [port=80, path=/data/info.wso, wsdlURL=http://footballpool.dataaccess.eu/data/info.wso?wsdl, uuid=048e16be-1510-4e5d-bcf2-601a604f850c, name=Service SOAP, status=null, ruleList=null]], name=Server 22, ip=http://footballpool.dataaccess.eu, description=This is the second server of the second env, uuid=ef6b4d99-0ac0-4d6f-a2b0-ebd04d9551cb]], name=Env 2, uuid=c630c8c8-7338-4d0b-a0bd-2c3d98a00e6d], testCaseList=[TestCase [name=TC 1, stepList=[MySQLStep [operation=SELECT * FROM angajati, ID=93c02b11-7db2-4e3f-865d-01236d94f51b, Server=Server 21, AssertList=[com.wstester.model.Assert@602b7944], Service=Service MYSQL, AssetList=null, Name=Step 3, VariableList=[], ExecutionList=null, DependsOn=null], SoapStep [request=<soap:Envelope xmlns:soap="http://www.w3.org/2003/05/soap-envelope" xmlns:foot="http://footballpool.dataaccess.eu">
   <soap:Header/>
   <soap:Body>
      <foot:AllDefenders>
         <foot:sCountryName>Brazil</foot:sCountryName>
      </foot:AllDefenders>
   </soap:Body>
</soap:Envelope>, getID()=005417f3-d6de-4f66-8b8a-5bf04586b31a, getServer()=Server 22, getAssertList()=[com.wstester.model.Assert@5f8d4b51], getService()=Service SOAP, getAssetList()=null, getName()=Step 4, getVariableList()=[], getExecutionList()=null, getDependsOn()=null]], variableList=null, uuid=54abb0a6-1dec-4375-9dd2-8a003f2d4476]], variableList=null, uuid=7753fdf5-834d-480f-a4c8-901023d1875d]], assetList=[Asset [uuid=c43e2ae2-b332-40bd-a646-6dc8e87a4c90, lastmodified=0, name=null, path=null, type=null, size=0], Asset [uuid=2ab1cd91-6ff9-4406-9a1e-ee1553ea2790, lastmodified=0, name=null, path=null, type=null, size=0], Asset [uuid=d1bd2259-e1da-46d7-b320-16f5ebc74e85, lastmodified=0, name=null, path=null, type=null, size=0], Asset [uuid=1bb9c7e8-023a-4d07-8611-6e9af023b3b8, lastmodified=0, name=null, path=null, type=null, size=0]], environmentList=[Environment [serverList=[Server [serviceList=[RestService [port=9997, uuid=eac423a8-1e02-4d88-a38a-ba871da8f6eb, name=Service Rest, status=null, ruleList=null]], name=Server 11, ip=localhost, description=This is the first server of the first env, uuid=d795a37a-06c2-4417-9114-b8ee0fe1676b], Server [serviceList=[MongoService [port=27017, dbName=test, user=appuser, password=apppass, uuid=5ae6a847-071a-4eec-817a-8d6c5edbd4f5, name=Service Mongo, status=null, ruleList=null]], name=Server 12, ip=localhost, description=This is the second server of the first env, uuid=1ff1780d-d0d2-48a0-8da4-cebdbe8dd986]], name=Env 1, uuid=5cab5db1-7f2a-47a9-94aa-0bfb1af360ee], Environment [serverList=[Server [serviceList=[MySQLService [port=3306, dbName=test, user=appuser, password=apppass, uuid=b22b74ea-b4c3-4333-a0ee-3cc10c5817c4, name=Service MYSQL, status=null, ruleList=null]], name=Server 21, ip=localhost, description=This is the first server of the second env, uuid=3ed61b69-e5ad-4300-a542-0ebaedb04477], Server [serviceList=[SoapService [port=80, path=/data/info.wso, wsdlURL=http://footballpool.dataaccess.eu/data/info.wso?wsdl, uuid=0a89d3b4-3b52-42d2-8abb-79720b8bb378, name=Service SOAP, status=null, ruleList=null]], name=Server 22, ip=http://footballpool.dataaccess.eu, description=This is the second server of the second env, uuid=5cb3be3d-7ae6-4713-800e-78bba88a8d41]], name=Env 2, uuid=27eab8dc-9b8a-4da8-ab70-edd9d65d86f7]], variableList=null, uuid=25f21de9-155d-48e1-b381-cc86a4584846]>
	at org.junit.Assert.fail(Assert.java:88)
	at org.junit.Assert.failNotEquals(Assert.java:743)
	at org.junit.Assert.assertEquals(Assert.java:118)
	at org.junit.Assert.assertEquals(Assert.java:144)
	at com.wstester.model.SerializationTest.secondTestFromXML(SerializationTest.java:39)
	at sun.reflect.NativeMethodAccessorImpl.invoke0(Native Method)
	at sun.reflect.NativeMethodAccessorImpl.invoke(NativeMethodAccessorImpl.java:62)
	at sun.reflect.DelegatingMethodAccessorImpl.invoke(DelegatingMethodAccessorImpl.java:43)
	at java.lang.reflect.Method.invoke(Method.java:483)
	at org.junit.runners.model.FrameworkMethod$1.runReflectiveCall(FrameworkMethod.java:47)
	at org.junit.internal.runners.model.ReflectiveCallable.run(ReflectiveCallable.java:12)
	at org.junit.runners.model.FrameworkMethod.invokeExplosively(FrameworkMethod.java:44)
	at org.junit.internal.runners.statements.InvokeMethod.evaluate(InvokeMethod.java:17)
	at org.junit.runners.ParentRunner.runLeaf(ParentRunner.java:271)
	at org.junit.runners.BlockJUnit4ClassRunner.runChild(BlockJUnit4ClassRunner.java:70)
	at org.junit.runners.BlockJUnit4ClassRunner.runChild(BlockJUnit4ClassRunner.java:50)
	at org.junit.runners.ParentRunner$3.run(ParentRunner.java:238)
	at org.junit.runners.ParentRunner$1.schedule(ParentRunner.java:63)
	at org.junit.runners.ParentRunner.runChildren(ParentRunner.java:236)
	at org.junit.runners.ParentRunner.access$000(ParentRunner.java:53)
	at org.junit.runners.ParentRunner$2.evaluate(ParentRunner.java:229)
	at org.junit.internal.runners.statements.RunAfters.evaluate(RunAfters.java:27)
	at org.junit.runners.ParentRunner.run(ParentRunner.java:309)
	at org.apache.maven.surefire.junit4.JUnit4Provider.execute(JUnit4Provider.java:252)
	at org.apache.maven.surefire.junit4.JUnit4Provider.executeTestSet(JUnit4Provider.java:141)
	at org.apache.maven.surefire.junit4.JUnit4Provider.invoke(JUnit4Provider.java:112)
	at sun.reflect.NativeMethodAccessorImpl.invoke0(Native Method)
	at sun.reflect.NativeMethodAccessorImpl.invoke(NativeMethodAccessorImpl.java:62)
	at sun.reflect.DelegatingMethodAccessorImpl.invoke(DelegatingMethodAccessorImpl.java:43)
	at java.lang.reflect.Method.invoke(Method.java:483)
	at org.apache.maven.surefire.util.ReflectionUtils.invokeMethodWithArray(ReflectionUtils.java:189)
	at org.apache.maven.surefire.booter.ProviderFactory$ProviderProxy.invoke(ProviderFactory.java:165)
	at org.apache.maven.surefire.booter.ProviderFactory.invokeProvider(ProviderFactory.java:85)
	at org.apache.maven.surefire.booter.ForkedBooter.runSuitesInProcess(ForkedBooter.java:115)
	at org.apache.maven.surefire.booter.ForkedBooter.main(ForkedBooter.java:75)

