<?xml version="1.0" encoding="UTF-8" ?>
<testsuite tests="1" failures="0" name="com.wstester.camel.mongo.InsertTest" time="10.008" errors="1" skipped="0">
  <properties>
[...]
</properties>
  <testcase classname="com.wstester.camel.mongo.InsertTest" name="insertOneRow" time="10.008">
    <error type="java.lang.NullPointerException">java.lang.NullPointerException
	at org.codehaus.jettison.json.JSONTokener.more(JSONTokener.java:89)
	at org.codehaus.jettison.json.JSONTokener.next(JSONTokener.java:99)
	at org.codehaus.jettison.json.JSONTokener.nextClean(JSONTokener.java:153)
	at org.codehaus.jettison.json.JSONArray.&lt;init&gt;(JSONArray.java:97)
	at org.codehaus.jettison.json.JSONArray.&lt;init&gt;(JSONArray.java:137)
	at com.wstester.camel.mongo.InsertTest.insertOneRow(InsertTest.java:27)
	at sun.reflect.NativeMethodAccessorImpl.invoke0(Native Method)
	at sun.reflect.NativeMethodAccessorImpl.invoke(NativeMethodAccessorImpl.java:62)
	at sun.reflect.DelegatingMethodAccessorImpl.invoke(DelegatingMethodAccessorImpl.java:43)
	at java.lang.reflect.Method.invoke(Method.java:483)
	at org.junit.runners.model.FrameworkMethod$1.runReflectiveCall(FrameworkMethod.java:47)
	at org.junit.internal.runners.model.ReflectiveCallable.run(ReflectiveCallable.java:12)
	at org.junit.runners.model.FrameworkMethod.invokeExplosively(FrameworkMethod.java:44)
	at org.junit.internal.runners.statements.InvokeMethod.evaluate(InvokeMethod.java:17)
	at org.junit.internal.runners.statements.RunAfters.evaluate(RunAfters.java:27)
	at org.junit.rules.TestWatcher$1.evaluate(TestWatcher.java:55)
	at org.junit.rules.RunRules.evaluate(RunRules.java:20)
	at org.junit.runners.ParentRunner.runLeaf(ParentRunner.java:271)
	at org.junit.runners.BlockJUnit4ClassRunner.runChild(BlockJUnit4ClassRunner.java:70)
	at org.junit.runners.BlockJUnit4ClassRunner.runChild(BlockJUnit4ClassRunner.java:50)
	at org.junit.runners.ParentRunner$3.run(ParentRunner.java:238)
	at org.junit.runners.ParentRunner$1.schedule(ParentRunner.java:63)
	at org.junit.runners.ParentRunner.runChildren(ParentRunner.java:236)
	at org.junit.runners.ParentRunner.access$000(ParentRunner.java:53)
	at org.junit.runners.ParentRunner$2.evaluate(ParentRunner.java:229)
	at org.junit.internal.runners.statements.RunBefores.evaluate(RunBefores.java:26)
	at org.junit.internal.runners.statements.RunAfters.evaluate(RunAfters.java:27)
	at org.junit.runners.ParentRunner.run(ParentRunner.java:309)
	at org.apache.maven.surefire.junit4.JUnit4Provider.execute(JUnit4Provider.java:252)
	at org.apache.maven.surefire.junit4.JUnit4Provider.executeTestSet(JUnit4Provider.java:141)
	at org.apache.maven.surefire.junit4.JUnit4Provider.invoke(JUnit4Provider.java:112)
	at sun.reflect.NativeMethodAccessorImpl.invoke0(Native Method)
	at sun.reflect.NativeMethodAccessorImpl.invoke(NativeMethodAccessorImpl.java:62)
	at sun.reflect.DelegatingMethodAccessorImpl.invoke(DelegatingMethodAccessorImpl.java:43)
	at java.lang.reflect.Method.invoke(Method.java:483)
	at org.apache.maven.surefire.util.ReflectionUtils.invokeMethodWithArray(ReflectionUtils.java:189)
	at org.apache.maven.surefire.booter.ProviderFactory$ProviderProxy.invoke(ProviderFactory.java:165)
	at org.apache.maven.surefire.booter.ProviderFactory.invokeProvider(ProviderFactory.java:85)
	at org.apache.maven.surefire.booter.ForkedBooter.runSuitesInProcess(ForkedBooter.java:115)
	at org.apache.maven.surefire.booter.ForkedBooter.main(ForkedBooter.java:75)
</error>
    <system-out>[                          main] BrokerService                  INFO  Using Persistence Adapter: MemoryPersistenceAdapter
[                          main] BrokerService                  INFO  Apache ActiveMQ 5.9.0 (localhost, ID:EN61102-54392-1411629140448-0:5) is starting
[                          main] TransportServerThreadSupport   INFO  Listening for connections at: tcp://127.0.0.1:61616
[                          main] TransportConnector             INFO  Connector tcp started
[                          main] BrokerService                  INFO  Apache ActiveMQ 5.9.0 (localhost, ID:EN61102-54392-1411629140448-0:5) started
[                          main] BrokerService                  INFO  For help or more information please see: http://activemq.apache.org
[                          main] SpringCamelContext             INFO  Apache Camel 2.13.2 (CamelContext: camel) is starting
[                          main] DefaultManagementStrategy      INFO  JMX is disabled
[                          main] DefaultTypeConverter           INFO  Loaded 211 type converters
[                          main] SpringCamelContext             INFO  AllowUseOriginalMessage is enabled. If access to the original message is not needed, then its recommended to turn this option off as it may improve performance.
[                          main] SpringCamelContext             INFO  StreamCaching is not in use. If using streams then its recommended to enable stream caching. See more details at http://camel.apache.org/stream-caching.html
[                          main] SpringCamelContext             INFO  Route: route33 started and consuming from: Endpoint[jms://topic:responseTopic]
[                          main] SpringCamelContext             INFO  Route: route34 started and consuming from: Endpoint[jms://topic:finishTopic]
[                          main] SpringCamelContext             INFO  Route: route35 started and consuming from: Endpoint[jms://mongoQueue?asyncConsumer=true&amp;concurrentConsumers=20]
[                          main] SpringCamelContext             INFO  Route: route36 started and consuming from: Endpoint[jms://mySQLQueue?asyncConsumer=true&amp;concurrentConsumers=20]
[                          main] SpringCamelContext             INFO  Route: route37 started and consuming from: Endpoint[jms://topic:responseTopic]
[                          main] SpringCamelContext             INFO  Route: route38 started and consuming from: Endpoint[jms://topic:finishTopic]
[                          main] SpringCamelContext             INFO  Route: route39 started and consuming from: Endpoint[jms://topic:startTopic]
[                          main] SpringCamelContext             INFO  Route: route40 started and consuming from: Endpoint[jms://restQueue?asyncConsumer=true&amp;concurrentConsumers=20]
[                          main] SpringCamelContext             INFO  Route: route41 started and consuming from: Endpoint[jms://startQueue?asyncConsumer=true&amp;concurrentConsumers=20]
[                          main] SpringCamelContext             INFO  Route: route42 started and consuming from: Endpoint[jms://soapQueue?asyncConsumer=true&amp;concurrentConsumers=20]
[                          main] SpringCamelContext             INFO  Route: route43 started and consuming from: Endpoint[jms://mockingQueue]
[                          main] SpringCamelContext             INFO  Route: route44 started and consuming from: Endpoint[jms://variableQueue]
[                          main] SpringCamelContext             INFO  Route: route45 started and consuming from: Endpoint[jms://topic:finishTopic]
[                          main] SpringCamelContext             INFO  Route: route46 started and consuming from: Endpoint[jms://assetQueue]
[                          main] SpringCamelContext             INFO  Total 14 routes, of which 14 is started.
[                          main] SpringCamelContext             INFO  Apache Camel 2.13.2 (CamelContext: camel) started in 0.243 seconds
[                          main] TestBaseClass                  INFO  ********************************************************************************
[                          main] TestBaseClass                  INFO  Testing: insertOneRow(com.wstester.camel.mongo.InsertTest)
[                          main] TestBaseClass                  INFO  ********************************************************************************
[                          main] TestRunner                     INFO  Received TestProject [name=Test Project, testSuiteList=[TestSuite [name=Test Suite 1, environment=Environment [serverList=[Server [serviceList=[MongoService [port=27017, dbName=test, user=appuser, password=apppass, uuid=d493b353-3590-4d99-80b3-83c12b75627a, name=Service Mongo, status=null, ruleList=null]], name=Server 12, ip=localhost, description=This is the second server of the first env, uuid=d7b646f6-ad64-4996-ae71-524e041cfb07]], name=Env 1, uuid=985f84b9-732e-475d-b274-79d080fb0d29], testCaseList=[TestCase [name=TC 1, stepList=[MongoStep [action=SELECT, collection=customer, query={name=Ana}, getID()=500128e6-9b72-4d8e-bcc2-a85ad7e920c2, getServer()=Server 12, getAssertList()=[com.wstester.model.Assert@35d60381], getService()=Service Mongo, getAssetList()=null, getName()=Step 1, getVariableList()=[], getExecutionList()=null, getDependsOn()=null], MongoStep [action=INSERT, collection=customer, query={name=Ana, id=100}, getID()=c1abb2e2-514d-45b0-a2f8-73cd4fda639c, getServer()=Server 12, getAssertList()=[com.wstester.model.Assert@35d60381], getService()=Service Mongo, getAssetList()=null, getName()=Step 2, getVariableList()=[], getExecutionList()=null, getDependsOn()=500128e6-9b72-4d8e-bcc2-a85ad7e920c2], MongoStep [action=SELECT, collection=customer, query={name=Ana}, getID()=b9373232-29d2-4270-9365-fcb061f2087c, getServer()=Server 12, getAssertList()=[com.wstester.model.Assert@35d60381], getService()=Service Mongo, getAssetList()=null, getName()=Step 3, getVariableList()=[], getExecutionList()=null, getDependsOn()=c1abb2e2-514d-45b0-a2f8-73cd4fda639c]], variableList=null, uuid=36c4cb14-5835-412e-87ac-ae4ab146ca4a]], variableList=null, uuid=281cae01-53d9-4e4c-bed7-f43b25eb0fb2]], assetList=[Asset [uuid=2b4c1496-e0db-46d6-88c7-eead3cc9273b, lastmodified=0, name=null, path=null, type=null, size=0], Asset [uuid=fbe8c6ae-e0f6-4f81-b405-1ef727d7b12a, lastmodified=0, name=null, path=null, type=null, size=0], Asset [uuid=a0a3dca5-e007-4680-b321-2d6d4956ea51, lastmodified=0, name=null, path=null, type=null, size=0], Asset [uuid=11ab3583-8126-48c4-80e8-cc6bbaa342e0, lastmodified=0, name=null, path=null, type=null, size=0]], environmentList=[Environment [serverList=[Server [serviceList=[MongoService [port=27017, dbName=test, user=appuser, password=apppass, uuid=d493b353-3590-4d99-80b3-83c12b75627a, name=Service Mongo, status=null, ruleList=null]], name=Server 12, ip=localhost, description=This is the second server of the first env, uuid=d7b646f6-ad64-4996-ae71-524e041cfb07]], name=Env 1, uuid=985f84b9-732e-475d-b274-79d080fb0d29]], variableList=null, uuid=4596537e-ea33-4575-8e22-fe565c68b3b1]
[                          main] TestRunner                     INFO  Running TestProject [name=Test Project, testSuiteList=[TestSuite [name=Test Suite 1, environment=Environment [serverList=[Server [serviceList=[MongoService [port=27017, dbName=test, user=appuser, password=apppass, uuid=d493b353-3590-4d99-80b3-83c12b75627a, name=Service Mongo, status=null, ruleList=null]], name=Server 12, ip=localhost, description=This is the second server of the first env, uuid=d7b646f6-ad64-4996-ae71-524e041cfb07]], name=Env 1, uuid=985f84b9-732e-475d-b274-79d080fb0d29], testCaseList=[TestCase [name=TC 1, stepList=[MongoStep [action=SELECT, collection=customer, query={name=Ana}, getID()=500128e6-9b72-4d8e-bcc2-a85ad7e920c2, getServer()=Server 12, getAssertList()=[com.wstester.model.Assert@35d60381], getService()=Service Mongo, getAssetList()=null, getName()=Step 1, getVariableList()=[], getExecutionList()=null, getDependsOn()=null], MongoStep [action=INSERT, collection=customer, query={name=Ana, id=100}, getID()=c1abb2e2-514d-45b0-a2f8-73cd4fda639c, getServer()=Server 12, getAssertList()=[com.wstester.model.Assert@35d60381], getService()=Service Mongo, getAssetList()=null, getName()=Step 2, getVariableList()=[], getExecutionList()=null, getDependsOn()=500128e6-9b72-4d8e-bcc2-a85ad7e920c2], MongoStep [action=SELECT, collection=customer, query={name=Ana}, getID()=b9373232-29d2-4270-9365-fcb061f2087c, getServer()=Server 12, getAssertList()=[com.wstester.model.Assert@35d60381], getService()=Service Mongo, getAssetList()=null, getName()=Step 3, getVariableList()=[], getExecutionList()=null, getDependsOn()=c1abb2e2-514d-45b0-a2f8-73cd4fda639c]], variableList=null, uuid=36c4cb14-5835-412e-87ac-ae4ab146ca4a]], variableList=null, uuid=281cae01-53d9-4e4c-bed7-f43b25eb0fb2]], assetList=[Asset [uuid=2b4c1496-e0db-46d6-88c7-eead3cc9273b, lastmodified=0, name=null, path=null, type=null, size=0], Asset [uuid=fbe8c6ae-e0f6-4f81-b405-1ef727d7b12a, lastmodified=0, name=null, path=null, type=null, size=0], Asset [uuid=a0a3dca5-e007-4680-b321-2d6d4956ea51, lastmodified=0, name=null, path=null, type=null, size=0], Asset [uuid=11ab3583-8126-48c4-80e8-cc6bbaa342e0, lastmodified=0, name=null, path=null, type=null, size=0]], environmentList=[Environment [serverList=[Server [serviceList=[MongoService [port=27017, dbName=test, user=appuser, password=apppass, uuid=d493b353-3590-4d99-80b3-83c12b75627a, name=Service Mongo, status=null, ruleList=null]], name=Server 12, ip=localhost, description=This is the second server of the first env, uuid=d7b646f6-ad64-4996-ae71-524e041cfb07]], name=Env 1, uuid=985f84b9-732e-475d-b274-79d080fb0d29]], variableList=null, uuid=4596537e-ea33-4575-8e22-fe565c68b3b1]
[                          main] TestRunner                     INFO  [500128e6-9b72-4d8e-bcc2-a85ad7e920c2] Waiting response
[               pool-9-thread-1] TestRunner                     INFO  [500128e6-9b72-4d8e-bcc2-a85ad7e920c2] Sent message to startQueue
[               pool-9-thread-1] TestRunner                     INFO  [c1abb2e2-514d-45b0-a2f8-73cd4fda639c] Sent message to startQueue
[               pool-9-thread-1] TestRunner                     INFO  [b9373232-29d2-4270-9365-fcb061f2087c] Sent message to startQueue
[#339 - JmsConsumer[startTopic]] route39                        INFO  [4596537e-ea33-4575-8e22-fe565c68b3b1] received start message
[#360 - JmsConsumer[startQueue]] route41                        INFO  [500128e6-9b72-4d8e-bcc2-a85ad7e920c2] Sent message to mongo queue
[#362 - JmsConsumer[startQueue]] route41                        INFO  [b9373232-29d2-4270-9365-fcb061f2087c] Sent message to mongo queue
[#361 - JmsConsumer[startQueue]] route41                        INFO  [c1abb2e2-514d-45b0-a2f8-73cd4fda639c] Sent message to mongo queue
[#302 - JmsConsumer[mongoQueue]] ExchangeDelayer                INFO  [c1abb2e2-514d-45b0-a2f8-73cd4fda639c] Waiting for: 500128e6-9b72-4d8e-bcc2-a85ad7e920c2
[#307 - JmsConsumer[mongoQueue]] ExchangeDelayer                INFO  [b9373232-29d2-4270-9365-fcb061f2087c] Waiting for: c1abb2e2-514d-45b0-a2f8-73cd4fda639c
[#304 - JmsConsumer[mongoQueue]] MongoDbEndpoint                INFO  Initialising MongoDb endpoint: Endpoint[mongodb://mongoConnection?collection=none&amp;database=none&amp;dynamicity=true]
[#302 - JmsConsumer[mongoQueue]] ExchangeDelayer                INFO  [c1abb2e2-514d-45b0-a2f8-73cd4fda639c] Waiting for: 500128e6-9b72-4d8e-bcc2-a85ad7e920c2
[#307 - JmsConsumer[mongoQueue]] ExchangeDelayer                INFO  [b9373232-29d2-4270-9365-fcb061f2087c] Waiting for: c1abb2e2-514d-45b0-a2f8-73cd4fda639c
[#302 - JmsConsumer[mongoQueue]] ExchangeDelayer                INFO  [c1abb2e2-514d-45b0-a2f8-73cd4fda639c] Waiting for: 500128e6-9b72-4d8e-bcc2-a85ad7e920c2
[#307 - JmsConsumer[mongoQueue]] ExchangeDelayer                INFO  [b9373232-29d2-4270-9365-fcb061f2087c] Waiting for: c1abb2e2-514d-45b0-a2f8-73cd4fda639c
[#302 - JmsConsumer[mongoQueue]] ExchangeDelayer                INFO  [c1abb2e2-514d-45b0-a2f8-73cd4fda639c] Waiting for: 500128e6-9b72-4d8e-bcc2-a85ad7e920c2
[#307 - JmsConsumer[mongoQueue]] ExchangeDelayer                INFO  [b9373232-29d2-4270-9365-fcb061f2087c] Waiting for: c1abb2e2-514d-45b0-a2f8-73cd4fda639c
[#304 - JmsConsumer[mongoQueue]] DefaultErrorHandler            WARN  Failed delivery for (MessageId: ID:EN61102-54392-1411629140448-25:9:1:1:1 on ExchangeId: ID-EN61102-54393-1411629140859-4-6). On delivery attempt: 0 caught: org.apache.camel.component.mongodb.CamelMongoDbException: com.mongodb.MongoException$Network: Read operation to server /127.0.0.1:27017 failed on database test
[#302 - JmsConsumer[mongoQueue]] ExchangeDelayer                INFO  [c1abb2e2-514d-45b0-a2f8-73cd4fda639c] Waiting for: 500128e6-9b72-4d8e-bcc2-a85ad7e920c2
[#307 - JmsConsumer[mongoQueue]] ExchangeDelayer                INFO  [b9373232-29d2-4270-9365-fcb061f2087c] Waiting for: c1abb2e2-514d-45b0-a2f8-73cd4fda639c
[#302 - JmsConsumer[mongoQueue]] ExchangeDelayer                INFO  [c1abb2e2-514d-45b0-a2f8-73cd4fda639c] Waiting for: 500128e6-9b72-4d8e-bcc2-a85ad7e920c2
[#307 - JmsConsumer[mongoQueue]] ExchangeDelayer                INFO  [b9373232-29d2-4270-9365-fcb061f2087c] Waiting for: c1abb2e2-514d-45b0-a2f8-73cd4fda639c
[#302 - JmsConsumer[mongoQueue]] ExchangeDelayer                INFO  [c1abb2e2-514d-45b0-a2f8-73cd4fda639c] Waiting for: 500128e6-9b72-4d8e-bcc2-a85ad7e920c2
[#307 - JmsConsumer[mongoQueue]] ExchangeDelayer                INFO  [b9373232-29d2-4270-9365-fcb061f2087c] Waiting for: c1abb2e2-514d-45b0-a2f8-73cd4fda639c
[#302 - JmsConsumer[mongoQueue]] ExchangeDelayer                INFO  [c1abb2e2-514d-45b0-a2f8-73cd4fda639c] Waiting for: 500128e6-9b72-4d8e-bcc2-a85ad7e920c2
[#307 - JmsConsumer[mongoQueue]] ExchangeDelayer                INFO  [b9373232-29d2-4270-9365-fcb061f2087c] Waiting for: c1abb2e2-514d-45b0-a2f8-73cd4fda639c
[#302 - JmsConsumer[mongoQueue]] ExchangeDelayer                INFO  [c1abb2e2-514d-45b0-a2f8-73cd4fda639c] Waiting for: 500128e6-9b72-4d8e-bcc2-a85ad7e920c2
[#307 - JmsConsumer[mongoQueue]] ExchangeDelayer                INFO  [b9373232-29d2-4270-9365-fcb061f2087c] Waiting for: c1abb2e2-514d-45b0-a2f8-73cd4fda639c
[4 - ErrorHandlerRedeliveryTask] DefaultErrorHandler            WARN  Failed delivery for (MessageId: ID:EN61102-54392-1411629140448-25:9:1:1:1 on ExchangeId: ID-EN61102-54393-1411629140859-4-6). On delivery attempt: 1 caught: org.apache.camel.component.mongodb.CamelMongoDbException: com.mongodb.MongoException$Network: Read operation to server /127.0.0.1:27017 failed on database test
[4 - ErrorHandlerRedeliveryTask] DefaultErrorHandler            WARN  Failed delivery for (MessageId: ID:EN61102-54392-1411629140448-25:9:1:1:1 on ExchangeId: ID-EN61102-54393-1411629140859-4-6). On delivery attempt: 2 caught: org.apache.camel.component.mongodb.CamelMongoDbException: com.mongodb.MongoException$Network: Read operation to server /127.0.0.1:27017 failed on database test
[7 - JmsConsumer[responseTopic]] route37                        INFO  [500128e6-9b72-4d8e-bcc2-a85ad7e920c2] ResponseCallback Received response
[4 - ErrorHandlerRedeliveryTask] DefaultErrorHandler            ERROR Failed delivery for (MessageId: ID:EN61102-54392-1411629140448-25:9:1:1:1 on ExchangeId: ID-EN61102-54393-1411629140859-4-6). Exhausted after delivery attempt: 3 caught: org.apache.camel.component.mongodb.CamelMongoDbException: com.mongodb.MongoException$Network: Read operation to server /127.0.0.1:27017 failed on database test. Processed by failure processor: FatalFallbackErrorHandler[Pipeline[[Channel[DelegateSync[com.wstester.exceptions.ExceptionProcessor@bf75b5c]], Channel[sendTo(Endpoint[jms://topic:responseTopic])]]]]

Message History
---------------------------------------------------------------------------------------------------------------------------------------
RouteId              ProcessorId          Processor                                                                        Elapsed (ms)
[route35           ] [route35           ] [jms://mongoQueue?asyncConsumer=true&amp;concurrentConsumers=20                    ] [      8119]
[route35           ] [bean19            ] [bean[Routes: []]                                                              ] [         0]
[route35           ] [bean20            ] [bean[com.wstester.dispatcher.mongo.MongoConnection@2bbb44da]                  ] [         1]
[route35           ] [process66         ] [com.wstester.dispatcher.mongo.MongoPreProcessor@2f80cb79                      ] [         0]
[route35           ] [process67         ] [com.wstester.asset.AssetProcessor@4816ee24                                    ] [         0]
[route35           ] [dynamicRouter5    ] [dynamicRouter[bean{com.wstester.dispatcher.mongo.MongoConnection, method=getCo] [      8115]
[                  ] [process64         ] [com.wstester.exceptions.ExceptionProcessor@bf75b5c                            ] [         0]
[                  ] [to40              ] [jms:topic:responseTopic                                                       ] [        14]

Exchange
---------------------------------------------------------------------------------------------------------------------------------------
Exchange[
	Id                  ID-EN61102-54393-1411629140859-4-6
	ExchangePattern     InOnly
	Headers             {breadcrumbId=ID:EN61102-54392-1411629140448-27:1:1:3:1, CamelJmsDeliveryMode=1, CamelMongoDbCollection=customer, CamelMongoDbDatabase=test, CamelMongoDbOperation=findAll, JMSCorrelationID=null, JMSDeliveryMode=2, JMSDestination=queue://mongoQueue, JMSExpiration=0, JMSMessageID=ID:EN61102-54392-1411629140448-25:9:1:1:1, JMSPriority=4, JMSRedelivered=false, JMSReplyTo=null, JMSTimestamp=1411629205618, JMSType=null, JMSXGroupID=null, JMSXUserID=null}
	BodyType            com.wstester.model.Response
	Body                Response [stepID=500128e6-9b72-4d8e-bcc2-a85ad7e920c2, content=null, status=FAILED, errorMessage=CamelMongoDbException:com.mongodb.MongoException$Network: Read operation to server /127.0.0.1:27017 failed on database test]
]

Stacktrace
---------------------------------------------------------------------------------------------------------------------------------------
org.apache.camel.component.mongodb.CamelMongoDbException: com.mongodb.MongoException$Network: Read operation to server /127.0.0.1:27017 failed on database test
	at org.apache.camel.component.mongodb.MongoDbComponent.wrapInCamelMongoDbException(MongoDbComponent.java:75)[camel-mongodb-2.13.2.jar:2.13.2]
	at org.apache.camel.component.mongodb.MongoDbProducer.process(MongoDbProducer.java:74)[camel-mongodb-2.13.2.jar:2.13.2]
	at org.apache.camel.util.AsyncProcessorConverterHelper$ProcessorToAsyncProcessorBridge.process(AsyncProcessorConverterHelper.java:61)[camel-core-2.13.2.jar:2.13.2]
	at org.apache.camel.processor.RoutingSlip$2.doInAsyncProducer(RoutingSlip.java:301)[camel-core-2.13.2.jar:2.13.2]
	at org.apache.camel.impl.ProducerCache.doInAsyncProducer(ProducerCache.java:307)[camel-core-2.13.2.jar:2.13.2]
	at org.apache.camel.processor.RoutingSlip.processExchange(RoutingSlip.java:294)[camel-core-2.13.2.jar:2.13.2]
	at org.apache.camel.processor.RoutingSlip.doRoutingSlip(RoutingSlip.java:215)[camel-core-2.13.2.jar:2.13.2]
	at org.apache.camel.processor.RoutingSlip.process(RoutingSlip.java:146)[camel-core-2.13.2.jar:2.13.2]
	at org.apache.camel.processor.RedeliveryErrorHandler$AsyncRedeliveryTask.call(RedeliveryErrorHandler.java:131)[camel-core-2.13.2.jar:2.13.2]
	at org.apache.camel.processor.RedeliveryErrorHandler$AsyncRedeliveryTask.call(RedeliveryErrorHandler.java:99)[camel-core-2.13.2.jar:2.13.2]
	at java.util.concurrent.FutureTask.run(FutureTask.java:266)[:1.8.0_05]
	at java.util.concurrent.ScheduledThreadPoolExecutor$ScheduledFutureTask.access$201(ScheduledThreadPoolExecutor.java:180)[:1.8.0_05]
	at java.util.concurrent.ScheduledThreadPoolExecutor$ScheduledFutureTask.run(ScheduledThreadPoolExecutor.java:293)[:1.8.0_05]
	at java.util.concurrent.ThreadPoolExecutor.runWorker(ThreadPoolExecutor.java:1142)[:1.8.0_05]
	at java.util.concurrent.ThreadPoolExecutor$Worker.run(ThreadPoolExecutor.java:617)[:1.8.0_05]
	at java.lang.Thread.run(Thread.java:745)[:1.8.0_05]
[                          main] ResponseCallback               INFO  [500128e6-9b72-4d8e-bcc2-a85ad7e920c2] Response sent: Response [stepID=500128e6-9b72-4d8e-bcc2-a85ad7e920c2, content=null, status=FAILED, errorMessage=CamelMongoDbException:com.mongodb.MongoException$Network: Read operation to server /127.0.0.1:27017 failed on database test]
[                          main] TestRunner                     INFO  [500128e6-9b72-4d8e-bcc2-a85ad7e920c2] Response [stepID=500128e6-9b72-4d8e-bcc2-a85ad7e920c2, content=null, status=FAILED, errorMessage=CamelMongoDbException:com.mongodb.MongoException$Network: Read operation to server /127.0.0.1:27017 failed on database test]
[338 - JmsConsumer[finishTopic]] route38                        INFO  [4596537e-ea33-4575-8e22-fe565c68b3b1] received finish message
[296 - JmsConsumer[finishTopic]] route34                        INFO  [4596537e-ea33-4575-8e22-fe565c68b3b1] received finish message
[402 - JmsConsumer[finishTopic]] route45                        INFO  [4596537e-ea33-4575-8e22-fe565c68b3b1] received finish message
[#302 - JmsConsumer[mongoQueue]] ExchangeDelayer                INFO  [c1abb2e2-514d-45b0-a2f8-73cd4fda639c] Waiting for: 500128e6-9b72-4d8e-bcc2-a85ad7e920c2
[#307 - JmsConsumer[mongoQueue]] ExchangeDelayer                INFO  [b9373232-29d2-4270-9365-fcb061f2087c] Waiting for: c1abb2e2-514d-45b0-a2f8-73cd4fda639c
[                          main] TestBaseClass                  INFO  ********************************************************************************
[                          main] TestBaseClass                  INFO  Done testing: insertOneRow(com.wstester.camel.mongo.InsertTest)
[                          main] TestBaseClass                  INFO  ********************************************************************************
</system-out>
    <system-err>Sep 25, 2014 10:13:26 AM com.mongodb.DBTCPConnector initDirectConnection
WARNING: Exception executing isMaster command on /127.0.0.1:27017
java.net.ConnectException: Connection refused: connect
	at java.net.DualStackPlainSocketImpl.waitForConnect(Native Method)
	at java.net.DualStackPlainSocketImpl.socketConnect(DualStackPlainSocketImpl.java:85)
	at java.net.AbstractPlainSocketImpl.doConnect(AbstractPlainSocketImpl.java:345)
	at java.net.AbstractPlainSocketImpl.connectToAddress(AbstractPlainSocketImpl.java:206)
	at java.net.AbstractPlainSocketImpl.connect(AbstractPlainSocketImpl.java:188)
	at java.net.PlainSocketImpl.connect(PlainSocketImpl.java:172)
	at java.net.SocksSocketImpl.connect(SocksSocketImpl.java:392)
	at java.net.Socket.connect(Socket.java:589)
	at com.mongodb.DBPort._open(DBPort.java:223)
	at com.mongodb.DBPort.go(DBPort.java:125)
	at com.mongodb.DBPort.go(DBPort.java:106)
	at com.mongodb.DBPort.findOne(DBPort.java:162)
	at com.mongodb.DBPort.runCommand(DBPort.java:170)
	at com.mongodb.DBTCPConnector.initDirectConnection(DBTCPConnector.java:547)
	at com.mongodb.DBTCPConnector.isMongosConnection(DBTCPConnector.java:334)
	at com.mongodb.Mongo.isMongosConnection(Mongo.java:618)
	at com.mongodb.DB.wrapCommand(DB.java:282)
	at com.mongodb.DB.command(DB.java:260)
	at com.mongodb.DB.command(DB.java:244)
	at com.mongodb.DB.command(DB.java:301)
	at com.mongodb.DB.command(DB.java:199)
	at com.mongodb.DBCollection.dropIndexes(DBCollection.java:844)
	at com.mongodb.DBCollection.dropIndexes(DBCollection.java:828)
	at org.apache.camel.component.mongodb.MongoDbEndpoint.ensureIndex(MongoDbEndpoint.java:196)
	at org.apache.camel.component.mongodb.MongoDbProducer.calculateCollection(MongoDbProducer.java:421)
	at org.apache.camel.component.mongodb.MongoDbProducer.doFindAll(MongoDbProducer.java:269)
	at org.apache.camel.component.mongodb.MongoDbProducer.invokeOperation(MongoDbProducer.java:101)
	at org.apache.camel.component.mongodb.MongoDbProducer.process(MongoDbProducer.java:72)
	at org.apache.camel.util.AsyncProcessorConverterHelper$ProcessorToAsyncProcessorBridge.process(AsyncProcessorConverterHelper.java:61)
	at org.apache.camel.processor.RoutingSlip$2.doInAsyncProducer(RoutingSlip.java:301)
	at org.apache.camel.impl.ProducerCache.doInAsyncProducer(ProducerCache.java:307)
	at org.apache.camel.processor.RoutingSlip.processExchange(RoutingSlip.java:294)
	at org.apache.camel.processor.RoutingSlip.doRoutingSlip(RoutingSlip.java:215)
	at org.apache.camel.processor.RoutingSlip.process(RoutingSlip.java:146)
	at org.apache.camel.processor.RedeliveryErrorHandler.process(RedeliveryErrorHandler.java:398)
	at org.apache.camel.processor.CamelInternalProcessor.process(CamelInternalProcessor.java:191)
	at org.apache.camel.processor.Pipeline.process(Pipeline.java:118)
	at org.apache.camel.processor.Pipeline.process(Pipeline.java:80)
	at org.apache.camel.processor.CamelInternalProcessor.process(CamelInternalProcessor.java:191)
	at org.apache.camel.component.jms.EndpointMessageListener.onMessage(EndpointMessageListener.java:114)
	at org.springframework.jms.listener.AbstractMessageListenerContainer.doInvokeListener(AbstractMessageListenerContainer.java:562)
	at org.springframework.jms.listener.AbstractMessageListenerContainer.invokeListener(AbstractMessageListenerContainer.java:500)
	at org.springframework.jms.listener.AbstractMessageListenerContainer.doExecuteListener(AbstractMessageListenerContainer.java:468)
	at org.springframework.jms.listener.AbstractPollingMessageListenerContainer.doReceiveAndExecute(AbstractPollingMessageListenerContainer.java:325)
	at org.springframework.jms.listener.AbstractPollingMessageListenerContainer.receiveAndExecute(AbstractPollingMessageListenerContainer.java:263)
	at org.springframework.jms.listener.DefaultMessageListenerContainer$AsyncMessageListenerInvoker.invokeListener(DefaultMessageListenerContainer.java:1101)
	at org.springframework.jms.listener.DefaultMessageListenerContainer$AsyncMessageListenerInvoker.executeOngoingLoop(DefaultMessageListenerContainer.java:1093)
	at org.springframework.jms.listener.DefaultMessageListenerContainer$AsyncMessageListenerInvoker.run(DefaultMessageListenerContainer.java:990)
	at java.util.concurrent.ThreadPoolExecutor.runWorker(ThreadPoolExecutor.java:1142)
	at java.util.concurrent.ThreadPoolExecutor$Worker.run(ThreadPoolExecutor.java:617)
	at java.lang.Thread.run(Thread.java:745)

Sep 25, 2014 10:13:27 AM com.mongodb.DBTCPConnector initDirectConnection
WARNING: Exception executing isMaster command on /127.0.0.1:27017
java.net.ConnectException: Connection refused: connect
	at java.net.DualStackPlainSocketImpl.waitForConnect(Native Method)
	at java.net.DualStackPlainSocketImpl.socketConnect(DualStackPlainSocketImpl.java:85)
	at java.net.AbstractPlainSocketImpl.doConnect(AbstractPlainSocketImpl.java:345)
	at java.net.AbstractPlainSocketImpl.connectToAddress(AbstractPlainSocketImpl.java:206)
	at java.net.AbstractPlainSocketImpl.connect(AbstractPlainSocketImpl.java:188)
	at java.net.PlainSocketImpl.connect(PlainSocketImpl.java:172)
	at java.net.SocksSocketImpl.connect(SocksSocketImpl.java:392)
	at java.net.Socket.connect(Socket.java:589)
	at com.mongodb.DBPort._open(DBPort.java:223)
	at com.mongodb.DBPort.go(DBPort.java:125)
	at com.mongodb.DBPort.go(DBPort.java:106)
	at com.mongodb.DBPort.findOne(DBPort.java:162)
	at com.mongodb.DBPort.runCommand(DBPort.java:170)
	at com.mongodb.DBTCPConnector.initDirectConnection(DBTCPConnector.java:547)
	at com.mongodb.DBTCPConnector.checkMaster(DBTCPConnector.java:526)
	at com.mongodb.DBTCPConnector.innerCall(DBTCPConnector.java:236)
	at com.mongodb.DBTCPConnector.call(DBTCPConnector.java:216)
	at com.mongodb.DBApiLayer$MyCollection.__find(DBApiLayer.java:288)
	at com.mongodb.DB.command(DB.java:262)
	at com.mongodb.DB.command(DB.java:244)
	at com.mongodb.DB.command(DB.java:301)
	at com.mongodb.DB.command(DB.java:199)
	at com.mongodb.DBCollection.dropIndexes(DBCollection.java:844)
	at com.mongodb.DBCollection.dropIndexes(DBCollection.java:828)
	at org.apache.camel.component.mongodb.MongoDbEndpoint.ensureIndex(MongoDbEndpoint.java:196)
	at org.apache.camel.component.mongodb.MongoDbProducer.calculateCollection(MongoDbProducer.java:421)
	at org.apache.camel.component.mongodb.MongoDbProducer.doFindAll(MongoDbProducer.java:269)
	at org.apache.camel.component.mongodb.MongoDbProducer.invokeOperation(MongoDbProducer.java:101)
	at org.apache.camel.component.mongodb.MongoDbProducer.process(MongoDbProducer.java:72)
	at org.apache.camel.util.AsyncProcessorConverterHelper$ProcessorToAsyncProcessorBridge.process(AsyncProcessorConverterHelper.java:61)
	at org.apache.camel.processor.RoutingSlip$2.doInAsyncProducer(RoutingSlip.java:301)
	at org.apache.camel.impl.ProducerCache.doInAsyncProducer(ProducerCache.java:307)
	at org.apache.camel.processor.RoutingSlip.processExchange(RoutingSlip.java:294)
	at org.apache.camel.processor.RoutingSlip.doRoutingSlip(RoutingSlip.java:215)
	at org.apache.camel.processor.RoutingSlip.process(RoutingSlip.java:146)
	at org.apache.camel.processor.RedeliveryErrorHandler.process(RedeliveryErrorHandler.java:398)
	at org.apache.camel.processor.CamelInternalProcessor.process(CamelInternalProcessor.java:191)
	at org.apache.camel.processor.Pipeline.process(Pipeline.java:118)
	at org.apache.camel.processor.Pipeline.process(Pipeline.java:80)
	at org.apache.camel.processor.CamelInternalProcessor.process(CamelInternalProcessor.java:191)
	at org.apache.camel.component.jms.EndpointMessageListener.onMessage(EndpointMessageListener.java:114)
	at org.springframework.jms.listener.AbstractMessageListenerContainer.doInvokeListener(AbstractMessageListenerContainer.java:562)
	at org.springframework.jms.listener.AbstractMessageListenerContainer.invokeListener(AbstractMessageListenerContainer.java:500)
	at org.springframework.jms.listener.AbstractMessageListenerContainer.doExecuteListener(AbstractMessageListenerContainer.java:468)
	at org.springframework.jms.listener.AbstractPollingMessageListenerContainer.doReceiveAndExecute(AbstractPollingMessageListenerContainer.java:325)
	at org.springframework.jms.listener.AbstractPollingMessageListenerContainer.receiveAndExecute(AbstractPollingMessageListenerContainer.java:263)
	at org.springframework.jms.listener.DefaultMessageListenerContainer$AsyncMessageListenerInvoker.invokeListener(DefaultMessageListenerContainer.java:1101)
	at org.springframework.jms.listener.DefaultMessageListenerContainer$AsyncMessageListenerInvoker.executeOngoingLoop(DefaultMessageListenerContainer.java:1093)
	at org.springframework.jms.listener.DefaultMessageListenerContainer$AsyncMessageListenerInvoker.run(DefaultMessageListenerContainer.java:990)
	at java.util.concurrent.ThreadPoolExecutor.runWorker(ThreadPoolExecutor.java:1142)
	at java.util.concurrent.ThreadPoolExecutor$Worker.run(ThreadPoolExecutor.java:617)
	at java.lang.Thread.run(Thread.java:745)

Sep 25, 2014 10:13:28 AM com.mongodb.DBPortPool gotError
WARNING: emptying DBPortPool to /127.0.0.1:27017 b/c of error
java.net.ConnectException: Connection refused: connect
	at java.net.DualStackPlainSocketImpl.waitForConnect(Native Method)
	at java.net.DualStackPlainSocketImpl.socketConnect(DualStackPlainSocketImpl.java:85)
	at java.net.AbstractPlainSocketImpl.doConnect(AbstractPlainSocketImpl.java:345)
	at java.net.AbstractPlainSocketImpl.connectToAddress(AbstractPlainSocketImpl.java:206)
	at java.net.AbstractPlainSocketImpl.connect(AbstractPlainSocketImpl.java:188)
	at java.net.PlainSocketImpl.connect(PlainSocketImpl.java:172)
	at java.net.SocksSocketImpl.connect(SocksSocketImpl.java:392)
	at java.net.Socket.connect(Socket.java:589)
	at com.mongodb.DBPort._open(DBPort.java:223)
	at com.mongodb.DBPort.go(DBPort.java:125)
	at com.mongodb.DBPort.call(DBPort.java:92)
	at com.mongodb.DBTCPConnector.innerCall(DBTCPConnector.java:244)
	at com.mongodb.DBTCPConnector.call(DBTCPConnector.java:216)
	at com.mongodb.DBApiLayer$MyCollection.__find(DBApiLayer.java:288)
	at com.mongodb.DB.command(DB.java:262)
	at com.mongodb.DB.command(DB.java:244)
	at com.mongodb.DB.command(DB.java:301)
	at com.mongodb.DB.command(DB.java:199)
	at com.mongodb.DBCollection.dropIndexes(DBCollection.java:844)
	at com.mongodb.DBCollection.dropIndexes(DBCollection.java:828)
	at org.apache.camel.component.mongodb.MongoDbEndpoint.ensureIndex(MongoDbEndpoint.java:196)
	at org.apache.camel.component.mongodb.MongoDbProducer.calculateCollection(MongoDbProducer.java:421)
	at org.apache.camel.component.mongodb.MongoDbProducer.doFindAll(MongoDbProducer.java:269)
	at org.apache.camel.component.mongodb.MongoDbProducer.invokeOperation(MongoDbProducer.java:101)
	at org.apache.camel.component.mongodb.MongoDbProducer.process(MongoDbProducer.java:72)
	at org.apache.camel.util.AsyncProcessorConverterHelper$ProcessorToAsyncProcessorBridge.process(AsyncProcessorConverterHelper.java:61)
	at org.apache.camel.processor.RoutingSlip$2.doInAsyncProducer(RoutingSlip.java:301)
	at org.apache.camel.impl.ProducerCache.doInAsyncProducer(ProducerCache.java:307)
	at org.apache.camel.processor.RoutingSlip.processExchange(RoutingSlip.java:294)
	at org.apache.camel.processor.RoutingSlip.doRoutingSlip(RoutingSlip.java:215)
	at org.apache.camel.processor.RoutingSlip.process(RoutingSlip.java:146)
	at org.apache.camel.processor.RedeliveryErrorHandler.process(RedeliveryErrorHandler.java:398)
	at org.apache.camel.processor.CamelInternalProcessor.process(CamelInternalProcessor.java:191)
	at org.apache.camel.processor.Pipeline.process(Pipeline.java:118)
	at org.apache.camel.processor.Pipeline.process(Pipeline.java:80)
	at org.apache.camel.processor.CamelInternalProcessor.process(CamelInternalProcessor.java:191)
	at org.apache.camel.component.jms.EndpointMessageListener.onMessage(EndpointMessageListener.java:114)
	at org.springframework.jms.listener.AbstractMessageListenerContainer.doInvokeListener(AbstractMessageListenerContainer.java:562)
	at org.springframework.jms.listener.AbstractMessageListenerContainer.invokeListener(AbstractMessageListenerContainer.java:500)
	at org.springframework.jms.listener.AbstractMessageListenerContainer.doExecuteListener(AbstractMessageListenerContainer.java:468)
	at org.springframework.jms.listener.AbstractPollingMessageListenerContainer.doReceiveAndExecute(AbstractPollingMessageListenerContainer.java:325)
	at org.springframework.jms.listener.AbstractPollingMessageListenerContainer.receiveAndExecute(AbstractPollingMessageListenerContainer.java:263)
	at org.springframework.jms.listener.DefaultMessageListenerContainer$AsyncMessageListenerInvoker.invokeListener(DefaultMessageListenerContainer.java:1101)
	at org.springframework.jms.listener.DefaultMessageListenerContainer$AsyncMessageListenerInvoker.executeOngoingLoop(DefaultMessageListenerContainer.java:1093)
	at org.springframework.jms.listener.DefaultMessageListenerContainer$AsyncMessageListenerInvoker.run(DefaultMessageListenerContainer.java:990)
	at java.util.concurrent.ThreadPoolExecutor.runWorker(ThreadPoolExecutor.java:1142)
	at java.util.concurrent.ThreadPoolExecutor$Worker.run(ThreadPoolExecutor.java:617)
	at java.lang.Thread.run(Thread.java:745)

Sep 25, 2014 10:13:31 AM com.mongodb.DBTCPConnector initDirectConnection
WARNING: Exception executing isMaster command on /127.0.0.1:27017
java.net.ConnectException: Connection refused: connect
	at java.net.DualStackPlainSocketImpl.waitForConnect(Native Method)
	at java.net.DualStackPlainSocketImpl.socketConnect(DualStackPlainSocketImpl.java:85)
	at java.net.AbstractPlainSocketImpl.doConnect(AbstractPlainSocketImpl.java:345)
	at java.net.AbstractPlainSocketImpl.connectToAddress(AbstractPlainSocketImpl.java:206)
	at java.net.AbstractPlainSocketImpl.connect(AbstractPlainSocketImpl.java:188)
	at java.net.PlainSocketImpl.connect(PlainSocketImpl.java:172)
	at java.net.SocksSocketImpl.connect(SocksSocketImpl.java:392)
	at java.net.Socket.connect(Socket.java:589)
	at com.mongodb.DBPort._open(DBPort.java:223)
	at com.mongodb.DBPort.go(DBPort.java:125)
	at com.mongodb.DBPort.go(DBPort.java:106)
	at com.mongodb.DBPort.findOne(DBPort.java:162)
	at com.mongodb.DBPort.runCommand(DBPort.java:170)
	at com.mongodb.DBTCPConnector.initDirectConnection(DBTCPConnector.java:547)
	at com.mongodb.DBTCPConnector.isMongosConnection(DBTCPConnector.java:334)
	at com.mongodb.Mongo.isMongosConnection(Mongo.java:618)
	at com.mongodb.DB.wrapCommand(DB.java:282)
	at com.mongodb.DB.command(DB.java:260)
	at com.mongodb.DB.command(DB.java:244)
	at com.mongodb.DB.command(DB.java:301)
	at com.mongodb.DB.command(DB.java:199)
	at com.mongodb.DBCollection.dropIndexes(DBCollection.java:844)
	at com.mongodb.DBCollection.dropIndexes(DBCollection.java:828)
	at org.apache.camel.component.mongodb.MongoDbEndpoint.ensureIndex(MongoDbEndpoint.java:196)
	at org.apache.camel.component.mongodb.MongoDbProducer.calculateCollection(MongoDbProducer.java:421)
	at org.apache.camel.component.mongodb.MongoDbProducer.doFindAll(MongoDbProducer.java:269)
	at org.apache.camel.component.mongodb.MongoDbProducer.invokeOperation(MongoDbProducer.java:101)
	at org.apache.camel.component.mongodb.MongoDbProducer.process(MongoDbProducer.java:72)
	at org.apache.camel.util.AsyncProcessorConverterHelper$ProcessorToAsyncProcessorBridge.process(AsyncProcessorConverterHelper.java:61)
	at org.apache.camel.processor.RoutingSlip$2.doInAsyncProducer(RoutingSlip.java:301)
	at org.apache.camel.impl.ProducerCache.doInAsyncProducer(ProducerCache.java:307)
	at org.apache.camel.processor.RoutingSlip.processExchange(RoutingSlip.java:294)
	at org.apache.camel.processor.RoutingSlip.doRoutingSlip(RoutingSlip.java:215)
	at org.apache.camel.processor.RoutingSlip.process(RoutingSlip.java:146)
	at org.apache.camel.processor.RedeliveryErrorHandler$AsyncRedeliveryTask.call(RedeliveryErrorHandler.java:131)
	at org.apache.camel.processor.RedeliveryErrorHandler$AsyncRedeliveryTask.call(RedeliveryErrorHandler.java:99)
	at java.util.concurrent.FutureTask.run(FutureTask.java:266)
	at java.util.concurrent.ScheduledThreadPoolExecutor$ScheduledFutureTask.access$201(ScheduledThreadPoolExecutor.java:180)
	at java.util.concurrent.ScheduledThreadPoolExecutor$ScheduledFutureTask.run(ScheduledThreadPoolExecutor.java:293)
	at java.util.concurrent.ThreadPoolExecutor.runWorker(ThreadPoolExecutor.java:1142)
	at java.util.concurrent.ThreadPoolExecutor$Worker.run(ThreadPoolExecutor.java:617)
	at java.lang.Thread.run(Thread.java:745)

Sep 25, 2014 10:13:32 AM com.mongodb.DBTCPConnector initDirectConnection
WARNING: Exception executing isMaster command on /127.0.0.1:27017
java.net.ConnectException: Connection refused: connect
	at java.net.DualStackPlainSocketImpl.waitForConnect(Native Method)
	at java.net.DualStackPlainSocketImpl.socketConnect(DualStackPlainSocketImpl.java:85)
	at java.net.AbstractPlainSocketImpl.doConnect(AbstractPlainSocketImpl.java:345)
	at java.net.AbstractPlainSocketImpl.connectToAddress(AbstractPlainSocketImpl.java:206)
	at java.net.AbstractPlainSocketImpl.connect(AbstractPlainSocketImpl.java:188)
	at java.net.PlainSocketImpl.connect(PlainSocketImpl.java:172)
	at java.net.SocksSocketImpl.connect(SocksSocketImpl.java:392)
	at java.net.Socket.connect(Socket.java:589)
	at com.mongodb.DBPort._open(DBPort.java:223)
	at com.mongodb.DBPort.go(DBPort.java:125)
	at com.mongodb.DBPort.go(DBPort.java:106)
	at com.mongodb.DBPort.findOne(DBPort.java:162)
	at com.mongodb.DBPort.runCommand(DBPort.java:170)
	at com.mongodb.DBTCPConnector.initDirectConnection(DBTCPConnector.java:547)
	at com.mongodb.DBTCPConnector.checkMaster(DBTCPConnector.java:526)
	at com.mongodb.DBTCPConnector.innerCall(DBTCPConnector.java:236)
	at com.mongodb.DBTCPConnector.call(DBTCPConnector.java:216)
	at com.mongodb.DBApiLayer$MyCollection.__find(DBApiLayer.java:288)
	at com.mongodb.DB.command(DB.java:262)
	at com.mongodb.DB.command(DB.java:244)
	at com.mongodb.DB.command(DB.java:301)
	at com.mongodb.DB.command(DB.java:199)
	at com.mongodb.DBCollection.dropIndexes(DBCollection.java:844)
	at com.mongodb.DBCollection.dropIndexes(DBCollection.java:828)
	at org.apache.camel.component.mongodb.MongoDbEndpoint.ensureIndex(MongoDbEndpoint.java:196)
	at org.apache.camel.component.mongodb.MongoDbProducer.calculateCollection(MongoDbProducer.java:421)
	at org.apache.camel.component.mongodb.MongoDbProducer.doFindAll(MongoDbProducer.java:269)
	at org.apache.camel.component.mongodb.MongoDbProducer.invokeOperation(MongoDbProducer.java:101)
	at org.apache.camel.component.mongodb.MongoDbProducer.process(MongoDbProducer.java:72)
	at org.apache.camel.util.AsyncProcessorConverterHelper$ProcessorToAsyncProcessorBridge.process(AsyncProcessorConverterHelper.java:61)
	at org.apache.camel.processor.RoutingSlip$2.doInAsyncProducer(RoutingSlip.java:301)
	at org.apache.camel.impl.ProducerCache.doInAsyncProducer(ProducerCache.java:307)
	at org.apache.camel.processor.RoutingSlip.processExchange(RoutingSlip.java:294)
	at org.apache.camel.processor.RoutingSlip.doRoutingSlip(RoutingSlip.java:215)
	at org.apache.camel.processor.RoutingSlip.process(RoutingSlip.java:146)
	at org.apache.camel.processor.RedeliveryErrorHandler$AsyncRedeliveryTask.call(RedeliveryErrorHandler.java:131)
	at org.apache.camel.processor.RedeliveryErrorHandler$AsyncRedeliveryTask.call(RedeliveryErrorHandler.java:99)
	at java.util.concurrent.FutureTask.run(FutureTask.java:266)
	at java.util.concurrent.ScheduledThreadPoolExecutor$ScheduledFutureTask.access$201(ScheduledThreadPoolExecutor.java:180)
	at java.util.concurrent.ScheduledThreadPoolExecutor$ScheduledFutureTask.run(ScheduledThreadPoolExecutor.java:293)
	at java.util.concurrent.ThreadPoolExecutor.runWorker(ThreadPoolExecutor.java:1142)
	at java.util.concurrent.ThreadPoolExecutor$Worker.run(ThreadPoolExecutor.java:617)
	at java.lang.Thread.run(Thread.java:745)

Sep 25, 2014 10:13:33 AM com.mongodb.DBPortPool gotError
WARNING: emptying DBPortPool to /127.0.0.1:27017 b/c of error
java.net.ConnectException: Connection refused: connect
	at java.net.DualStackPlainSocketImpl.waitForConnect(Native Method)
	at java.net.DualStackPlainSocketImpl.socketConnect(DualStackPlainSocketImpl.java:85)
	at java.net.AbstractPlainSocketImpl.doConnect(AbstractPlainSocketImpl.java:345)
	at java.net.AbstractPlainSocketImpl.connectToAddress(AbstractPlainSocketImpl.java:206)
	at java.net.AbstractPlainSocketImpl.connect(AbstractPlainSocketImpl.java:188)
	at java.net.PlainSocketImpl.connect(PlainSocketImpl.java:172)
	at java.net.SocksSocketImpl.connect(SocksSocketImpl.java:392)
	at java.net.Socket.connect(Socket.java:589)
	at com.mongodb.DBPort._open(DBPort.java:223)
	at com.mongodb.DBPort.go(DBPort.java:125)
	at com.mongodb.DBPort.call(DBPort.java:92)
	at com.mongodb.DBTCPConnector.innerCall(DBTCPConnector.java:244)
	at com.mongodb.DBTCPConnector.call(DBTCPConnector.java:216)
	at com.mongodb.DBApiLayer$MyCollection.__find(DBApiLayer.java:288)
	at com.mongodb.DB.command(DB.java:262)
	at com.mongodb.DB.command(DB.java:244)
	at com.mongodb.DB.command(DB.java:301)
	at com.mongodb.DB.command(DB.java:199)
	at com.mongodb.DBCollection.dropIndexes(DBCollection.java:844)
	at com.mongodb.DBCollection.dropIndexes(DBCollection.java:828)
	at org.apache.camel.component.mongodb.MongoDbEndpoint.ensureIndex(MongoDbEndpoint.java:196)
	at org.apache.camel.component.mongodb.MongoDbProducer.calculateCollection(MongoDbProducer.java:421)
	at org.apache.camel.component.mongodb.MongoDbProducer.doFindAll(MongoDbProducer.java:269)
	at org.apache.camel.component.mongodb.MongoDbProducer.invokeOperation(MongoDbProducer.java:101)
	at org.apache.camel.component.mongodb.MongoDbProducer.process(MongoDbProducer.java:72)
	at org.apache.camel.util.AsyncProcessorConverterHelper$ProcessorToAsyncProcessorBridge.process(AsyncProcessorConverterHelper.java:61)
	at org.apache.camel.processor.RoutingSlip$2.doInAsyncProducer(RoutingSlip.java:301)
	at org.apache.camel.impl.ProducerCache.doInAsyncProducer(ProducerCache.java:307)
	at org.apache.camel.processor.RoutingSlip.processExchange(RoutingSlip.java:294)
	at org.apache.camel.processor.RoutingSlip.doRoutingSlip(RoutingSlip.java:215)
	at org.apache.camel.processor.RoutingSlip.process(RoutingSlip.java:146)
	at org.apache.camel.processor.RedeliveryErrorHandler$AsyncRedeliveryTask.call(RedeliveryErrorHandler.java:131)
	at org.apache.camel.processor.RedeliveryErrorHandler$AsyncRedeliveryTask.call(RedeliveryErrorHandler.java:99)
	at java.util.concurrent.FutureTask.run(FutureTask.java:266)
	at java.util.concurrent.ScheduledThreadPoolExecutor$ScheduledFutureTask.access$201(ScheduledThreadPoolExecutor.java:180)
	at java.util.concurrent.ScheduledThreadPoolExecutor$ScheduledFutureTask.run(ScheduledThreadPoolExecutor.java:293)
	at java.util.concurrent.ThreadPoolExecutor.runWorker(ThreadPoolExecutor.java:1142)
	at java.util.concurrent.ThreadPoolExecutor$Worker.run(ThreadPoolExecutor.java:617)
	at java.lang.Thread.run(Thread.java:745)

</system-err>
  </testcase>
</testsuite>