<?xml version="1.0" encoding="UTF-8" ?>
<testsuite tests="1" failures="0" name="com.wstester.camel.mysql.InsertTest" time="25.01" errors="1" skipped="0">
  <properties>
[...]
</properties>
  <testcase classname="com.wstester.camel.mysql.InsertTest" name="insertTest" time="25.01">
    <error type="java.lang.NullPointerException">java.lang.NullPointerException
	at com.wstester.camel.mysql.InsertTest.insertTest(InsertTest.java:29)
	at sun.reflect.NativeMethodAccessorImpl.invoke0(Native Method)
	at sun.reflect.NativeMethodAccessorImpl.invoke(NativeMethodAccessorImpl.java:62)
	at sun.reflect.DelegatingMethodAccessorImpl.invoke(DelegatingMethodAccessorImpl.java:43)
	at java.lang.reflect.Method.invoke(Method.java:483)
	at org.junit.runners.model.FrameworkMethod$1.runReflectiveCall(FrameworkMethod.java:47)
	at org.junit.internal.runners.model.ReflectiveCallable.run(ReflectiveCallable.java:12)
	at org.junit.runners.model.FrameworkMethod.invokeExplosively(FrameworkMethod.java:44)
	at org.junit.internal.runners.statements.InvokeMethod.evaluate(InvokeMethod.java:17)
	at org.junit.internal.runners.statements.RunAfters.evaluate(RunAfters.java:27)
	at org.junit.rules.TestWatcher$1.evaluate(TestWatcher.java:55)
	at org.junit.rules.RunRules.evaluate(RunRules.java:20)
	at org.junit.runners.ParentRunner.runLeaf(ParentRunner.java:271)
	at org.junit.runners.BlockJUnit4ClassRunner.runChild(BlockJUnit4ClassRunner.java:70)
	at org.junit.runners.BlockJUnit4ClassRunner.runChild(BlockJUnit4ClassRunner.java:50)
	at org.junit.runners.ParentRunner$3.run(ParentRunner.java:238)
	at org.junit.runners.ParentRunner$1.schedule(ParentRunner.java:63)
	at org.junit.runners.ParentRunner.runChildren(ParentRunner.java:236)
	at org.junit.runners.ParentRunner.access$000(ParentRunner.java:53)
	at org.junit.runners.ParentRunner$2.evaluate(ParentRunner.java:229)
	at org.junit.internal.runners.statements.RunBefores.evaluate(RunBefores.java:26)
	at org.junit.internal.runners.statements.RunAfters.evaluate(RunAfters.java:27)
	at org.junit.runners.ParentRunner.run(ParentRunner.java:309)
	at org.apache.maven.surefire.junit4.JUnit4Provider.execute(JUnit4Provider.java:252)
	at org.apache.maven.surefire.junit4.JUnit4Provider.executeTestSet(JUnit4Provider.java:141)
	at org.apache.maven.surefire.junit4.JUnit4Provider.invoke(JUnit4Provider.java:112)
	at sun.reflect.NativeMethodAccessorImpl.invoke0(Native Method)
	at sun.reflect.NativeMethodAccessorImpl.invoke(NativeMethodAccessorImpl.java:62)
	at sun.reflect.DelegatingMethodAccessorImpl.invoke(DelegatingMethodAccessorImpl.java:43)
	at java.lang.reflect.Method.invoke(Method.java:483)
	at org.apache.maven.surefire.util.ReflectionUtils.invokeMethodWithArray(ReflectionUtils.java:189)
	at org.apache.maven.surefire.booter.ProviderFactory$ProviderProxy.invoke(ProviderFactory.java:165)
	at org.apache.maven.surefire.booter.ProviderFactory.invokeProvider(ProviderFactory.java:85)
	at org.apache.maven.surefire.booter.ForkedBooter.runSuitesInProcess(ForkedBooter.java:115)
	at org.apache.maven.surefire.booter.ForkedBooter.main(ForkedBooter.java:75)
</error>
    <system-out>[                          main] SpringCamelContext             INFO  Apache Camel 2.13.2 (CamelContext: camel) is shutting down
[                          main] DefaultShutdownStrategy        INFO  Starting to graceful shutdown 14 routes (timeout 300 seconds)
[el) thread #522 - ShutdownTask] DefaultShutdownStrategy        INFO  Route: route60 shutdown complete, was consuming from: Endpoint[jms://assetQueue]
[el) thread #522 - ShutdownTask] DefaultShutdownStrategy        INFO  Route: route59 shutdown complete, was consuming from: Endpoint[jms://topic:finishTopic]
[el) thread #522 - ShutdownTask] DefaultShutdownStrategy        INFO  Route: route58 shutdown complete, was consuming from: Endpoint[jms://variableQueue]
[el) thread #522 - ShutdownTask] DefaultShutdownStrategy        INFO  Route: route57 shutdown complete, was consuming from: Endpoint[jms://mockingQueue]
[el) thread #522 - ShutdownTask] DefaultShutdownStrategy        INFO  Route: route56 shutdown complete, was consuming from: Endpoint[jms://soapQueue?asyncConsumer=true&amp;concurrentConsumers=20]
[el) thread #522 - ShutdownTask] DefaultShutdownStrategy        INFO  Route: route55 shutdown complete, was consuming from: Endpoint[jms://startQueue?asyncConsumer=true&amp;concurrentConsumers=20]
[el) thread #522 - ShutdownTask] DefaultShutdownStrategy        INFO  Route: route54 shutdown complete, was consuming from: Endpoint[jms://restQueue?asyncConsumer=true&amp;concurrentConsumers=20]
[el) thread #522 - ShutdownTask] DefaultShutdownStrategy        INFO  Route: route53 shutdown complete, was consuming from: Endpoint[jms://topic:startTopic]
[el) thread #522 - ShutdownTask] DefaultShutdownStrategy        INFO  Route: route52 shutdown complete, was consuming from: Endpoint[jms://topic:finishTopic]
[el) thread #522 - ShutdownTask] DefaultShutdownStrategy        INFO  Route: route51 shutdown complete, was consuming from: Endpoint[jms://topic:responseTopic]
[el) thread #522 - ShutdownTask] DefaultShutdownStrategy        INFO  Route: route50 shutdown complete, was consuming from: Endpoint[jms://mySQLQueue?asyncConsumer=true&amp;concurrentConsumers=20]
[el) thread #522 - ShutdownTask] DefaultShutdownStrategy        INFO  Route: route49 shutdown complete, was consuming from: Endpoint[jms://mongoQueue?asyncConsumer=true&amp;concurrentConsumers=20]
[el) thread #522 - ShutdownTask] DefaultShutdownStrategy        INFO  Route: route48 shutdown complete, was consuming from: Endpoint[jms://topic:finishTopic]
[el) thread #522 - ShutdownTask] DefaultShutdownStrategy        INFO  Route: route47 shutdown complete, was consuming from: Endpoint[jms://topic:responseTopic]
[                          main] DefaultShutdownStrategy        INFO  Graceful shutdown of 14 routes completed in 1 seconds
[                          main] SpringCamelContext             INFO  Apache Camel 2.13.2 (CamelContext: camel) uptime 21.399 seconds
[                          main] SpringCamelContext             INFO  Apache Camel 2.13.2 (CamelContext: camel) is shutdown in 1.104 seconds
[                          main] BrokerService                  INFO  Apache ActiveMQ 5.9.0 (localhost, ID:EN61102-54392-1411629140448-0:6) is shutting down
[                          main] TransportConnector             INFO  Connector tcp stopped
[                          main] BrokerService                  INFO  Apache ActiveMQ 5.9.0 (localhost, ID:EN61102-54392-1411629140448-0:6) uptime 22.496 seconds
[                          main] BrokerService                  INFO  Apache ActiveMQ 5.9.0 (localhost, ID:EN61102-54392-1411629140448-0:6) is shutdown
[0 - ErrorHandlerRedeliveryTask] DefaultTypeConverter           INFO  Loaded 211 type converters
[                          main] BrokerService                  INFO  Using Persistence Adapter: MemoryPersistenceAdapter
[                          main] BrokerService                  INFO  Apache ActiveMQ 5.9.0 (localhost, ID:EN61102-54392-1411629140448-0:7) is starting
[                          main] TransportServerThreadSupport   INFO  Listening for connections at: tcp://127.0.0.1:61616
[                          main] TransportConnector             INFO  Connector tcp started
[                          main] BrokerService                  INFO  Apache ActiveMQ 5.9.0 (localhost, ID:EN61102-54392-1411629140448-0:7) started
[                          main] BrokerService                  INFO  For help or more information please see: http://activemq.apache.org
[                          main] SpringCamelContext             INFO  Apache Camel 2.13.2 (CamelContext: camel) is starting
[                          main] DefaultManagementStrategy      INFO  JMX is disabled
[                          main] DefaultTypeConverter           INFO  Loaded 211 type converters
[                          main] SpringCamelContext             INFO  AllowUseOriginalMessage is enabled. If access to the original message is not needed, then its recommended to turn this option off as it may improve performance.
[                          main] SpringCamelContext             INFO  StreamCaching is not in use. If using streams then its recommended to enable stream caching. See more details at http://camel.apache.org/stream-caching.html
[                          main] SpringCamelContext             INFO  Route: route61 started and consuming from: Endpoint[jms://topic:responseTopic]
[                          main] SpringCamelContext             INFO  Route: route62 started and consuming from: Endpoint[jms://topic:finishTopic]
[                          main] SpringCamelContext             INFO  Route: route63 started and consuming from: Endpoint[jms://mongoQueue?asyncConsumer=true&amp;concurrentConsumers=20]
[                          main] SpringCamelContext             INFO  Route: route64 started and consuming from: Endpoint[jms://mySQLQueue?asyncConsumer=true&amp;concurrentConsumers=20]
[                          main] SpringCamelContext             INFO  Route: route65 started and consuming from: Endpoint[jms://topic:responseTopic]
[                          main] SpringCamelContext             INFO  Route: route66 started and consuming from: Endpoint[jms://topic:finishTopic]
[                          main] SpringCamelContext             INFO  Route: route67 started and consuming from: Endpoint[jms://topic:startTopic]
[                          main] SpringCamelContext             INFO  Route: route68 started and consuming from: Endpoint[jms://restQueue?asyncConsumer=true&amp;concurrentConsumers=20]
[                          main] SpringCamelContext             INFO  Route: route69 started and consuming from: Endpoint[jms://startQueue?asyncConsumer=true&amp;concurrentConsumers=20]
[                          main] SpringCamelContext             INFO  Route: route70 started and consuming from: Endpoint[jms://soapQueue?asyncConsumer=true&amp;concurrentConsumers=20]
[                          main] SpringCamelContext             INFO  Route: route71 started and consuming from: Endpoint[jms://mockingQueue]
[                          main] SpringCamelContext             INFO  Route: route72 started and consuming from: Endpoint[jms://variableQueue]
[                          main] SpringCamelContext             INFO  Route: route73 started and consuming from: Endpoint[jms://topic:finishTopic]
[                          main] SpringCamelContext             INFO  Route: route74 started and consuming from: Endpoint[jms://assetQueue]
[                          main] SpringCamelContext             INFO  Total 14 routes, of which 14 is started.
[                          main] SpringCamelContext             INFO  Apache Camel 2.13.2 (CamelContext: camel) started in 0.254 seconds
[                          main] TestBaseClass                  INFO  ********************************************************************************
[                          main] TestBaseClass                  INFO  Testing: insertTest(com.wstester.camel.mysql.InsertTest)
[                          main] TestBaseClass                  INFO  ********************************************************************************
[                          main] TestRunner                     INFO  Received TestProject [name=Test Project, testSuiteList=[TestSuite [name=Test Suite 2, environment=Environment [serverList=[Server [serviceList=[MySQLService [port=3306, dbName=test, user=appuser, password=apppass, uuid=366c3ff8-128a-4d06-837a-b442f83ff766, name=Service MYSQL, status=null, ruleList=null]], name=Server 21, ip=localhost, description=This is the first server of the second env, uuid=bd2de2d9-69c0-4cdd-9aee-9906fcf94953]], name=Env 2, uuid=6c167b49-4660-4389-a41a-d8899d929f01], testCaseList=[TestCase [name=TC 1, stepList=[MySQLStep [operation=INSERT INTO angajati(detalii) VALUES(&apos;STEP&apos;), ID=81300fec-3299-4f63-8437-421fe802ce4e, Server=Server 21, AssertList=[com.wstester.model.Assert@251a90ce], Service=Service MYSQL, AssetList=null, Name=Step 3, VariableList=[], ExecutionList=null, DependsOn=null]], variableList=null, uuid=7b794592-9db0-4c77-ae2e-363b2e5bced7]], variableList=null, uuid=db072352-af97-405f-bc42-e30e4f1d2086]], assetList=[Asset [uuid=fddd52dd-60b3-4ac6-b236-b0026b34e709, lastmodified=0, name=null, path=null, type=null, size=0], Asset [uuid=3ee81244-042c-4e08-99ca-db5e569a8cf7, lastmodified=0, name=null, path=null, type=null, size=0], Asset [uuid=9bfba077-ed2c-48da-affb-e491918765f9, lastmodified=0, name=null, path=null, type=null, size=0], Asset [uuid=50b4e1d6-ce1a-4d44-8039-883c6cbbc331, lastmodified=0, name=null, path=null, type=null, size=0]], environmentList=[Environment [serverList=[Server [serviceList=[MySQLService [port=3306, dbName=test, user=appuser, password=apppass, uuid=366c3ff8-128a-4d06-837a-b442f83ff766, name=Service MYSQL, status=null, ruleList=null]], name=Server 21, ip=localhost, description=This is the first server of the second env, uuid=bd2de2d9-69c0-4cdd-9aee-9906fcf94953]], name=Env 2, uuid=6c167b49-4660-4389-a41a-d8899d929f01]], variableList=null, uuid=2841ce99-2594-4ee4-bfcf-a4869afe7e61]
[                          main] TestRunner                     INFO  Running TestProject [name=Test Project, testSuiteList=[TestSuite [name=Test Suite 2, environment=Environment [serverList=[Server [serviceList=[MySQLService [port=3306, dbName=test, user=appuser, password=apppass, uuid=366c3ff8-128a-4d06-837a-b442f83ff766, name=Service MYSQL, status=null, ruleList=null]], name=Server 21, ip=localhost, description=This is the first server of the second env, uuid=bd2de2d9-69c0-4cdd-9aee-9906fcf94953]], name=Env 2, uuid=6c167b49-4660-4389-a41a-d8899d929f01], testCaseList=[TestCase [name=TC 1, stepList=[MySQLStep [operation=INSERT INTO angajati(detalii) VALUES(&apos;STEP&apos;), ID=81300fec-3299-4f63-8437-421fe802ce4e, Server=Server 21, AssertList=[com.wstester.model.Assert@251a90ce], Service=Service MYSQL, AssetList=null, Name=Step 3, VariableList=[], ExecutionList=null, DependsOn=null]], variableList=null, uuid=7b794592-9db0-4c77-ae2e-363b2e5bced7]], variableList=null, uuid=db072352-af97-405f-bc42-e30e4f1d2086]], assetList=[Asset [uuid=fddd52dd-60b3-4ac6-b236-b0026b34e709, lastmodified=0, name=null, path=null, type=null, size=0], Asset [uuid=3ee81244-042c-4e08-99ca-db5e569a8cf7, lastmodified=0, name=null, path=null, type=null, size=0], Asset [uuid=9bfba077-ed2c-48da-affb-e491918765f9, lastmodified=0, name=null, path=null, type=null, size=0], Asset [uuid=50b4e1d6-ce1a-4d44-8039-883c6cbbc331, lastmodified=0, name=null, path=null, type=null, size=0]], environmentList=[Environment [serverList=[Server [serviceList=[MySQLService [port=3306, dbName=test, user=appuser, password=apppass, uuid=366c3ff8-128a-4d06-837a-b442f83ff766, name=Service MYSQL, status=null, ruleList=null]], name=Server 21, ip=localhost, description=This is the first server of the second env, uuid=bd2de2d9-69c0-4cdd-9aee-9906fcf94953]], name=Env 2, uuid=6c167b49-4660-4389-a41a-d8899d929f01]], variableList=null, uuid=2841ce99-2594-4ee4-bfcf-a4869afe7e61]
[                          main] TestRunner                     INFO  [81300fec-3299-4f63-8437-421fe802ce4e] Waiting response
[              pool-14-thread-1] TestRunner                     INFO  [81300fec-3299-4f63-8437-421fe802ce4e] Sent message to startQueue
[#567 - JmsConsumer[startTopic]] route67                        INFO  [2841ce99-2594-4ee4-bfcf-a4869afe7e61] received start message
[#589 - JmsConsumer[startQueue]] route69                        INFO  [81300fec-3299-4f63-8437-421fe802ce4e] Sent message to mysql queue
[#549 - JmsConsumer[mySQLQueue]] DefaultErrorHandler            ERROR Failed delivery for (MessageId: queue_mySQLQueue_ID_EN61102-54392-1411629140448-35_9_1_1_1 on ExchangeId: ID-EN61102-54393-1411629140859-6-4). Exhausted after delivery attempt: 1 caught: java.sql.SQLException: Access denied for user &apos;appuser&apos;@&apos;localhost&apos; (using password: YES)

Message History
---------------------------------------------------------------------------------------------------------------------------------------
RouteId              ProcessorId          Processor                                                                        Elapsed (ms)
[route64           ] [route64           ] [jms://mySQLQueue?asyncConsumer=true&amp;concurrentConsumers=20                    ] [        12]
[route64           ] [bean35            ] [bean[Routes: []]                                                              ] [         0]
[route64           ] [bean36            ] [bean[com.wstester.dispatcher.mysql.MysqlConnection@8641b7d]                   ] [         0]
[route64           ] [process117        ] [com.wstester.dispatcher.mysql.MysqlPreProcessor@37c7766e                      ] [         0]
[route64           ] [process118        ] [com.wstester.asset.AssetProcessor@3fb450d7                                    ] [         0]
[route64           ] [recipientList13   ] [recipientList[simple{Simple: jdbc:mySqlConnection}]                           ] [        11]

Exchange
---------------------------------------------------------------------------------------------------------------------------------------
Exchange[
	Id                  ID-EN61102-54393-1411629140859-6-4
	ExchangePattern     InOnly
	Headers             {breadcrumbId=ID:EN61102-54392-1411629140448-37:1:1:3:1, CamelJmsDeliveryMode=1, CamelRedelivered=false, CamelRedeliveryCounter=0, JMSCorrelationID=null, JMSDeliveryMode=2, JMSDestination=queue://mySQLQueue, JMSExpiration=0, JMSMessageID=ID:EN61102-54392-1411629140448-35:9:1:1:1, JMSPriority=4, JMSRedelivered=false, JMSReplyTo=null, JMSTimestamp=1411629242971, JMSType=null, JMSXGroupID=null, JMSXUserID=null}
	BodyType            String
	Body                INSERT INTO angajati(detalii) VALUES(&apos;STEP&apos;)
]

Stacktrace
---------------------------------------------------------------------------------------------------------------------------------------
java.sql.SQLException: Access denied for user &apos;appuser&apos;@&apos;localhost&apos; (using password: YES)
	at com.mysql.jdbc.SQLError.createSQLException(SQLError.java:1094)[mysql-connector-java-5.1.31.jar:]
	at com.mysql.jdbc.MysqlIO.checkErrorPacket(MysqlIO.java:4226)[mysql-connector-java-5.1.31.jar:]
	at com.mysql.jdbc.MysqlIO.checkErrorPacket(MysqlIO.java:4158)[mysql-connector-java-5.1.31.jar:]
	at com.mysql.jdbc.MysqlIO.checkErrorPacket(MysqlIO.java:926)[mysql-connector-java-5.1.31.jar:]
	at com.mysql.jdbc.MysqlIO.proceedHandshakeWithPluggableAuthentication(MysqlIO.java:1748)[mysql-connector-java-5.1.31.jar:]
	at com.mysql.jdbc.MysqlIO.doHandshake(MysqlIO.java:1288)[mysql-connector-java-5.1.31.jar:]
	at com.mysql.jdbc.ConnectionImpl.coreConnect(ConnectionImpl.java:2508)[mysql-connector-java-5.1.31.jar:]
	at com.mysql.jdbc.ConnectionImpl.connectOneTryOnly(ConnectionImpl.java:2541)[mysql-connector-java-5.1.31.jar:]
	at com.mysql.jdbc.ConnectionImpl.createNewIO(ConnectionImpl.java:2323)[mysql-connector-java-5.1.31.jar:]
	at com.mysql.jdbc.ConnectionImpl.&lt;init&gt;(ConnectionImpl.java:832)[mysql-connector-java-5.1.31.jar:]
	at com.mysql.jdbc.JDBC4Connection.&lt;init&gt;(JDBC4Connection.java:46)[mysql-connector-java-5.1.31.jar:]
	at sun.reflect.NativeConstructorAccessorImpl.newInstance0(Native Method)[:1.8.0_05]
	at sun.reflect.NativeConstructorAccessorImpl.newInstance(NativeConstructorAccessorImpl.java:62)[:1.8.0_05]
	at sun.reflect.DelegatingConstructorAccessorImpl.newInstance(DelegatingConstructorAccessorImpl.java:45)[:1.8.0_05]
	at java.lang.reflect.Constructor.newInstance(Constructor.java:408)[:1.8.0_05]
	at com.mysql.jdbc.Util.handleNewInstance(Util.java:408)[mysql-connector-java-5.1.31.jar:]
	at com.mysql.jdbc.ConnectionImpl.getInstance(ConnectionImpl.java:417)[mysql-connector-java-5.1.31.jar:]
	at com.mysql.jdbc.NonRegisteringDriver.connect(NonRegisteringDriver.java:344)[mysql-connector-java-5.1.31.jar:]
	at com.mysql.jdbc.jdbc2.optional.MysqlDataSource.getConnection(MysqlDataSource.java:441)[mysql-connector-java-5.1.31.jar:]
	at com.mysql.jdbc.jdbc2.optional.MysqlDataSource.getConnection(MysqlDataSource.java:139)[mysql-connector-java-5.1.31.jar:]
	at com.mysql.jdbc.jdbc2.optional.MysqlDataSource.getConnection(MysqlDataSource.java:109)[mysql-connector-java-5.1.31.jar:]
	at org.apache.camel.component.jdbc.JdbcProducer.processingSqlBySettingAutoCommit(JdbcProducer.java:79)[camel-jdbc-2.13.2.jar:2.13.2]
	at org.apache.camel.component.jdbc.JdbcProducer.process(JdbcProducer.java:66)[camel-jdbc-2.13.2.jar:2.13.2]
	at org.apache.camel.util.AsyncProcessorConverterHelper$ProcessorToAsyncProcessorBridge.process(AsyncProcessorConverterHelper.java:61)[camel-core-2.13.2.jar:2.13.2]
	at org.apache.camel.processor.RedeliveryErrorHandler.process(RedeliveryErrorHandler.java:398)[camel-core-2.13.2.jar:2.13.2]
	at org.apache.camel.processor.CamelInternalProcessor.process(CamelInternalProcessor.java:191)[camel-core-2.13.2.jar:2.13.2]
	at org.apache.camel.processor.MulticastProcessor.doProcessSequential(MulticastProcessor.java:573)[camel-core-2.13.2.jar:2.13.2]
	at org.apache.camel.processor.MulticastProcessor.doProcessSequential(MulticastProcessor.java:506)[camel-core-2.13.2.jar:2.13.2]
	at org.apache.camel.processor.MulticastProcessor.process(MulticastProcessor.java:215)[camel-core-2.13.2.jar:2.13.2]
	at org.apache.camel.processor.RecipientList.sendToRecipientList(RecipientList.java:167)[camel-core-2.13.2.jar:2.13.2]
	at org.apache.camel.processor.RecipientList.process(RecipientList.java:120)[camel-core-2.13.2.jar:2.13.2]
	at org.apache.camel.processor.Pipeline.process(Pipeline.java:118)[camel-core-2.13.2.jar:2.13.2]
	at org.apache.camel.processor.Pipeline.process(Pipeline.java:80)[camel-core-2.13.2.jar:2.13.2]
	at org.apache.camel.processor.RedeliveryErrorHandler.process(RedeliveryErrorHandler.java:398)[camel-core-2.13.2.jar:2.13.2]
	at org.apache.camel.processor.CamelInternalProcessor.process(CamelInternalProcessor.java:191)[camel-core-2.13.2.jar:2.13.2]
	at org.apache.camel.processor.Pipeline.process(Pipeline.java:118)[camel-core-2.13.2.jar:2.13.2]
	at org.apache.camel.processor.Pipeline.process(Pipeline.java:80)[camel-core-2.13.2.jar:2.13.2]
	at org.apache.camel.processor.CamelInternalProcessor.process(CamelInternalProcessor.java:191)[camel-core-2.13.2.jar:2.13.2]
	at org.apache.camel.component.jms.EndpointMessageListener.onMessage(EndpointMessageListener.java:114)[camel-jms-2.13.2.jar:2.13.2]
	at org.springframework.jms.listener.AbstractMessageListenerContainer.doInvokeListener(AbstractMessageListenerContainer.java:562)[spring-jms-3.2.8.RELEASE.jar:3.2.8.RELEASE]
	at org.springframework.jms.listener.AbstractMessageListenerContainer.invokeListener(AbstractMessageListenerContainer.java:500)[spring-jms-3.2.8.RELEASE.jar:3.2.8.RELEASE]
	at org.springframework.jms.listener.AbstractMessageListenerContainer.doExecuteListener(AbstractMessageListenerContainer.java:468)[spring-jms-3.2.8.RELEASE.jar:3.2.8.RELEASE]
	at org.springframework.jms.listener.AbstractPollingMessageListenerContainer.doReceiveAndExecute(AbstractPollingMessageListenerContainer.java:325)[spring-jms-3.2.8.RELEASE.jar:3.2.8.RELEASE]
	at org.springframework.jms.listener.AbstractPollingMessageListenerContainer.receiveAndExecute(AbstractPollingMessageListenerContainer.java:263)[spring-jms-3.2.8.RELEASE.jar:3.2.8.RELEASE]
	at org.springframework.jms.listener.DefaultMessageListenerContainer$AsyncMessageListenerInvoker.invokeListener(DefaultMessageListenerContainer.java:1101)[spring-jms-3.2.8.RELEASE.jar:3.2.8.RELEASE]
	at org.springframework.jms.listener.DefaultMessageListenerContainer$AsyncMessageListenerInvoker.executeOngoingLoop(DefaultMessageListenerContainer.java:1093)[spring-jms-3.2.8.RELEASE.jar:3.2.8.RELEASE]
	at org.springframework.jms.listener.DefaultMessageListenerContainer$AsyncMessageListenerInvoker.run(DefaultMessageListenerContainer.java:990)[spring-jms-3.2.8.RELEASE.jar:3.2.8.RELEASE]
	at java.util.concurrent.ThreadPoolExecutor.runWorker(ThreadPoolExecutor.java:1142)[:1.8.0_05]
	at java.util.concurrent.ThreadPoolExecutor$Worker.run(ThreadPoolExecutor.java:617)[:1.8.0_05]
	at java.lang.Thread.run(Thread.java:745)[:1.8.0_05]
[#549 - JmsConsumer[mySQLQueue]] EndpointMessageListener        WARN  Execution of JMS message listener failed. Caused by: [org.apache.camel.RuntimeCamelException - java.sql.SQLException: Access denied for user &apos;appuser&apos;@&apos;localhost&apos; (using password: YES)]
org.apache.camel.RuntimeCamelException: java.sql.SQLException: Access denied for user &apos;appuser&apos;@&apos;localhost&apos; (using password: YES)
	at org.apache.camel.util.ObjectHelper.wrapRuntimeCamelException(ObjectHelper.java:1363)[camel-core-2.13.2.jar:2.13.2]
	at org.apache.camel.component.jms.EndpointMessageListener$EndpointMessageListenerAsyncCallback.done(EndpointMessageListener.java:186)[camel-jms-2.13.2.jar:2.13.2]
	at org.apache.camel.processor.CamelInternalProcessor$InternalCallback.done(CamelInternalProcessor.java:251)[camel-core-2.13.2.jar:2.13.2]
	at org.apache.camel.processor.Pipeline.process(Pipeline.java:106)[camel-core-2.13.2.jar:2.13.2]
	at org.apache.camel.processor.CamelInternalProcessor.process(CamelInternalProcessor.java:191)[camel-core-2.13.2.jar:2.13.2]
	at org.apache.camel.component.jms.EndpointMessageListener.onMessage(EndpointMessageListener.java:114)[camel-jms-2.13.2.jar:2.13.2]
	at org.springframework.jms.listener.AbstractMessageListenerContainer.doInvokeListener(AbstractMessageListenerContainer.java:562)[spring-jms-3.2.8.RELEASE.jar:3.2.8.RELEASE]
	at org.springframework.jms.listener.AbstractMessageListenerContainer.invokeListener(AbstractMessageListenerContainer.java:500)[spring-jms-3.2.8.RELEASE.jar:3.2.8.RELEASE]
	at org.springframework.jms.listener.AbstractMessageListenerContainer.doExecuteListener(AbstractMessageListenerContainer.java:468)[spring-jms-3.2.8.RELEASE.jar:3.2.8.RELEASE]
	at org.springframework.jms.listener.AbstractPollingMessageListenerContainer.doReceiveAndExecute(AbstractPollingMessageListenerContainer.java:325)[spring-jms-3.2.8.RELEASE.jar:3.2.8.RELEASE]
	at org.springframework.jms.listener.AbstractPollingMessageListenerContainer.receiveAndExecute(AbstractPollingMessageListenerContainer.java:263)[spring-jms-3.2.8.RELEASE.jar:3.2.8.RELEASE]
	at org.springframework.jms.listener.DefaultMessageListenerContainer$AsyncMessageListenerInvoker.invokeListener(DefaultMessageListenerContainer.java:1101)[spring-jms-3.2.8.RELEASE.jar:3.2.8.RELEASE]
	at org.springframework.jms.listener.DefaultMessageListenerContainer$AsyncMessageListenerInvoker.executeOngoingLoop(DefaultMessageListenerContainer.java:1093)[spring-jms-3.2.8.RELEASE.jar:3.2.8.RELEASE]
	at org.springframework.jms.listener.DefaultMessageListenerContainer$AsyncMessageListenerInvoker.run(DefaultMessageListenerContainer.java:990)[spring-jms-3.2.8.RELEASE.jar:3.2.8.RELEASE]
	at java.util.concurrent.ThreadPoolExecutor.runWorker(ThreadPoolExecutor.java:1142)[:1.8.0_05]
	at java.util.concurrent.ThreadPoolExecutor$Worker.run(ThreadPoolExecutor.java:617)[:1.8.0_05]
	at java.lang.Thread.run(Thread.java:745)[:1.8.0_05]
[630 - JmsConsumer[finishTopic]] route73                        INFO  [2841ce99-2594-4ee4-bfcf-a4869afe7e61] received finish message
[566 - JmsConsumer[finishTopic]] route66                        INFO  [2841ce99-2594-4ee4-bfcf-a4869afe7e61] received finish message
[524 - JmsConsumer[finishTopic]] route62                        INFO  [2841ce99-2594-4ee4-bfcf-a4869afe7e61] received finish message
[                          main] TestRunner                     INFO  [81300fec-3299-4f63-8437-421fe802ce4e] Response is null
[                          main] TestBaseClass                  INFO  ********************************************************************************
[                          main] TestBaseClass                  INFO  Done testing: insertTest(com.wstester.camel.mysql.InsertTest)
[                          main] TestBaseClass                  INFO  ********************************************************************************
</system-out>
    <system-err>Sep 25, 2014 10:14:01 AM com.mongodb.DBTCPConnector initDirectConnection
WARNING: Exception executing isMaster command on /127.0.0.1:27017
java.net.ConnectException: Connection refused: connect
	at java.net.DualStackPlainSocketImpl.waitForConnect(Native Method)
	at java.net.DualStackPlainSocketImpl.socketConnect(DualStackPlainSocketImpl.java:85)
	at java.net.AbstractPlainSocketImpl.doConnect(AbstractPlainSocketImpl.java:345)
	at java.net.AbstractPlainSocketImpl.connectToAddress(AbstractPlainSocketImpl.java:206)
	at java.net.AbstractPlainSocketImpl.connect(AbstractPlainSocketImpl.java:188)
	at java.net.PlainSocketImpl.connect(PlainSocketImpl.java:172)
	at java.net.SocksSocketImpl.connect(SocksSocketImpl.java:392)
	at java.net.Socket.connect(Socket.java:589)
	at com.mongodb.DBPort._open(DBPort.java:223)
	at com.mongodb.DBPort.go(DBPort.java:125)
	at com.mongodb.DBPort.go(DBPort.java:106)
	at com.mongodb.DBPort.findOne(DBPort.java:162)
	at com.mongodb.DBPort.runCommand(DBPort.java:170)
	at com.mongodb.DBTCPConnector.initDirectConnection(DBTCPConnector.java:547)
	at com.mongodb.DBTCPConnector.isMongosConnection(DBTCPConnector.java:334)
	at com.mongodb.Mongo.isMongosConnection(Mongo.java:618)
	at com.mongodb.DB.wrapCommand(DB.java:282)
	at com.mongodb.DB.command(DB.java:260)
	at com.mongodb.DB.command(DB.java:244)
	at com.mongodb.DB.command(DB.java:301)
	at com.mongodb.DB.command(DB.java:199)
	at com.mongodb.DBCollection.dropIndexes(DBCollection.java:844)
	at com.mongodb.DBCollection.dropIndexes(DBCollection.java:828)
	at org.apache.camel.component.mongodb.MongoDbEndpoint.ensureIndex(MongoDbEndpoint.java:196)
	at org.apache.camel.component.mongodb.MongoDbProducer.calculateCollection(MongoDbProducer.java:421)
	at org.apache.camel.component.mongodb.MongoDbProducer.doFindAll(MongoDbProducer.java:269)
	at org.apache.camel.component.mongodb.MongoDbProducer.invokeOperation(MongoDbProducer.java:101)
	at org.apache.camel.component.mongodb.MongoDbProducer.process(MongoDbProducer.java:72)
	at org.apache.camel.util.AsyncProcessorConverterHelper$ProcessorToAsyncProcessorBridge.process(AsyncProcessorConverterHelper.java:61)
	at org.apache.camel.processor.RoutingSlip$2.doInAsyncProducer(RoutingSlip.java:301)
	at org.apache.camel.impl.ProducerCache.doInAsyncProducer(ProducerCache.java:307)
	at org.apache.camel.processor.RoutingSlip.processExchange(RoutingSlip.java:294)
	at org.apache.camel.processor.RoutingSlip.doRoutingSlip(RoutingSlip.java:215)
	at org.apache.camel.processor.RoutingSlip.process(RoutingSlip.java:146)
	at org.apache.camel.processor.RedeliveryErrorHandler$AsyncRedeliveryTask.call(RedeliveryErrorHandler.java:131)
	at org.apache.camel.processor.RedeliveryErrorHandler$AsyncRedeliveryTask.call(RedeliveryErrorHandler.java:99)
	at java.util.concurrent.FutureTask.run(FutureTask.java:266)
	at java.util.concurrent.ScheduledThreadPoolExecutor$ScheduledFutureTask.access$201(ScheduledThreadPoolExecutor.java:180)
	at java.util.concurrent.ScheduledThreadPoolExecutor$ScheduledFutureTask.run(ScheduledThreadPoolExecutor.java:293)
	at java.util.concurrent.ThreadPoolExecutor.runWorker(ThreadPoolExecutor.java:1142)
	at java.util.concurrent.ThreadPoolExecutor$Worker.run(ThreadPoolExecutor.java:617)
	at java.lang.Thread.run(Thread.java:745)

Sep 25, 2014 10:14:02 AM com.mongodb.DBTCPConnector initDirectConnection
WARNING: Exception executing isMaster command on /127.0.0.1:27017
java.net.ConnectException: Connection refused: connect
	at java.net.DualStackPlainSocketImpl.waitForConnect(Native Method)
	at java.net.DualStackPlainSocketImpl.socketConnect(DualStackPlainSocketImpl.java:85)
	at java.net.AbstractPlainSocketImpl.doConnect(AbstractPlainSocketImpl.java:345)
	at java.net.AbstractPlainSocketImpl.connectToAddress(AbstractPlainSocketImpl.java:206)
	at java.net.AbstractPlainSocketImpl.connect(AbstractPlainSocketImpl.java:188)
	at java.net.PlainSocketImpl.connect(PlainSocketImpl.java:172)
	at java.net.SocksSocketImpl.connect(SocksSocketImpl.java:392)
	at java.net.Socket.connect(Socket.java:589)
	at com.mongodb.DBPort._open(DBPort.java:223)
	at com.mongodb.DBPort.go(DBPort.java:125)
	at com.mongodb.DBPort.go(DBPort.java:106)
	at com.mongodb.DBPort.findOne(DBPort.java:162)
	at com.mongodb.DBPort.runCommand(DBPort.java:170)
	at com.mongodb.DBTCPConnector.initDirectConnection(DBTCPConnector.java:547)
	at com.mongodb.DBTCPConnector.checkMaster(DBTCPConnector.java:526)
	at com.mongodb.DBTCPConnector.innerCall(DBTCPConnector.java:236)
	at com.mongodb.DBTCPConnector.call(DBTCPConnector.java:216)
	at com.mongodb.DBApiLayer$MyCollection.__find(DBApiLayer.java:288)
	at com.mongodb.DB.command(DB.java:262)
	at com.mongodb.DB.command(DB.java:244)
	at com.mongodb.DB.command(DB.java:301)
	at com.mongodb.DB.command(DB.java:199)
	at com.mongodb.DBCollection.dropIndexes(DBCollection.java:844)
	at com.mongodb.DBCollection.dropIndexes(DBCollection.java:828)
	at org.apache.camel.component.mongodb.MongoDbEndpoint.ensureIndex(MongoDbEndpoint.java:196)
	at org.apache.camel.component.mongodb.MongoDbProducer.calculateCollection(MongoDbProducer.java:421)
	at org.apache.camel.component.mongodb.MongoDbProducer.doFindAll(MongoDbProducer.java:269)
	at org.apache.camel.component.mongodb.MongoDbProducer.invokeOperation(MongoDbProducer.java:101)
	at org.apache.camel.component.mongodb.MongoDbProducer.process(MongoDbProducer.java:72)
	at org.apache.camel.util.AsyncProcessorConverterHelper$ProcessorToAsyncProcessorBridge.process(AsyncProcessorConverterHelper.java:61)
	at org.apache.camel.processor.RoutingSlip$2.doInAsyncProducer(RoutingSlip.java:301)
	at org.apache.camel.impl.ProducerCache.doInAsyncProducer(ProducerCache.java:307)
	at org.apache.camel.processor.RoutingSlip.processExchange(RoutingSlip.java:294)
	at org.apache.camel.processor.RoutingSlip.doRoutingSlip(RoutingSlip.java:215)
	at org.apache.camel.processor.RoutingSlip.process(RoutingSlip.java:146)
	at org.apache.camel.processor.RedeliveryErrorHandler$AsyncRedeliveryTask.call(RedeliveryErrorHandler.java:131)
	at org.apache.camel.processor.RedeliveryErrorHandler$AsyncRedeliveryTask.call(RedeliveryErrorHandler.java:99)
	at java.util.concurrent.FutureTask.run(FutureTask.java:266)
	at java.util.concurrent.ScheduledThreadPoolExecutor$ScheduledFutureTask.access$201(ScheduledThreadPoolExecutor.java:180)
	at java.util.concurrent.ScheduledThreadPoolExecutor$ScheduledFutureTask.run(ScheduledThreadPoolExecutor.java:293)
	at java.util.concurrent.ThreadPoolExecutor.runWorker(ThreadPoolExecutor.java:1142)
	at java.util.concurrent.ThreadPoolExecutor$Worker.run(ThreadPoolExecutor.java:617)
	at java.lang.Thread.run(Thread.java:745)

</system-err>
  </testcase>
</testsuite>