<?xml version="1.0" encoding="UTF-8" ?>
<testsuite tests="2" failures="0" name="com.wstester.camel.mongo.SelectTest" time="20.013" errors="2" skipped="0">
  <properties>
[...]
</properties>
  <testcase classname="com.wstester.camel.mongo.SelectTest" name="selectMoreRows" time="10.008">
    <error type="java.lang.NullPointerException">java.lang.NullPointerException
	at org.codehaus.jettison.json.JSONTokener.more(JSONTokener.java:89)
	at org.codehaus.jettison.json.JSONTokener.next(JSONTokener.java:99)
	at org.codehaus.jettison.json.JSONTokener.nextClean(JSONTokener.java:153)
	at org.codehaus.jettison.json.JSONArray.&lt;init&gt;(JSONArray.java:97)
	at org.codehaus.jettison.json.JSONArray.&lt;init&gt;(JSONArray.java:137)
	at com.wstester.camel.mongo.SelectTest.selectMoreRows(SelectTest.java:52)
	at sun.reflect.NativeMethodAccessorImpl.invoke0(Native Method)
	at sun.reflect.NativeMethodAccessorImpl.invoke(NativeMethodAccessorImpl.java:62)
	at sun.reflect.DelegatingMethodAccessorImpl.invoke(DelegatingMethodAccessorImpl.java:43)
	at java.lang.reflect.Method.invoke(Method.java:483)
	at org.junit.runners.model.FrameworkMethod$1.runReflectiveCall(FrameworkMethod.java:47)
	at org.junit.internal.runners.model.ReflectiveCallable.run(ReflectiveCallable.java:12)
	at org.junit.runners.model.FrameworkMethod.invokeExplosively(FrameworkMethod.java:44)
	at org.junit.internal.runners.statements.InvokeMethod.evaluate(InvokeMethod.java:17)
	at org.junit.internal.runners.statements.RunAfters.evaluate(RunAfters.java:27)
	at org.junit.rules.TestWatcher$1.evaluate(TestWatcher.java:55)
	at org.junit.rules.RunRules.evaluate(RunRules.java:20)
	at org.junit.runners.ParentRunner.runLeaf(ParentRunner.java:271)
	at org.junit.runners.BlockJUnit4ClassRunner.runChild(BlockJUnit4ClassRunner.java:70)
	at org.junit.runners.BlockJUnit4ClassRunner.runChild(BlockJUnit4ClassRunner.java:50)
	at org.junit.runners.ParentRunner$3.run(ParentRunner.java:238)
	at org.junit.runners.ParentRunner$1.schedule(ParentRunner.java:63)
	at org.junit.runners.ParentRunner.runChildren(ParentRunner.java:236)
	at org.junit.runners.ParentRunner.access$000(ParentRunner.java:53)
	at org.junit.runners.ParentRunner$2.evaluate(ParentRunner.java:229)
	at org.junit.internal.runners.statements.RunBefores.evaluate(RunBefores.java:26)
	at org.junit.internal.runners.statements.RunAfters.evaluate(RunAfters.java:27)
	at org.junit.runners.ParentRunner.run(ParentRunner.java:309)
	at org.apache.maven.surefire.junit4.JUnit4Provider.execute(JUnit4Provider.java:252)
	at org.apache.maven.surefire.junit4.JUnit4Provider.executeTestSet(JUnit4Provider.java:141)
	at org.apache.maven.surefire.junit4.JUnit4Provider.invoke(JUnit4Provider.java:112)
	at sun.reflect.NativeMethodAccessorImpl.invoke0(Native Method)
	at sun.reflect.NativeMethodAccessorImpl.invoke(NativeMethodAccessorImpl.java:62)
	at sun.reflect.DelegatingMethodAccessorImpl.invoke(DelegatingMethodAccessorImpl.java:43)
	at java.lang.reflect.Method.invoke(Method.java:483)
	at org.apache.maven.surefire.util.ReflectionUtils.invokeMethodWithArray(ReflectionUtils.java:189)
	at org.apache.maven.surefire.booter.ProviderFactory$ProviderProxy.invoke(ProviderFactory.java:165)
	at org.apache.maven.surefire.booter.ProviderFactory.invokeProvider(ProviderFactory.java:85)
	at org.apache.maven.surefire.booter.ForkedBooter.runSuitesInProcess(ForkedBooter.java:115)
	at org.apache.maven.surefire.booter.ForkedBooter.main(ForkedBooter.java:75)
</error>
    <system-out>[                          main] SpringCamelContext             INFO  Apache Camel 2.13.2 (CamelContext: camel) is shutting down
[                          main] DefaultShutdownStrategy        INFO  Starting to graceful shutdown 14 routes (timeout 300 seconds)
[el) thread #406 - ShutdownTask] DefaultShutdownStrategy        INFO  Waiting as there are still 2 inflight and pending exchanges to complete, timeout in 300 seconds.
[el) thread #406 - ShutdownTask] DefaultShutdownStrategy        INFO  Waiting as there are still 2 inflight and pending exchanges to complete, timeout in 299 seconds.
[el) thread #406 - ShutdownTask] DefaultShutdownStrategy        INFO  Waiting as there are still 2 inflight and pending exchanges to complete, timeout in 298 seconds.
[el) thread #406 - ShutdownTask] DefaultShutdownStrategy        INFO  Waiting as there are still 2 inflight and pending exchanges to complete, timeout in 297 seconds.
[#302 - JmsConsumer[mongoQueue]] DefaultErrorHandler            WARN  Failed delivery for (MessageId: ID:EN61102-54392-1411629140448-25:9:2:1:1 on ExchangeId: ID-EN61102-54393-1411629140859-4-5). On delivery attempt: 0 caught: org.apache.camel.component.mongodb.CamelMongoDbException: com.mongodb.MongoException$Network: Read operation to server /127.0.0.1:27017 failed on database test
[#307 - JmsConsumer[mongoQueue]] DefaultErrorHandler            WARN  Failed delivery for (MessageId: ID:EN61102-54392-1411629140448-25:9:3:1:1 on ExchangeId: ID-EN61102-54393-1411629140859-4-7). On delivery attempt: 0 caught: org.apache.camel.component.mongodb.CamelMongoDbException: com.mongodb.MongoException$Network: Read operation to server /127.0.0.1:27017 failed on database test
[el) thread #406 - ShutdownTask] DefaultShutdownStrategy        INFO  Route: route46 shutdown complete, was consuming from: Endpoint[jms://assetQueue]
[el) thread #406 - ShutdownTask] DefaultShutdownStrategy        INFO  Route: route45 shutdown complete, was consuming from: Endpoint[jms://topic:finishTopic]
[el) thread #406 - ShutdownTask] DefaultShutdownStrategy        INFO  Route: route44 shutdown complete, was consuming from: Endpoint[jms://variableQueue]
[el) thread #406 - ShutdownTask] DefaultShutdownStrategy        INFO  Route: route43 shutdown complete, was consuming from: Endpoint[jms://mockingQueue]
[el) thread #406 - ShutdownTask] DefaultShutdownStrategy        INFO  Route: route42 shutdown complete, was consuming from: Endpoint[jms://soapQueue?asyncConsumer=true&amp;concurrentConsumers=20]
[el) thread #406 - ShutdownTask] DefaultShutdownStrategy        INFO  Route: route41 shutdown complete, was consuming from: Endpoint[jms://startQueue?asyncConsumer=true&amp;concurrentConsumers=20]
[el) thread #406 - ShutdownTask] DefaultShutdownStrategy        INFO  Route: route40 shutdown complete, was consuming from: Endpoint[jms://restQueue?asyncConsumer=true&amp;concurrentConsumers=20]
[el) thread #406 - ShutdownTask] DefaultShutdownStrategy        INFO  Route: route39 shutdown complete, was consuming from: Endpoint[jms://topic:startTopic]
[el) thread #406 - ShutdownTask] DefaultShutdownStrategy        INFO  Route: route38 shutdown complete, was consuming from: Endpoint[jms://topic:finishTopic]
[el) thread #406 - ShutdownTask] DefaultShutdownStrategy        INFO  Route: route37 shutdown complete, was consuming from: Endpoint[jms://topic:responseTopic]
[el) thread #406 - ShutdownTask] DefaultShutdownStrategy        INFO  Route: route36 shutdown complete, was consuming from: Endpoint[jms://mySQLQueue?asyncConsumer=true&amp;concurrentConsumers=20]
[el) thread #406 - ShutdownTask] DefaultShutdownStrategy        INFO  Route: route35 shutdown complete, was consuming from: Endpoint[jms://mongoQueue?asyncConsumer=true&amp;concurrentConsumers=20]
[el) thread #406 - ShutdownTask] DefaultShutdownStrategy        INFO  Route: route34 shutdown complete, was consuming from: Endpoint[jms://topic:finishTopic]
[el) thread #406 - ShutdownTask] DefaultShutdownStrategy        INFO  Route: route33 shutdown complete, was consuming from: Endpoint[jms://topic:responseTopic]
[                          main] DefaultShutdownStrategy        INFO  Graceful shutdown of 14 routes completed in 4 seconds
[                          main] SpringCamelContext             INFO  Apache Camel 2.13.2 (CamelContext: camel) uptime 14.370 seconds
[                          main] SpringCamelContext             INFO  Apache Camel 2.13.2 (CamelContext: camel) is shutdown in 4.117 seconds
[                          main] BrokerService                  INFO  Apache ActiveMQ 5.9.0 (localhost, ID:EN61102-54392-1411629140448-0:5) is shutting down
[                          main] TransportConnector             INFO  Connector tcp stopped
[                          main] BrokerService                  INFO  Apache ActiveMQ 5.9.0 (localhost, ID:EN61102-54392-1411629140448-0:5) uptime 14.504 seconds
[                          main] BrokerService                  INFO  Apache ActiveMQ 5.9.0 (localhost, ID:EN61102-54392-1411629140448-0:5) is shutdown
[                          main] BrokerService                  INFO  Using Persistence Adapter: MemoryPersistenceAdapter
[                          main] BrokerService                  INFO  Apache ActiveMQ 5.9.0 (localhost, ID:EN61102-54392-1411629140448-0:6) is starting
[                          main] TransportServerThreadSupport   INFO  Listening for connections at: tcp://127.0.0.1:61616
[                          main] TransportConnector             INFO  Connector tcp started
[                          main] BrokerService                  INFO  Apache ActiveMQ 5.9.0 (localhost, ID:EN61102-54392-1411629140448-0:6) started
[                          main] BrokerService                  INFO  For help or more information please see: http://activemq.apache.org
[                          main] SpringCamelContext             INFO  Apache Camel 2.13.2 (CamelContext: camel) is starting
[                          main] DefaultManagementStrategy      INFO  JMX is disabled
[                          main] DefaultTypeConverter           INFO  Loaded 211 type converters
[                          main] SpringCamelContext             INFO  AllowUseOriginalMessage is enabled. If access to the original message is not needed, then its recommended to turn this option off as it may improve performance.
[                          main] SpringCamelContext             INFO  StreamCaching is not in use. If using streams then its recommended to enable stream caching. See more details at http://camel.apache.org/stream-caching.html
[                          main] SpringCamelContext             INFO  Route: route47 started and consuming from: Endpoint[jms://topic:responseTopic]
[                          main] SpringCamelContext             INFO  Route: route48 started and consuming from: Endpoint[jms://topic:finishTopic]
[                          main] SpringCamelContext             INFO  Route: route49 started and consuming from: Endpoint[jms://mongoQueue?asyncConsumer=true&amp;concurrentConsumers=20]
[                          main] SpringCamelContext             INFO  Route: route50 started and consuming from: Endpoint[jms://mySQLQueue?asyncConsumer=true&amp;concurrentConsumers=20]
[                          main] SpringCamelContext             INFO  Route: route51 started and consuming from: Endpoint[jms://topic:responseTopic]
[                          main] SpringCamelContext             INFO  Route: route52 started and consuming from: Endpoint[jms://topic:finishTopic]
[                          main] SpringCamelContext             INFO  Route: route53 started and consuming from: Endpoint[jms://topic:startTopic]
[                          main] SpringCamelContext             INFO  Route: route54 started and consuming from: Endpoint[jms://restQueue?asyncConsumer=true&amp;concurrentConsumers=20]
[                          main] SpringCamelContext             INFO  Route: route55 started and consuming from: Endpoint[jms://startQueue?asyncConsumer=true&amp;concurrentConsumers=20]
[                          main] SpringCamelContext             INFO  Route: route56 started and consuming from: Endpoint[jms://soapQueue?asyncConsumer=true&amp;concurrentConsumers=20]
[                          main] SpringCamelContext             INFO  Route: route57 started and consuming from: Endpoint[jms://mockingQueue]
[                          main] SpringCamelContext             INFO  Route: route58 started and consuming from: Endpoint[jms://variableQueue]
[                          main] SpringCamelContext             INFO  Route: route59 started and consuming from: Endpoint[jms://topic:finishTopic]
[                          main] SpringCamelContext             INFO  Route: route60 started and consuming from: Endpoint[jms://assetQueue]
[                          main] SpringCamelContext             INFO  Total 14 routes, of which 14 is started.
[                          main] SpringCamelContext             INFO  Apache Camel 2.13.2 (CamelContext: camel) started in 0.274 seconds
[                          main] TestBaseClass                  INFO  ********************************************************************************
[                          main] TestBaseClass                  INFO  Testing: selectMoreRows(com.wstester.camel.mongo.SelectTest)
[                          main] TestBaseClass                  INFO  ********************************************************************************
[                          main] TestRunner                     INFO  Received TestProject [name=Test Project, testSuiteList=[TestSuite [name=Test Suite 1, environment=Environment [serverList=[Server [serviceList=[MongoService [port=27017, dbName=test, user=appuser, password=apppass, uuid=55aac791-0ab4-4ca7-b2cb-28bf70c37b87, name=Service Mongo, status=null, ruleList=null]], name=Server 12, ip=localhost, description=This is the second server of the first env, uuid=f08245ca-7417-405a-8b54-5b27abbadef9]], name=Env 1, uuid=880a9f2c-8abc-4f98-98fd-85db8ab499d2], testCaseList=[TestCase [name=TC 1, stepList=[MongoStep [action=SELECT, collection=customer, query={name=ROFLMAO}, getID()=b82b6542-ac88-47d4-a8fd-836bc2071050, getServer()=Server 12, getAssertList()=[com.wstester.model.Assert@42297bdf], getService()=Service Mongo, getAssetList()=null, getName()=Step 2, getVariableList()=[], getExecutionList()=null, getDependsOn()=null]], variableList=null, uuid=162cf10c-cf2b-4461-897a-b59dd4057686]], variableList=null, uuid=abc05863-7284-45ed-a4cc-86770c4dde0a]], assetList=[Asset [uuid=b227d4c9-f389-483a-b7ce-d93c106e3a7a, lastmodified=0, name=null, path=null, type=null, size=0], Asset [uuid=77d01665-80b7-4b70-9b60-aa460b81eb18, lastmodified=0, name=null, path=null, type=null, size=0], Asset [uuid=6f468f09-bfd9-4f31-a9c6-1d864029eabd, lastmodified=0, name=null, path=null, type=null, size=0], Asset [uuid=888c54dd-c87f-42b9-aca6-275ef1dcba79, lastmodified=0, name=null, path=null, type=null, size=0]], environmentList=[Environment [serverList=[Server [serviceList=[MongoService [port=27017, dbName=test, user=appuser, password=apppass, uuid=55aac791-0ab4-4ca7-b2cb-28bf70c37b87, name=Service Mongo, status=null, ruleList=null]], name=Server 12, ip=localhost, description=This is the second server of the first env, uuid=f08245ca-7417-405a-8b54-5b27abbadef9]], name=Env 1, uuid=880a9f2c-8abc-4f98-98fd-85db8ab499d2]], variableList=null, uuid=9f854db4-08fa-41d2-b705-09202da0bed3]
[                          main] TestRunner                     INFO  Running TestProject [name=Test Project, testSuiteList=[TestSuite [name=Test Suite 1, environment=Environment [serverList=[Server [serviceList=[MongoService [port=27017, dbName=test, user=appuser, password=apppass, uuid=55aac791-0ab4-4ca7-b2cb-28bf70c37b87, name=Service Mongo, status=null, ruleList=null]], name=Server 12, ip=localhost, description=This is the second server of the first env, uuid=f08245ca-7417-405a-8b54-5b27abbadef9]], name=Env 1, uuid=880a9f2c-8abc-4f98-98fd-85db8ab499d2], testCaseList=[TestCase [name=TC 1, stepList=[MongoStep [action=SELECT, collection=customer, query={name=ROFLMAO}, getID()=b82b6542-ac88-47d4-a8fd-836bc2071050, getServer()=Server 12, getAssertList()=[com.wstester.model.Assert@42297bdf], getService()=Service Mongo, getAssetList()=null, getName()=Step 2, getVariableList()=[], getExecutionList()=null, getDependsOn()=null]], variableList=null, uuid=162cf10c-cf2b-4461-897a-b59dd4057686]], variableList=null, uuid=abc05863-7284-45ed-a4cc-86770c4dde0a]], assetList=[Asset [uuid=b227d4c9-f389-483a-b7ce-d93c106e3a7a, lastmodified=0, name=null, path=null, type=null, size=0], Asset [uuid=77d01665-80b7-4b70-9b60-aa460b81eb18, lastmodified=0, name=null, path=null, type=null, size=0], Asset [uuid=6f468f09-bfd9-4f31-a9c6-1d864029eabd, lastmodified=0, name=null, path=null, type=null, size=0], Asset [uuid=888c54dd-c87f-42b9-aca6-275ef1dcba79, lastmodified=0, name=null, path=null, type=null, size=0]], environmentList=[Environment [serverList=[Server [serviceList=[MongoService [port=27017, dbName=test, user=appuser, password=apppass, uuid=55aac791-0ab4-4ca7-b2cb-28bf70c37b87, name=Service Mongo, status=null, ruleList=null]], name=Server 12, ip=localhost, description=This is the second server of the first env, uuid=f08245ca-7417-405a-8b54-5b27abbadef9]], name=Env 1, uuid=880a9f2c-8abc-4f98-98fd-85db8ab499d2]], variableList=null, uuid=9f854db4-08fa-41d2-b705-09202da0bed3]
[                          main] TestRunner                     INFO  [b82b6542-ac88-47d4-a8fd-836bc2071050] Waiting response
[              pool-11-thread-1] TestRunner                     INFO  [b82b6542-ac88-47d4-a8fd-836bc2071050] Sent message to startQueue
[#453 - JmsConsumer[startTopic]] route53                        INFO  [9f854db4-08fa-41d2-b705-09202da0bed3] received start message
[#477 - JmsConsumer[startQueue]] route55                        INFO  [b82b6542-ac88-47d4-a8fd-836bc2071050] Sent message to mongo queue
[#411 - JmsConsumer[mongoQueue]] MongoDbEndpoint                INFO  Initialising MongoDb endpoint: Endpoint[mongodb://mongoConnection?collection=none&amp;database=none&amp;dynamicity=true]
[#411 - JmsConsumer[mongoQueue]] DefaultErrorHandler            WARN  Failed delivery for (MessageId: ID:EN61102-54392-1411629140448-29:9:1:1:1 on ExchangeId: ID-EN61102-54393-1411629140859-5-3). On delivery attempt: 0 caught: org.apache.camel.component.mongodb.CamelMongoDbException: com.mongodb.MongoException$Network: Read operation to server /127.0.0.1:27017 failed on database test
[8 - ErrorHandlerRedeliveryTask] DefaultErrorHandler            WARN  Failed delivery for (MessageId: ID:EN61102-54392-1411629140448-29:9:1:1:1 on ExchangeId: ID-EN61102-54393-1411629140859-5-3). On delivery attempt: 1 caught: org.apache.camel.component.mongodb.CamelMongoDbException: com.mongodb.MongoException$Network: Read operation to server /127.0.0.1:27017 failed on database test
[8 - ErrorHandlerRedeliveryTask] DefaultErrorHandler            WARN  Failed delivery for (MessageId: ID:EN61102-54392-1411629140448-29:9:1:1:1 on ExchangeId: ID-EN61102-54393-1411629140859-5-3). On delivery attempt: 2 caught: org.apache.camel.component.mongodb.CamelMongoDbException: com.mongodb.MongoException$Network: Read operation to server /127.0.0.1:27017 failed on database test
[1 - JmsConsumer[responseTopic]] route51                        INFO  [b82b6542-ac88-47d4-a8fd-836bc2071050] ResponseCallback Received response
[8 - ErrorHandlerRedeliveryTask] DefaultErrorHandler            ERROR Failed delivery for (MessageId: ID:EN61102-54392-1411629140448-29:9:1:1:1 on ExchangeId: ID-EN61102-54393-1411629140859-5-3). Exhausted after delivery attempt: 3 caught: org.apache.camel.component.mongodb.CamelMongoDbException: com.mongodb.MongoException$Network: Read operation to server /127.0.0.1:27017 failed on database test. Processed by failure processor: FatalFallbackErrorHandler[Pipeline[[Channel[DelegateSync[com.wstester.exceptions.ExceptionProcessor@d54d0f5]], Channel[sendTo(Endpoint[jms://topic:responseTopic])]]]]

Message History
---------------------------------------------------------------------------------------------------------------------------------------
RouteId              ProcessorId          Processor                                                                        Elapsed (ms)
[route49           ] [route49           ] [jms://mongoQueue?asyncConsumer=true&amp;concurrentConsumers=20                    ] [      8109]
[route49           ] [bean26            ] [bean[Routes: []]                                                              ] [         0]
[route49           ] [bean27            ] [bean[com.wstester.dispatcher.mongo.MongoConnection@739e8b96]                  ] [         1]
[route49           ] [process90         ] [com.wstester.dispatcher.mongo.MongoPreProcessor@19b07407                      ] [         0]
[route49           ] [process91         ] [com.wstester.asset.AssetProcessor@54ffa561                                    ] [         0]
[route49           ] [dynamicRouter6    ] [dynamicRouter[bean{com.wstester.dispatcher.mongo.MongoConnection, method=getCo] [      8107]
[                  ] [process88         ] [com.wstester.exceptions.ExceptionProcessor@d54d0f5                            ] [         0]
[                  ] [to54              ] [jms:topic:responseTopic                                                       ] [        17]

Exchange
---------------------------------------------------------------------------------------------------------------------------------------
Exchange[
	Id                  ID-EN61102-54393-1411629140859-5-3
	ExchangePattern     InOnly
	Headers             {breadcrumbId=ID:EN61102-54392-1411629140448-31:1:1:3:1, CamelJmsDeliveryMode=1, CamelMongoDbCollection=customer, CamelMongoDbDatabase=test, CamelMongoDbOperation=findAll, JMSCorrelationID=null, JMSDeliveryMode=2, JMSDestination=queue://mongoQueue, JMSExpiration=0, JMSMessageID=ID:EN61102-54392-1411629140448-29:9:1:1:1, JMSPriority=4, JMSRedelivered=false, JMSReplyTo=null, JMSTimestamp=1411629220297, JMSType=null, JMSXGroupID=null, JMSXUserID=null}
	BodyType            com.wstester.model.Response
	Body                Response [stepID=b82b6542-ac88-47d4-a8fd-836bc2071050, content=null, status=FAILED, errorMessage=CamelMongoDbException:com.mongodb.MongoException$Network: Read operation to server /127.0.0.1:27017 failed on database test]
]

Stacktrace
---------------------------------------------------------------------------------------------------------------------------------------
org.apache.camel.component.mongodb.CamelMongoDbException: com.mongodb.MongoException$Network: Read operation to server /127.0.0.1:27017 failed on database test
	at org.apache.camel.component.mongodb.MongoDbComponent.wrapInCamelMongoDbException(MongoDbComponent.java:75)[camel-mongodb-2.13.2.jar:2.13.2]
	at org.apache.camel.component.mongodb.MongoDbProducer.process(MongoDbProducer.java:74)[camel-mongodb-2.13.2.jar:2.13.2]
	at org.apache.camel.util.AsyncProcessorConverterHelper$ProcessorToAsyncProcessorBridge.process(AsyncProcessorConverterHelper.java:61)[camel-core-2.13.2.jar:2.13.2]
	at org.apache.camel.processor.RoutingSlip$2.doInAsyncProducer(RoutingSlip.java:301)[camel-core-2.13.2.jar:2.13.2]
	at org.apache.camel.impl.ProducerCache.doInAsyncProducer(ProducerCache.java:307)[camel-core-2.13.2.jar:2.13.2]
	at org.apache.camel.processor.RoutingSlip.processExchange(RoutingSlip.java:294)[camel-core-2.13.2.jar:2.13.2]
	at org.apache.camel.processor.RoutingSlip.doRoutingSlip(RoutingSlip.java:215)[camel-core-2.13.2.jar:2.13.2]
	at org.apache.camel.processor.RoutingSlip.process(RoutingSlip.java:146)[camel-core-2.13.2.jar:2.13.2]
	at org.apache.camel.processor.RedeliveryErrorHandler$AsyncRedeliveryTask.call(RedeliveryErrorHandler.java:131)[camel-core-2.13.2.jar:2.13.2]
	at org.apache.camel.processor.RedeliveryErrorHandler$AsyncRedeliveryTask.call(RedeliveryErrorHandler.java:99)[camel-core-2.13.2.jar:2.13.2]
	at java.util.concurrent.FutureTask.run(FutureTask.java:266)[:1.8.0_05]
	at java.util.concurrent.ScheduledThreadPoolExecutor$ScheduledFutureTask.access$201(ScheduledThreadPoolExecutor.java:180)[:1.8.0_05]
	at java.util.concurrent.ScheduledThreadPoolExecutor$ScheduledFutureTask.run(ScheduledThreadPoolExecutor.java:293)[:1.8.0_05]
	at java.util.concurrent.ThreadPoolExecutor.runWorker(ThreadPoolExecutor.java:1142)[:1.8.0_05]
	at java.util.concurrent.ThreadPoolExecutor$Worker.run(ThreadPoolExecutor.java:617)[:1.8.0_05]
	at java.lang.Thread.run(Thread.java:745)[:1.8.0_05]
[                          main] ResponseCallback               INFO  [b82b6542-ac88-47d4-a8fd-836bc2071050] Response sent: Response [stepID=b82b6542-ac88-47d4-a8fd-836bc2071050, content=null, status=FAILED, errorMessage=CamelMongoDbException:com.mongodb.MongoException$Network: Read operation to server /127.0.0.1:27017 failed on database test]
[                          main] TestRunner                     INFO  [b82b6542-ac88-47d4-a8fd-836bc2071050] Response [stepID=b82b6542-ac88-47d4-a8fd-836bc2071050, content=null, status=FAILED, errorMessage=CamelMongoDbException:com.mongodb.MongoException$Network: Read operation to server /127.0.0.1:27017 failed on database test]
[410 - JmsConsumer[finishTopic]] route48                        INFO  [9f854db4-08fa-41d2-b705-09202da0bed3] received finish message
[516 - JmsConsumer[finishTopic]] route59                        INFO  [9f854db4-08fa-41d2-b705-09202da0bed3] received finish message
[452 - JmsConsumer[finishTopic]] route52                        INFO  [9f854db4-08fa-41d2-b705-09202da0bed3] received finish message
[                          main] TestBaseClass                  INFO  ********************************************************************************
[                          main] TestBaseClass                  INFO  Done testing: selectMoreRows(com.wstester.camel.mongo.SelectTest)
[                          main] TestBaseClass                  INFO  ********************************************************************************
</system-out>
    <system-err>Sep 25, 2014 10:13:36 AM com.mongodb.DBTCPConnector initDirectConnection
WARNING: Exception executing isMaster command on /127.0.0.1:27017
java.net.ConnectException: Connection refused: connect
	at java.net.DualStackPlainSocketImpl.waitForConnect(Native Method)
	at java.net.DualStackPlainSocketImpl.socketConnect(DualStackPlainSocketImpl.java:85)
	at java.net.AbstractPlainSocketImpl.doConnect(AbstractPlainSocketImpl.java:345)
	at java.net.AbstractPlainSocketImpl.connectToAddress(AbstractPlainSocketImpl.java:206)
	at java.net.AbstractPlainSocketImpl.connect(AbstractPlainSocketImpl.java:188)
	at java.net.PlainSocketImpl.connect(PlainSocketImpl.java:172)
	at java.net.SocksSocketImpl.connect(SocksSocketImpl.java:392)
	at java.net.Socket.connect(Socket.java:589)
	at com.mongodb.DBPort._open(DBPort.java:223)
	at com.mongodb.DBPort.go(DBPort.java:125)
	at com.mongodb.DBPort.go(DBPort.java:106)
	at com.mongodb.DBPort.findOne(DBPort.java:162)
	at com.mongodb.DBPort.runCommand(DBPort.java:170)
	at com.mongodb.DBTCPConnector.initDirectConnection(DBTCPConnector.java:547)
	at com.mongodb.DBTCPConnector.isMongosConnection(DBTCPConnector.java:334)
	at com.mongodb.Mongo.isMongosConnection(Mongo.java:618)
	at com.mongodb.DB.wrapCommand(DB.java:282)
	at com.mongodb.DB.command(DB.java:260)
	at com.mongodb.DB.command(DB.java:244)
	at com.mongodb.DB.command(DB.java:301)
	at com.mongodb.DB.command(DB.java:199)
	at com.mongodb.DBCollection.dropIndexes(DBCollection.java:844)
	at com.mongodb.DBCollection.dropIndexes(DBCollection.java:828)
	at org.apache.camel.component.mongodb.MongoDbEndpoint.ensureIndex(MongoDbEndpoint.java:196)
	at org.apache.camel.component.mongodb.MongoDbProducer.calculateCollection(MongoDbProducer.java:421)
	at org.apache.camel.component.mongodb.MongoDbProducer.doInsert(MongoDbProducer.java:238)
	at org.apache.camel.component.mongodb.MongoDbProducer.invokeOperation(MongoDbProducer.java:105)
	at org.apache.camel.component.mongodb.MongoDbProducer.process(MongoDbProducer.java:72)
	at org.apache.camel.util.AsyncProcessorConverterHelper$ProcessorToAsyncProcessorBridge.process(AsyncProcessorConverterHelper.java:61)
	at org.apache.camel.processor.RoutingSlip$2.doInAsyncProducer(RoutingSlip.java:301)
	at org.apache.camel.impl.ProducerCache.doInAsyncProducer(ProducerCache.java:307)
	at org.apache.camel.processor.RoutingSlip.processExchange(RoutingSlip.java:294)
	at org.apache.camel.processor.RoutingSlip.doRoutingSlip(RoutingSlip.java:215)
	at org.apache.camel.processor.RoutingSlip.process(RoutingSlip.java:146)
	at org.apache.camel.processor.RedeliveryErrorHandler.process(RedeliveryErrorHandler.java:398)
	at org.apache.camel.processor.CamelInternalProcessor.process(CamelInternalProcessor.java:191)
	at org.apache.camel.processor.Pipeline.process(Pipeline.java:118)
	at org.apache.camel.processor.Pipeline.process(Pipeline.java:80)
	at org.apache.camel.processor.CamelInternalProcessor.process(CamelInternalProcessor.java:191)
	at org.apache.camel.component.jms.EndpointMessageListener.onMessage(EndpointMessageListener.java:114)
	at org.springframework.jms.listener.AbstractMessageListenerContainer.doInvokeListener(AbstractMessageListenerContainer.java:562)
	at org.springframework.jms.listener.AbstractMessageListenerContainer.invokeListener(AbstractMessageListenerContainer.java:500)
	at org.springframework.jms.listener.AbstractMessageListenerContainer.doExecuteListener(AbstractMessageListenerContainer.java:468)
	at org.springframework.jms.listener.AbstractPollingMessageListenerContainer.doReceiveAndExecute(AbstractPollingMessageListenerContainer.java:325)
	at org.springframework.jms.listener.AbstractPollingMessageListenerContainer.receiveAndExecute(AbstractPollingMessageListenerContainer.java:263)
	at org.springframework.jms.listener.DefaultMessageListenerContainer$AsyncMessageListenerInvoker.invokeListener(DefaultMessageListenerContainer.java:1101)
	at org.springframework.jms.listener.DefaultMessageListenerContainer$AsyncMessageListenerInvoker.executeOngoingLoop(DefaultMessageListenerContainer.java:1093)
	at org.springframework.jms.listener.DefaultMessageListenerContainer$AsyncMessageListenerInvoker.run(DefaultMessageListenerContainer.java:990)
	at java.util.concurrent.ThreadPoolExecutor.runWorker(ThreadPoolExecutor.java:1142)
	at java.util.concurrent.ThreadPoolExecutor$Worker.run(ThreadPoolExecutor.java:617)
	at java.lang.Thread.run(Thread.java:745)

Sep 25, 2014 10:13:36 AM com.mongodb.DBTCPConnector initDirectConnection
WARNING: Exception executing isMaster command on /127.0.0.1:27017
java.net.ConnectException: Connection refused: connect
	at java.net.DualStackPlainSocketImpl.waitForConnect(Native Method)
	at java.net.DualStackPlainSocketImpl.socketConnect(DualStackPlainSocketImpl.java:85)
	at java.net.AbstractPlainSocketImpl.doConnect(AbstractPlainSocketImpl.java:345)
	at java.net.AbstractPlainSocketImpl.connectToAddress(AbstractPlainSocketImpl.java:206)
	at java.net.AbstractPlainSocketImpl.connect(AbstractPlainSocketImpl.java:188)
	at java.net.PlainSocketImpl.connect(PlainSocketImpl.java:172)
	at java.net.SocksSocketImpl.connect(SocksSocketImpl.java:392)
	at java.net.Socket.connect(Socket.java:589)
	at com.mongodb.DBPort._open(DBPort.java:223)
	at com.mongodb.DBPort.go(DBPort.java:125)
	at com.mongodb.DBPort.go(DBPort.java:106)
	at com.mongodb.DBPort.findOne(DBPort.java:162)
	at com.mongodb.DBPort.runCommand(DBPort.java:170)
	at com.mongodb.DBTCPConnector.initDirectConnection(DBTCPConnector.java:547)
	at com.mongodb.DBTCPConnector.isMongosConnection(DBTCPConnector.java:334)
	at com.mongodb.Mongo.isMongosConnection(Mongo.java:618)
	at com.mongodb.DB.wrapCommand(DB.java:282)
	at com.mongodb.DB.command(DB.java:260)
	at com.mongodb.DB.command(DB.java:244)
	at com.mongodb.DB.command(DB.java:301)
	at com.mongodb.DB.command(DB.java:199)
	at com.mongodb.DBCollection.dropIndexes(DBCollection.java:844)
	at com.mongodb.DBCollection.dropIndexes(DBCollection.java:828)
	at org.apache.camel.component.mongodb.MongoDbEndpoint.ensureIndex(MongoDbEndpoint.java:196)
	at org.apache.camel.component.mongodb.MongoDbProducer.calculateCollection(MongoDbProducer.java:421)
	at org.apache.camel.component.mongodb.MongoDbProducer.doFindAll(MongoDbProducer.java:269)
	at org.apache.camel.component.mongodb.MongoDbProducer.invokeOperation(MongoDbProducer.java:101)
	at org.apache.camel.component.mongodb.MongoDbProducer.process(MongoDbProducer.java:72)
	at org.apache.camel.util.AsyncProcessorConverterHelper$ProcessorToAsyncProcessorBridge.process(AsyncProcessorConverterHelper.java:61)
	at org.apache.camel.processor.RoutingSlip$2.doInAsyncProducer(RoutingSlip.java:301)
	at org.apache.camel.impl.ProducerCache.doInAsyncProducer(ProducerCache.java:307)
	at org.apache.camel.processor.RoutingSlip.processExchange(RoutingSlip.java:294)
	at org.apache.camel.processor.RoutingSlip.doRoutingSlip(RoutingSlip.java:215)
	at org.apache.camel.processor.RoutingSlip.process(RoutingSlip.java:146)
	at org.apache.camel.processor.RedeliveryErrorHandler.process(RedeliveryErrorHandler.java:398)
	at org.apache.camel.processor.CamelInternalProcessor.process(CamelInternalProcessor.java:191)
	at org.apache.camel.processor.Pipeline.process(Pipeline.java:118)
	at org.apache.camel.processor.Pipeline.process(Pipeline.java:80)
	at org.apache.camel.processor.CamelInternalProcessor.process(CamelInternalProcessor.java:191)
	at org.apache.camel.component.jms.EndpointMessageListener.onMessage(EndpointMessageListener.java:114)
	at org.springframework.jms.listener.AbstractMessageListenerContainer.doInvokeListener(AbstractMessageListenerContainer.java:562)
	at org.springframework.jms.listener.AbstractMessageListenerContainer.invokeListener(AbstractMessageListenerContainer.java:500)
	at org.springframework.jms.listener.AbstractMessageListenerContainer.doExecuteListener(AbstractMessageListenerContainer.java:468)
	at org.springframework.jms.listener.AbstractPollingMessageListenerContainer.doReceiveAndExecute(AbstractPollingMessageListenerContainer.java:325)
	at org.springframework.jms.listener.AbstractPollingMessageListenerContainer.receiveAndExecute(AbstractPollingMessageListenerContainer.java:263)
	at org.springframework.jms.listener.DefaultMessageListenerContainer$AsyncMessageListenerInvoker.invokeListener(DefaultMessageListenerContainer.java:1101)
	at org.springframework.jms.listener.DefaultMessageListenerContainer$AsyncMessageListenerInvoker.executeOngoingLoop(DefaultMessageListenerContainer.java:1093)
	at org.springframework.jms.listener.DefaultMessageListenerContainer$AsyncMessageListenerInvoker.run(DefaultMessageListenerContainer.java:990)
	at java.util.concurrent.ThreadPoolExecutor.runWorker(ThreadPoolExecutor.java:1142)
	at java.util.concurrent.ThreadPoolExecutor$Worker.run(ThreadPoolExecutor.java:617)
	at java.lang.Thread.run(Thread.java:745)

Sep 25, 2014 10:13:36 AM com.mongodb.DBTCPConnector initDirectConnection
WARNING: Exception executing isMaster command on /127.0.0.1:27017
java.net.ConnectException: Connection refused: connect
	at java.net.DualStackPlainSocketImpl.waitForConnect(Native Method)
	at java.net.DualStackPlainSocketImpl.socketConnect(DualStackPlainSocketImpl.java:85)
	at java.net.AbstractPlainSocketImpl.doConnect(AbstractPlainSocketImpl.java:345)
	at java.net.AbstractPlainSocketImpl.connectToAddress(AbstractPlainSocketImpl.java:206)
	at java.net.AbstractPlainSocketImpl.connect(AbstractPlainSocketImpl.java:188)
	at java.net.PlainSocketImpl.connect(PlainSocketImpl.java:172)
	at java.net.SocksSocketImpl.connect(SocksSocketImpl.java:392)
	at java.net.Socket.connect(Socket.java:589)
	at com.mongodb.DBPort._open(DBPort.java:223)
	at com.mongodb.DBPort.go(DBPort.java:125)
	at com.mongodb.DBPort.go(DBPort.java:106)
	at com.mongodb.DBPort.findOne(DBPort.java:162)
	at com.mongodb.DBPort.runCommand(DBPort.java:170)
	at com.mongodb.DBTCPConnector.initDirectConnection(DBTCPConnector.java:547)
	at com.mongodb.DBTCPConnector.isMongosConnection(DBTCPConnector.java:334)
	at com.mongodb.Mongo.isMongosConnection(Mongo.java:618)
	at com.mongodb.DB.wrapCommand(DB.java:282)
	at com.mongodb.DB.command(DB.java:260)
	at com.mongodb.DB.command(DB.java:244)
	at com.mongodb.DB.command(DB.java:301)
	at com.mongodb.DB.command(DB.java:199)
	at com.mongodb.DBCollection.dropIndexes(DBCollection.java:844)
	at com.mongodb.DBCollection.dropIndexes(DBCollection.java:828)
	at org.apache.camel.component.mongodb.MongoDbEndpoint.ensureIndex(MongoDbEndpoint.java:196)
	at org.apache.camel.component.mongodb.MongoDbProducer.calculateCollection(MongoDbProducer.java:421)
	at org.apache.camel.component.mongodb.MongoDbProducer.doFindAll(MongoDbProducer.java:269)
	at org.apache.camel.component.mongodb.MongoDbProducer.invokeOperation(MongoDbProducer.java:101)
	at org.apache.camel.component.mongodb.MongoDbProducer.process(MongoDbProducer.java:72)
	at org.apache.camel.util.AsyncProcessorConverterHelper$ProcessorToAsyncProcessorBridge.process(AsyncProcessorConverterHelper.java:61)
	at org.apache.camel.processor.RoutingSlip$2.doInAsyncProducer(RoutingSlip.java:301)
	at org.apache.camel.impl.ProducerCache.doInAsyncProducer(ProducerCache.java:307)
	at org.apache.camel.processor.RoutingSlip.processExchange(RoutingSlip.java:294)
	at org.apache.camel.processor.RoutingSlip.doRoutingSlip(RoutingSlip.java:215)
	at org.apache.camel.processor.RoutingSlip.process(RoutingSlip.java:146)
	at org.apache.camel.processor.RedeliveryErrorHandler$AsyncRedeliveryTask.call(RedeliveryErrorHandler.java:131)
	at org.apache.camel.processor.RedeliveryErrorHandler$AsyncRedeliveryTask.call(RedeliveryErrorHandler.java:99)
	at java.util.concurrent.FutureTask.run(FutureTask.java:266)
	at java.util.concurrent.ScheduledThreadPoolExecutor$ScheduledFutureTask.access$201(ScheduledThreadPoolExecutor.java:180)
	at java.util.concurrent.ScheduledThreadPoolExecutor$ScheduledFutureTask.run(ScheduledThreadPoolExecutor.java:293)
	at java.util.concurrent.ThreadPoolExecutor.runWorker(ThreadPoolExecutor.java:1142)
	at java.util.concurrent.ThreadPoolExecutor$Worker.run(ThreadPoolExecutor.java:617)
	at java.lang.Thread.run(Thread.java:745)

Sep 25, 2014 10:13:37 AM com.mongodb.DBTCPConnector initDirectConnection
WARNING: Exception executing isMaster command on /127.0.0.1:27017
java.net.ConnectException: Connection refused: connect
	at java.net.DualStackPlainSocketImpl.waitForConnect(Native Method)
	at java.net.DualStackPlainSocketImpl.socketConnect(DualStackPlainSocketImpl.java:85)
	at java.net.AbstractPlainSocketImpl.doConnect(AbstractPlainSocketImpl.java:345)
	at java.net.AbstractPlainSocketImpl.connectToAddress(AbstractPlainSocketImpl.java:206)
	at java.net.AbstractPlainSocketImpl.connect(AbstractPlainSocketImpl.java:188)
	at java.net.PlainSocketImpl.connect(PlainSocketImpl.java:172)
	at java.net.SocksSocketImpl.connect(SocksSocketImpl.java:392)
	at java.net.Socket.connect(Socket.java:589)
	at com.mongodb.DBPort._open(DBPort.java:223)
	at com.mongodb.DBPort.go(DBPort.java:125)
	at com.mongodb.DBPort.go(DBPort.java:106)
	at com.mongodb.DBPort.findOne(DBPort.java:162)
	at com.mongodb.DBPort.runCommand(DBPort.java:170)
	at com.mongodb.DBTCPConnector.initDirectConnection(DBTCPConnector.java:547)
	at com.mongodb.DBTCPConnector.checkMaster(DBTCPConnector.java:526)
	at com.mongodb.DBTCPConnector.innerCall(DBTCPConnector.java:236)
	at com.mongodb.DBTCPConnector.call(DBTCPConnector.java:216)
	at com.mongodb.DBApiLayer$MyCollection.__find(DBApiLayer.java:288)
	at com.mongodb.DB.command(DB.java:262)
	at com.mongodb.DB.command(DB.java:244)
	at com.mongodb.DB.command(DB.java:301)
	at com.mongodb.DB.command(DB.java:199)
	at com.mongodb.DBCollection.dropIndexes(DBCollection.java:844)
	at com.mongodb.DBCollection.dropIndexes(DBCollection.java:828)
	at org.apache.camel.component.mongodb.MongoDbEndpoint.ensureIndex(MongoDbEndpoint.java:196)
	at org.apache.camel.component.mongodb.MongoDbProducer.calculateCollection(MongoDbProducer.java:421)
	at org.apache.camel.component.mongodb.MongoDbProducer.doInsert(MongoDbProducer.java:238)
	at org.apache.camel.component.mongodb.MongoDbProducer.invokeOperation(MongoDbProducer.java:105)
	at org.apache.camel.component.mongodb.MongoDbProducer.process(MongoDbProducer.java:72)
	at org.apache.camel.util.AsyncProcessorConverterHelper$ProcessorToAsyncProcessorBridge.process(AsyncProcessorConverterHelper.java:61)
	at org.apache.camel.processor.RoutingSlip$2.doInAsyncProducer(RoutingSlip.java:301)
	at org.apache.camel.impl.ProducerCache.doInAsyncProducer(ProducerCache.java:307)
	at org.apache.camel.processor.RoutingSlip.processExchange(RoutingSlip.java:294)
	at org.apache.camel.processor.RoutingSlip.doRoutingSlip(RoutingSlip.java:215)
	at org.apache.camel.processor.RoutingSlip.process(RoutingSlip.java:146)
	at org.apache.camel.processor.RedeliveryErrorHandler.process(RedeliveryErrorHandler.java:398)
	at org.apache.camel.processor.CamelInternalProcessor.process(CamelInternalProcessor.java:191)
	at org.apache.camel.processor.Pipeline.process(Pipeline.java:118)
	at org.apache.camel.processor.Pipeline.process(Pipeline.java:80)
	at org.apache.camel.processor.CamelInternalProcessor.process(CamelInternalProcessor.java:191)
	at org.apache.camel.component.jms.EndpointMessageListener.onMessage(EndpointMessageListener.java:114)
	at org.springframework.jms.listener.AbstractMessageListenerContainer.doInvokeListener(AbstractMessageListenerContainer.java:562)
	at org.springframework.jms.listener.AbstractMessageListenerContainer.invokeListener(AbstractMessageListenerContainer.java:500)
	at org.springframework.jms.listener.AbstractMessageListenerContainer.doExecuteListener(AbstractMessageListenerContainer.java:468)
	at org.springframework.jms.listener.AbstractPollingMessageListenerContainer.doReceiveAndExecute(AbstractPollingMessageListenerContainer.java:325)
	at org.springframework.jms.listener.AbstractPollingMessageListenerContainer.receiveAndExecute(AbstractPollingMessageListenerContainer.java:263)
	at org.springframework.jms.listener.DefaultMessageListenerContainer$AsyncMessageListenerInvoker.invokeListener(DefaultMessageListenerContainer.java:1101)
	at org.springframework.jms.listener.DefaultMessageListenerContainer$AsyncMessageListenerInvoker.executeOngoingLoop(DefaultMessageListenerContainer.java:1093)
	at org.springframework.jms.listener.DefaultMessageListenerContainer$AsyncMessageListenerInvoker.run(DefaultMessageListenerContainer.java:990)
	at java.util.concurrent.ThreadPoolExecutor.runWorker(ThreadPoolExecutor.java:1142)
	at java.util.concurrent.ThreadPoolExecutor$Worker.run(ThreadPoolExecutor.java:617)
	at java.lang.Thread.run(Thread.java:745)

Sep 25, 2014 10:13:37 AM com.mongodb.DBTCPConnector initDirectConnection
WARNING: Exception executing isMaster command on /127.0.0.1:27017
java.net.ConnectException: Connection refused: connect
	at java.net.DualStackPlainSocketImpl.waitForConnect(Native Method)
	at java.net.DualStackPlainSocketImpl.socketConnect(DualStackPlainSocketImpl.java:85)
	at java.net.AbstractPlainSocketImpl.doConnect(AbstractPlainSocketImpl.java:345)
	at java.net.AbstractPlainSocketImpl.connectToAddress(AbstractPlainSocketImpl.java:206)
	at java.net.AbstractPlainSocketImpl.connect(AbstractPlainSocketImpl.java:188)
	at java.net.PlainSocketImpl.connect(PlainSocketImpl.java:172)
	at java.net.SocksSocketImpl.connect(SocksSocketImpl.java:392)
	at java.net.Socket.connect(Socket.java:589)
	at com.mongodb.DBPort._open(DBPort.java:223)
	at com.mongodb.DBPort.go(DBPort.java:125)
	at com.mongodb.DBPort.go(DBPort.java:106)
	at com.mongodb.DBPort.findOne(DBPort.java:162)
	at com.mongodb.DBPort.runCommand(DBPort.java:170)
	at com.mongodb.DBTCPConnector.initDirectConnection(DBTCPConnector.java:547)
	at com.mongodb.DBTCPConnector.checkMaster(DBTCPConnector.java:526)
	at com.mongodb.DBTCPConnector.innerCall(DBTCPConnector.java:236)
	at com.mongodb.DBTCPConnector.call(DBTCPConnector.java:216)
	at com.mongodb.DBApiLayer$MyCollection.__find(DBApiLayer.java:288)
	at com.mongodb.DB.command(DB.java:262)
	at com.mongodb.DB.command(DB.java:244)
	at com.mongodb.DB.command(DB.java:301)
	at com.mongodb.DB.command(DB.java:199)
	at com.mongodb.DBCollection.dropIndexes(DBCollection.java:844)
	at com.mongodb.DBCollection.dropIndexes(DBCollection.java:828)
	at org.apache.camel.component.mongodb.MongoDbEndpoint.ensureIndex(MongoDbEndpoint.java:196)
	at org.apache.camel.component.mongodb.MongoDbProducer.calculateCollection(MongoDbProducer.java:421)
	at org.apache.camel.component.mongodb.MongoDbProducer.doFindAll(MongoDbProducer.java:269)
	at org.apache.camel.component.mongodb.MongoDbProducer.invokeOperation(MongoDbProducer.java:101)
	at org.apache.camel.component.mongodb.MongoDbProducer.process(MongoDbProducer.java:72)
	at org.apache.camel.util.AsyncProcessorConverterHelper$ProcessorToAsyncProcessorBridge.process(AsyncProcessorConverterHelper.java:61)
	at org.apache.camel.processor.RoutingSlip$2.doInAsyncProducer(RoutingSlip.java:301)
	at org.apache.camel.impl.ProducerCache.doInAsyncProducer(ProducerCache.java:307)
	at org.apache.camel.processor.RoutingSlip.processExchange(RoutingSlip.java:294)
	at org.apache.camel.processor.RoutingSlip.doRoutingSlip(RoutingSlip.java:215)
	at org.apache.camel.processor.RoutingSlip.process(RoutingSlip.java:146)
	at org.apache.camel.processor.RedeliveryErrorHandler.process(RedeliveryErrorHandler.java:398)
	at org.apache.camel.processor.CamelInternalProcessor.process(CamelInternalProcessor.java:191)
	at org.apache.camel.processor.Pipeline.process(Pipeline.java:118)
	at org.apache.camel.processor.Pipeline.process(Pipeline.java:80)
	at org.apache.camel.processor.CamelInternalProcessor.process(CamelInternalProcessor.java:191)
	at org.apache.camel.component.jms.EndpointMessageListener.onMessage(EndpointMessageListener.java:114)
	at org.springframework.jms.listener.AbstractMessageListenerContainer.doInvokeListener(AbstractMessageListenerContainer.java:562)
	at org.springframework.jms.listener.AbstractMessageListenerContainer.invokeListener(AbstractMessageListenerContainer.java:500)
	at org.springframework.jms.listener.AbstractMessageListenerContainer.doExecuteListener(AbstractMessageListenerContainer.java:468)
	at org.springframework.jms.listener.AbstractPollingMessageListenerContainer.doReceiveAndExecute(AbstractPollingMessageListenerContainer.java:325)
	at org.springframework.jms.listener.AbstractPollingMessageListenerContainer.receiveAndExecute(AbstractPollingMessageListenerContainer.java:263)
	at org.springframework.jms.listener.DefaultMessageListenerContainer$AsyncMessageListenerInvoker.invokeListener(DefaultMessageListenerContainer.java:1101)
	at org.springframework.jms.listener.DefaultMessageListenerContainer$AsyncMessageListenerInvoker.executeOngoingLoop(DefaultMessageListenerContainer.java:1093)
	at org.springframework.jms.listener.DefaultMessageListenerContainer$AsyncMessageListenerInvoker.run(DefaultMessageListenerContainer.java:990)
	at java.util.concurrent.ThreadPoolExecutor.runWorker(ThreadPoolExecutor.java:1142)
	at java.util.concurrent.ThreadPoolExecutor$Worker.run(ThreadPoolExecutor.java:617)
	at java.lang.Thread.run(Thread.java:745)

Sep 25, 2014 10:13:37 AM com.mongodb.DBTCPConnector initDirectConnection
WARNING: Exception executing isMaster command on /127.0.0.1:27017
java.net.ConnectException: Connection refused: connect
	at java.net.DualStackPlainSocketImpl.waitForConnect(Native Method)
	at java.net.DualStackPlainSocketImpl.socketConnect(DualStackPlainSocketImpl.java:85)
	at java.net.AbstractPlainSocketImpl.doConnect(AbstractPlainSocketImpl.java:345)
	at java.net.AbstractPlainSocketImpl.connectToAddress(AbstractPlainSocketImpl.java:206)
	at java.net.AbstractPlainSocketImpl.connect(AbstractPlainSocketImpl.java:188)
	at java.net.PlainSocketImpl.connect(PlainSocketImpl.java:172)
	at java.net.SocksSocketImpl.connect(SocksSocketImpl.java:392)
	at java.net.Socket.connect(Socket.java:589)
	at com.mongodb.DBPort._open(DBPort.java:223)
	at com.mongodb.DBPort.go(DBPort.java:125)
	at com.mongodb.DBPort.go(DBPort.java:106)
	at com.mongodb.DBPort.findOne(DBPort.java:162)
	at com.mongodb.DBPort.runCommand(DBPort.java:170)
	at com.mongodb.DBTCPConnector.initDirectConnection(DBTCPConnector.java:547)
	at com.mongodb.DBTCPConnector.checkMaster(DBTCPConnector.java:526)
	at com.mongodb.DBTCPConnector.innerCall(DBTCPConnector.java:236)
	at com.mongodb.DBTCPConnector.call(DBTCPConnector.java:216)
	at com.mongodb.DBApiLayer$MyCollection.__find(DBApiLayer.java:288)
	at com.mongodb.DB.command(DB.java:262)
	at com.mongodb.DB.command(DB.java:244)
	at com.mongodb.DB.command(DB.java:301)
	at com.mongodb.DB.command(DB.java:199)
	at com.mongodb.DBCollection.dropIndexes(DBCollection.java:844)
	at com.mongodb.DBCollection.dropIndexes(DBCollection.java:828)
	at org.apache.camel.component.mongodb.MongoDbEndpoint.ensureIndex(MongoDbEndpoint.java:196)
	at org.apache.camel.component.mongodb.MongoDbProducer.calculateCollection(MongoDbProducer.java:421)
	at org.apache.camel.component.mongodb.MongoDbProducer.doFindAll(MongoDbProducer.java:269)
	at org.apache.camel.component.mongodb.MongoDbProducer.invokeOperation(MongoDbProducer.java:101)
	at org.apache.camel.component.mongodb.MongoDbProducer.process(MongoDbProducer.java:72)
	at org.apache.camel.util.AsyncProcessorConverterHelper$ProcessorToAsyncProcessorBridge.process(AsyncProcessorConverterHelper.java:61)
	at org.apache.camel.processor.RoutingSlip$2.doInAsyncProducer(RoutingSlip.java:301)
	at org.apache.camel.impl.ProducerCache.doInAsyncProducer(ProducerCache.java:307)
	at org.apache.camel.processor.RoutingSlip.processExchange(RoutingSlip.java:294)
	at org.apache.camel.processor.RoutingSlip.doRoutingSlip(RoutingSlip.java:215)
	at org.apache.camel.processor.RoutingSlip.process(RoutingSlip.java:146)
	at org.apache.camel.processor.RedeliveryErrorHandler$AsyncRedeliveryTask.call(RedeliveryErrorHandler.java:131)
	at org.apache.camel.processor.RedeliveryErrorHandler$AsyncRedeliveryTask.call(RedeliveryErrorHandler.java:99)
	at java.util.concurrent.FutureTask.run(FutureTask.java:266)
	at java.util.concurrent.ScheduledThreadPoolExecutor$ScheduledFutureTask.access$201(ScheduledThreadPoolExecutor.java:180)
	at java.util.concurrent.ScheduledThreadPoolExecutor$ScheduledFutureTask.run(ScheduledThreadPoolExecutor.java:293)
	at java.util.concurrent.ThreadPoolExecutor.runWorker(ThreadPoolExecutor.java:1142)
	at java.util.concurrent.ThreadPoolExecutor$Worker.run(ThreadPoolExecutor.java:617)
	at java.lang.Thread.run(Thread.java:745)

Sep 25, 2014 10:13:38 AM com.mongodb.DBPortPool gotError
WARNING: emptying DBPortPool to /127.0.0.1:27017 b/c of error
java.net.ConnectException: Connection refused: connect
	at java.net.DualStackPlainSocketImpl.waitForConnect(Native Method)
	at java.net.DualStackPlainSocketImpl.socketConnect(DualStackPlainSocketImpl.java:85)
	at java.net.AbstractPlainSocketImpl.doConnect(AbstractPlainSocketImpl.java:345)
	at java.net.AbstractPlainSocketImpl.connectToAddress(AbstractPlainSocketImpl.java:206)
	at java.net.AbstractPlainSocketImpl.connect(AbstractPlainSocketImpl.java:188)
	at java.net.PlainSocketImpl.connect(PlainSocketImpl.java:172)
	at java.net.SocksSocketImpl.connect(SocksSocketImpl.java:392)
	at java.net.Socket.connect(Socket.java:589)
	at com.mongodb.DBPort._open(DBPort.java:223)
	at com.mongodb.DBPort.go(DBPort.java:125)
	at com.mongodb.DBPort.call(DBPort.java:92)
	at com.mongodb.DBTCPConnector.innerCall(DBTCPConnector.java:244)
	at com.mongodb.DBTCPConnector.call(DBTCPConnector.java:216)
	at com.mongodb.DBApiLayer$MyCollection.__find(DBApiLayer.java:288)
	at com.mongodb.DB.command(DB.java:262)
	at com.mongodb.DB.command(DB.java:244)
	at com.mongodb.DB.command(DB.java:301)
	at com.mongodb.DB.command(DB.java:199)
	at com.mongodb.DBCollection.dropIndexes(DBCollection.java:844)
	at com.mongodb.DBCollection.dropIndexes(DBCollection.java:828)
	at org.apache.camel.component.mongodb.MongoDbEndpoint.ensureIndex(MongoDbEndpoint.java:196)
	at org.apache.camel.component.mongodb.MongoDbProducer.calculateCollection(MongoDbProducer.java:421)
	at org.apache.camel.component.mongodb.MongoDbProducer.doInsert(MongoDbProducer.java:238)
	at org.apache.camel.component.mongodb.MongoDbProducer.invokeOperation(MongoDbProducer.java:105)
	at org.apache.camel.component.mongodb.MongoDbProducer.process(MongoDbProducer.java:72)
	at org.apache.camel.util.AsyncProcessorConverterHelper$ProcessorToAsyncProcessorBridge.process(AsyncProcessorConverterHelper.java:61)
	at org.apache.camel.processor.RoutingSlip$2.doInAsyncProducer(RoutingSlip.java:301)
	at org.apache.camel.impl.ProducerCache.doInAsyncProducer(ProducerCache.java:307)
	at org.apache.camel.processor.RoutingSlip.processExchange(RoutingSlip.java:294)
	at org.apache.camel.processor.RoutingSlip.doRoutingSlip(RoutingSlip.java:215)
	at org.apache.camel.processor.RoutingSlip.process(RoutingSlip.java:146)
	at org.apache.camel.processor.RedeliveryErrorHandler.process(RedeliveryErrorHandler.java:398)
	at org.apache.camel.processor.CamelInternalProcessor.process(CamelInternalProcessor.java:191)
	at org.apache.camel.processor.Pipeline.process(Pipeline.java:118)
	at org.apache.camel.processor.Pipeline.process(Pipeline.java:80)
	at org.apache.camel.processor.CamelInternalProcessor.process(CamelInternalProcessor.java:191)
	at org.apache.camel.component.jms.EndpointMessageListener.onMessage(EndpointMessageListener.java:114)
	at org.springframework.jms.listener.AbstractMessageListenerContainer.doInvokeListener(AbstractMessageListenerContainer.java:562)
	at org.springframework.jms.listener.AbstractMessageListenerContainer.invokeListener(AbstractMessageListenerContainer.java:500)
	at org.springframework.jms.listener.AbstractMessageListenerContainer.doExecuteListener(AbstractMessageListenerContainer.java:468)
	at org.springframework.jms.listener.AbstractPollingMessageListenerContainer.doReceiveAndExecute(AbstractPollingMessageListenerContainer.java:325)
	at org.springframework.jms.listener.AbstractPollingMessageListenerContainer.receiveAndExecute(AbstractPollingMessageListenerContainer.java:263)
	at org.springframework.jms.listener.DefaultMessageListenerContainer$AsyncMessageListenerInvoker.invokeListener(DefaultMessageListenerContainer.java:1101)
	at org.springframework.jms.listener.DefaultMessageListenerContainer$AsyncMessageListenerInvoker.executeOngoingLoop(DefaultMessageListenerContainer.java:1093)
	at org.springframework.jms.listener.DefaultMessageListenerContainer$AsyncMessageListenerInvoker.run(DefaultMessageListenerContainer.java:990)
	at java.util.concurrent.ThreadPoolExecutor.runWorker(ThreadPoolExecutor.java:1142)
	at java.util.concurrent.ThreadPoolExecutor$Worker.run(ThreadPoolExecutor.java:617)
	at java.lang.Thread.run(Thread.java:745)

Sep 25, 2014 10:13:38 AM com.mongodb.DBPortPool gotError
WARNING: emptying DBPortPool to /127.0.0.1:27017 b/c of error
java.net.ConnectException: Connection refused: connect
	at java.net.DualStackPlainSocketImpl.waitForConnect(Native Method)
	at java.net.DualStackPlainSocketImpl.socketConnect(DualStackPlainSocketImpl.java:85)
	at java.net.AbstractPlainSocketImpl.doConnect(AbstractPlainSocketImpl.java:345)
	at java.net.AbstractPlainSocketImpl.connectToAddress(AbstractPlainSocketImpl.java:206)
	at java.net.AbstractPlainSocketImpl.connect(AbstractPlainSocketImpl.java:188)
	at java.net.PlainSocketImpl.connect(PlainSocketImpl.java:172)
	at java.net.SocksSocketImpl.connect(SocksSocketImpl.java:392)
	at java.net.Socket.connect(Socket.java:589)
	at com.mongodb.DBPort._open(DBPort.java:223)
	at com.mongodb.DBPort.go(DBPort.java:125)
	at com.mongodb.DBPort.call(DBPort.java:92)
	at com.mongodb.DBTCPConnector.innerCall(DBTCPConnector.java:244)
	at com.mongodb.DBTCPConnector.call(DBTCPConnector.java:216)
	at com.mongodb.DBApiLayer$MyCollection.__find(DBApiLayer.java:288)
	at com.mongodb.DB.command(DB.java:262)
	at com.mongodb.DB.command(DB.java:244)
	at com.mongodb.DB.command(DB.java:301)
	at com.mongodb.DB.command(DB.java:199)
	at com.mongodb.DBCollection.dropIndexes(DBCollection.java:844)
	at com.mongodb.DBCollection.dropIndexes(DBCollection.java:828)
	at org.apache.camel.component.mongodb.MongoDbEndpoint.ensureIndex(MongoDbEndpoint.java:196)
	at org.apache.camel.component.mongodb.MongoDbProducer.calculateCollection(MongoDbProducer.java:421)
	at org.apache.camel.component.mongodb.MongoDbProducer.doFindAll(MongoDbProducer.java:269)
	at org.apache.camel.component.mongodb.MongoDbProducer.invokeOperation(MongoDbProducer.java:101)
	at org.apache.camel.component.mongodb.MongoDbProducer.process(MongoDbProducer.java:72)
	at org.apache.camel.util.AsyncProcessorConverterHelper$ProcessorToAsyncProcessorBridge.process(AsyncProcessorConverterHelper.java:61)
	at org.apache.camel.processor.RoutingSlip$2.doInAsyncProducer(RoutingSlip.java:301)
	at org.apache.camel.impl.ProducerCache.doInAsyncProducer(ProducerCache.java:307)
	at org.apache.camel.processor.RoutingSlip.processExchange(RoutingSlip.java:294)
	at org.apache.camel.processor.RoutingSlip.doRoutingSlip(RoutingSlip.java:215)
	at org.apache.camel.processor.RoutingSlip.process(RoutingSlip.java:146)
	at org.apache.camel.processor.RedeliveryErrorHandler.process(RedeliveryErrorHandler.java:398)
	at org.apache.camel.processor.CamelInternalProcessor.process(CamelInternalProcessor.java:191)
	at org.apache.camel.processor.Pipeline.process(Pipeline.java:118)
	at org.apache.camel.processor.Pipeline.process(Pipeline.java:80)
	at org.apache.camel.processor.CamelInternalProcessor.process(CamelInternalProcessor.java:191)
	at org.apache.camel.component.jms.EndpointMessageListener.onMessage(EndpointMessageListener.java:114)
	at org.springframework.jms.listener.AbstractMessageListenerContainer.doInvokeListener(AbstractMessageListenerContainer.java:562)
	at org.springframework.jms.listener.AbstractMessageListenerContainer.invokeListener(AbstractMessageListenerContainer.java:500)
	at org.springframework.jms.listener.AbstractMessageListenerContainer.doExecuteListener(AbstractMessageListenerContainer.java:468)
	at org.springframework.jms.listener.AbstractPollingMessageListenerContainer.doReceiveAndExecute(AbstractPollingMessageListenerContainer.java:325)
	at org.springframework.jms.listener.AbstractPollingMessageListenerContainer.receiveAndExecute(AbstractPollingMessageListenerContainer.java:263)
	at org.springframework.jms.listener.DefaultMessageListenerContainer$AsyncMessageListenerInvoker.invokeListener(DefaultMessageListenerContainer.java:1101)
	at org.springframework.jms.listener.DefaultMessageListenerContainer$AsyncMessageListenerInvoker.executeOngoingLoop(DefaultMessageListenerContainer.java:1093)
	at org.springframework.jms.listener.DefaultMessageListenerContainer$AsyncMessageListenerInvoker.run(DefaultMessageListenerContainer.java:990)
	at java.util.concurrent.ThreadPoolExecutor.runWorker(ThreadPoolExecutor.java:1142)
	at java.util.concurrent.ThreadPoolExecutor$Worker.run(ThreadPoolExecutor.java:617)
	at java.lang.Thread.run(Thread.java:745)

Sep 25, 2014 10:13:38 AM com.mongodb.DBPortPool gotError
WARNING: emptying DBPortPool to /127.0.0.1:27017 b/c of error
java.net.ConnectException: Connection refused: connect
	at java.net.DualStackPlainSocketImpl.waitForConnect(Native Method)
	at java.net.DualStackPlainSocketImpl.socketConnect(DualStackPlainSocketImpl.java:85)
	at java.net.AbstractPlainSocketImpl.doConnect(AbstractPlainSocketImpl.java:345)
	at java.net.AbstractPlainSocketImpl.connectToAddress(AbstractPlainSocketImpl.java:206)
	at java.net.AbstractPlainSocketImpl.connect(AbstractPlainSocketImpl.java:188)
	at java.net.PlainSocketImpl.connect(PlainSocketImpl.java:172)
	at java.net.SocksSocketImpl.connect(SocksSocketImpl.java:392)
	at java.net.Socket.connect(Socket.java:589)
	at com.mongodb.DBPort._open(DBPort.java:223)
	at com.mongodb.DBPort.go(DBPort.java:125)
	at com.mongodb.DBPort.call(DBPort.java:92)
	at com.mongodb.DBTCPConnector.innerCall(DBTCPConnector.java:244)
	at com.mongodb.DBTCPConnector.call(DBTCPConnector.java:216)
	at com.mongodb.DBApiLayer$MyCollection.__find(DBApiLayer.java:288)
	at com.mongodb.DB.command(DB.java:262)
	at com.mongodb.DB.command(DB.java:244)
	at com.mongodb.DB.command(DB.java:301)
	at com.mongodb.DB.command(DB.java:199)
	at com.mongodb.DBCollection.dropIndexes(DBCollection.java:844)
	at com.mongodb.DBCollection.dropIndexes(DBCollection.java:828)
	at org.apache.camel.component.mongodb.MongoDbEndpoint.ensureIndex(MongoDbEndpoint.java:196)
	at org.apache.camel.component.mongodb.MongoDbProducer.calculateCollection(MongoDbProducer.java:421)
	at org.apache.camel.component.mongodb.MongoDbProducer.doFindAll(MongoDbProducer.java:269)
	at org.apache.camel.component.mongodb.MongoDbProducer.invokeOperation(MongoDbProducer.java:101)
	at org.apache.camel.component.mongodb.MongoDbProducer.process(MongoDbProducer.java:72)
	at org.apache.camel.util.AsyncProcessorConverterHelper$ProcessorToAsyncProcessorBridge.process(AsyncProcessorConverterHelper.java:61)
	at org.apache.camel.processor.RoutingSlip$2.doInAsyncProducer(RoutingSlip.java:301)
	at org.apache.camel.impl.ProducerCache.doInAsyncProducer(ProducerCache.java:307)
	at org.apache.camel.processor.RoutingSlip.processExchange(RoutingSlip.java:294)
	at org.apache.camel.processor.RoutingSlip.doRoutingSlip(RoutingSlip.java:215)
	at org.apache.camel.processor.RoutingSlip.process(RoutingSlip.java:146)
	at org.apache.camel.processor.RedeliveryErrorHandler$AsyncRedeliveryTask.call(RedeliveryErrorHandler.java:131)
	at org.apache.camel.processor.RedeliveryErrorHandler$AsyncRedeliveryTask.call(RedeliveryErrorHandler.java:99)
	at java.util.concurrent.FutureTask.run(FutureTask.java:266)
	at java.util.concurrent.ScheduledThreadPoolExecutor$ScheduledFutureTask.access$201(ScheduledThreadPoolExecutor.java:180)
	at java.util.concurrent.ScheduledThreadPoolExecutor$ScheduledFutureTask.run(ScheduledThreadPoolExecutor.java:293)
	at java.util.concurrent.ThreadPoolExecutor.runWorker(ThreadPoolExecutor.java:1142)
	at java.util.concurrent.ThreadPoolExecutor$Worker.run(ThreadPoolExecutor.java:617)
	at java.lang.Thread.run(Thread.java:745)

Sep 25, 2014 10:13:41 AM com.mongodb.DBTCPConnector initDirectConnection
WARNING: Exception executing isMaster command on /127.0.0.1:27017
java.net.ConnectException: Connection refused: connect
	at java.net.DualStackPlainSocketImpl.waitForConnect(Native Method)
	at java.net.DualStackPlainSocketImpl.socketConnect(DualStackPlainSocketImpl.java:85)
	at java.net.AbstractPlainSocketImpl.doConnect(AbstractPlainSocketImpl.java:345)
	at java.net.AbstractPlainSocketImpl.connectToAddress(AbstractPlainSocketImpl.java:206)
	at java.net.AbstractPlainSocketImpl.connect(AbstractPlainSocketImpl.java:188)
	at java.net.PlainSocketImpl.connect(PlainSocketImpl.java:172)
	at java.net.SocksSocketImpl.connect(SocksSocketImpl.java:392)
	at java.net.Socket.connect(Socket.java:589)
	at com.mongodb.DBPort._open(DBPort.java:223)
	at com.mongodb.DBPort.go(DBPort.java:125)
	at com.mongodb.DBPort.go(DBPort.java:106)
	at com.mongodb.DBPort.findOne(DBPort.java:162)
	at com.mongodb.DBPort.runCommand(DBPort.java:170)
	at com.mongodb.DBTCPConnector.initDirectConnection(DBTCPConnector.java:547)
	at com.mongodb.DBTCPConnector.isMongosConnection(DBTCPConnector.java:334)
	at com.mongodb.Mongo.isMongosConnection(Mongo.java:618)
	at com.mongodb.DB.wrapCommand(DB.java:282)
	at com.mongodb.DB.command(DB.java:260)
	at com.mongodb.DB.command(DB.java:244)
	at com.mongodb.DB.command(DB.java:301)
	at com.mongodb.DB.command(DB.java:199)
	at com.mongodb.DBCollection.dropIndexes(DBCollection.java:844)
	at com.mongodb.DBCollection.dropIndexes(DBCollection.java:828)
	at org.apache.camel.component.mongodb.MongoDbEndpoint.ensureIndex(MongoDbEndpoint.java:196)
	at org.apache.camel.component.mongodb.MongoDbProducer.calculateCollection(MongoDbProducer.java:421)
	at org.apache.camel.component.mongodb.MongoDbProducer.doFindAll(MongoDbProducer.java:269)
	at org.apache.camel.component.mongodb.MongoDbProducer.invokeOperation(MongoDbProducer.java:101)
	at org.apache.camel.component.mongodb.MongoDbProducer.process(MongoDbProducer.java:72)
	at org.apache.camel.util.AsyncProcessorConverterHelper$ProcessorToAsyncProcessorBridge.process(AsyncProcessorConverterHelper.java:61)
	at org.apache.camel.processor.RoutingSlip$2.doInAsyncProducer(RoutingSlip.java:301)
	at org.apache.camel.impl.ProducerCache.doInAsyncProducer(ProducerCache.java:307)
	at org.apache.camel.processor.RoutingSlip.processExchange(RoutingSlip.java:294)
	at org.apache.camel.processor.RoutingSlip.doRoutingSlip(RoutingSlip.java:215)
	at org.apache.camel.processor.RoutingSlip.process(RoutingSlip.java:146)
	at org.apache.camel.processor.RedeliveryErrorHandler.process(RedeliveryErrorHandler.java:398)
	at org.apache.camel.processor.CamelInternalProcessor.process(CamelInternalProcessor.java:191)
	at org.apache.camel.processor.Pipeline.process(Pipeline.java:118)
	at org.apache.camel.processor.Pipeline.process(Pipeline.java:80)
	at org.apache.camel.processor.CamelInternalProcessor.process(CamelInternalProcessor.java:191)
	at org.apache.camel.component.jms.EndpointMessageListener.onMessage(EndpointMessageListener.java:114)
	at org.springframework.jms.listener.AbstractMessageListenerContainer.doInvokeListener(AbstractMessageListenerContainer.java:562)
	at org.springframework.jms.listener.AbstractMessageListenerContainer.invokeListener(AbstractMessageListenerContainer.java:500)
	at org.springframework.jms.listener.AbstractMessageListenerContainer.doExecuteListener(AbstractMessageListenerContainer.java:468)
	at org.springframework.jms.listener.AbstractPollingMessageListenerContainer.doReceiveAndExecute(AbstractPollingMessageListenerContainer.java:325)
	at org.springframework.jms.listener.AbstractPollingMessageListenerContainer.receiveAndExecute(AbstractPollingMessageListenerContainer.java:263)
	at org.springframework.jms.listener.DefaultMessageListenerContainer$AsyncMessageListenerInvoker.invokeListener(DefaultMessageListenerContainer.java:1101)
	at org.springframework.jms.listener.DefaultMessageListenerContainer$AsyncMessageListenerInvoker.executeOngoingLoop(DefaultMessageListenerContainer.java:1093)
	at org.springframework.jms.listener.DefaultMessageListenerContainer$AsyncMessageListenerInvoker.run(DefaultMessageListenerContainer.java:990)
	at java.util.concurrent.ThreadPoolExecutor.runWorker(ThreadPoolExecutor.java:1142)
	at java.util.concurrent.ThreadPoolExecutor$Worker.run(ThreadPoolExecutor.java:617)
	at java.lang.Thread.run(Thread.java:745)

Sep 25, 2014 10:13:42 AM com.mongodb.DBTCPConnector initDirectConnection
WARNING: Exception executing isMaster command on /127.0.0.1:27017
java.net.ConnectException: Connection refused: connect
	at java.net.DualStackPlainSocketImpl.waitForConnect(Native Method)
	at java.net.DualStackPlainSocketImpl.socketConnect(DualStackPlainSocketImpl.java:85)
	at java.net.AbstractPlainSocketImpl.doConnect(AbstractPlainSocketImpl.java:345)
	at java.net.AbstractPlainSocketImpl.connectToAddress(AbstractPlainSocketImpl.java:206)
	at java.net.AbstractPlainSocketImpl.connect(AbstractPlainSocketImpl.java:188)
	at java.net.PlainSocketImpl.connect(PlainSocketImpl.java:172)
	at java.net.SocksSocketImpl.connect(SocksSocketImpl.java:392)
	at java.net.Socket.connect(Socket.java:589)
	at com.mongodb.DBPort._open(DBPort.java:223)
	at com.mongodb.DBPort.go(DBPort.java:125)
	at com.mongodb.DBPort.go(DBPort.java:106)
	at com.mongodb.DBPort.findOne(DBPort.java:162)
	at com.mongodb.DBPort.runCommand(DBPort.java:170)
	at com.mongodb.DBTCPConnector.initDirectConnection(DBTCPConnector.java:547)
	at com.mongodb.DBTCPConnector.checkMaster(DBTCPConnector.java:526)
	at com.mongodb.DBTCPConnector.innerCall(DBTCPConnector.java:236)
	at com.mongodb.DBTCPConnector.call(DBTCPConnector.java:216)
	at com.mongodb.DBApiLayer$MyCollection.__find(DBApiLayer.java:288)
	at com.mongodb.DB.command(DB.java:262)
	at com.mongodb.DB.command(DB.java:244)
	at com.mongodb.DB.command(DB.java:301)
	at com.mongodb.DB.command(DB.java:199)
	at com.mongodb.DBCollection.dropIndexes(DBCollection.java:844)
	at com.mongodb.DBCollection.dropIndexes(DBCollection.java:828)
	at org.apache.camel.component.mongodb.MongoDbEndpoint.ensureIndex(MongoDbEndpoint.java:196)
	at org.apache.camel.component.mongodb.MongoDbProducer.calculateCollection(MongoDbProducer.java:421)
	at org.apache.camel.component.mongodb.MongoDbProducer.doFindAll(MongoDbProducer.java:269)
	at org.apache.camel.component.mongodb.MongoDbProducer.invokeOperation(MongoDbProducer.java:101)
	at org.apache.camel.component.mongodb.MongoDbProducer.process(MongoDbProducer.java:72)
	at org.apache.camel.util.AsyncProcessorConverterHelper$ProcessorToAsyncProcessorBridge.process(AsyncProcessorConverterHelper.java:61)
	at org.apache.camel.processor.RoutingSlip$2.doInAsyncProducer(RoutingSlip.java:301)
	at org.apache.camel.impl.ProducerCache.doInAsyncProducer(ProducerCache.java:307)
	at org.apache.camel.processor.RoutingSlip.processExchange(RoutingSlip.java:294)
	at org.apache.camel.processor.RoutingSlip.doRoutingSlip(RoutingSlip.java:215)
	at org.apache.camel.processor.RoutingSlip.process(RoutingSlip.java:146)
	at org.apache.camel.processor.RedeliveryErrorHandler.process(RedeliveryErrorHandler.java:398)
	at org.apache.camel.processor.CamelInternalProcessor.process(CamelInternalProcessor.java:191)
	at org.apache.camel.processor.Pipeline.process(Pipeline.java:118)
	at org.apache.camel.processor.Pipeline.process(Pipeline.java:80)
	at org.apache.camel.processor.CamelInternalProcessor.process(CamelInternalProcessor.java:191)
	at org.apache.camel.component.jms.EndpointMessageListener.onMessage(EndpointMessageListener.java:114)
	at org.springframework.jms.listener.AbstractMessageListenerContainer.doInvokeListener(AbstractMessageListenerContainer.java:562)
	at org.springframework.jms.listener.AbstractMessageListenerContainer.invokeListener(AbstractMessageListenerContainer.java:500)
	at org.springframework.jms.listener.AbstractMessageListenerContainer.doExecuteListener(AbstractMessageListenerContainer.java:468)
	at org.springframework.jms.listener.AbstractPollingMessageListenerContainer.doReceiveAndExecute(AbstractPollingMessageListenerContainer.java:325)
	at org.springframework.jms.listener.AbstractPollingMessageListenerContainer.receiveAndExecute(AbstractPollingMessageListenerContainer.java:263)
	at org.springframework.jms.listener.DefaultMessageListenerContainer$AsyncMessageListenerInvoker.invokeListener(DefaultMessageListenerContainer.java:1101)
	at org.springframework.jms.listener.DefaultMessageListenerContainer$AsyncMessageListenerInvoker.executeOngoingLoop(DefaultMessageListenerContainer.java:1093)
	at org.springframework.jms.listener.DefaultMessageListenerContainer$AsyncMessageListenerInvoker.run(DefaultMessageListenerContainer.java:990)
	at java.util.concurrent.ThreadPoolExecutor.runWorker(ThreadPoolExecutor.java:1142)
	at java.util.concurrent.ThreadPoolExecutor$Worker.run(ThreadPoolExecutor.java:617)
	at java.lang.Thread.run(Thread.java:745)

Sep 25, 2014 10:13:43 AM com.mongodb.DBPortPool gotError
WARNING: emptying DBPortPool to /127.0.0.1:27017 b/c of error
java.net.ConnectException: Connection refused: connect
	at java.net.DualStackPlainSocketImpl.waitForConnect(Native Method)
	at java.net.DualStackPlainSocketImpl.socketConnect(DualStackPlainSocketImpl.java:85)
	at java.net.AbstractPlainSocketImpl.doConnect(AbstractPlainSocketImpl.java:345)
	at java.net.AbstractPlainSocketImpl.connectToAddress(AbstractPlainSocketImpl.java:206)
	at java.net.AbstractPlainSocketImpl.connect(AbstractPlainSocketImpl.java:188)
	at java.net.PlainSocketImpl.connect(PlainSocketImpl.java:172)
	at java.net.SocksSocketImpl.connect(SocksSocketImpl.java:392)
	at java.net.Socket.connect(Socket.java:589)
	at com.mongodb.DBPort._open(DBPort.java:223)
	at com.mongodb.DBPort.go(DBPort.java:125)
	at com.mongodb.DBPort.call(DBPort.java:92)
	at com.mongodb.DBTCPConnector.innerCall(DBTCPConnector.java:244)
	at com.mongodb.DBTCPConnector.call(DBTCPConnector.java:216)
	at com.mongodb.DBApiLayer$MyCollection.__find(DBApiLayer.java:288)
	at com.mongodb.DB.command(DB.java:262)
	at com.mongodb.DB.command(DB.java:244)
	at com.mongodb.DB.command(DB.java:301)
	at com.mongodb.DB.command(DB.java:199)
	at com.mongodb.DBCollection.dropIndexes(DBCollection.java:844)
	at com.mongodb.DBCollection.dropIndexes(DBCollection.java:828)
	at org.apache.camel.component.mongodb.MongoDbEndpoint.ensureIndex(MongoDbEndpoint.java:196)
	at org.apache.camel.component.mongodb.MongoDbProducer.calculateCollection(MongoDbProducer.java:421)
	at org.apache.camel.component.mongodb.MongoDbProducer.doFindAll(MongoDbProducer.java:269)
	at org.apache.camel.component.mongodb.MongoDbProducer.invokeOperation(MongoDbProducer.java:101)
	at org.apache.camel.component.mongodb.MongoDbProducer.process(MongoDbProducer.java:72)
	at org.apache.camel.util.AsyncProcessorConverterHelper$ProcessorToAsyncProcessorBridge.process(AsyncProcessorConverterHelper.java:61)
	at org.apache.camel.processor.RoutingSlip$2.doInAsyncProducer(RoutingSlip.java:301)
	at org.apache.camel.impl.ProducerCache.doInAsyncProducer(ProducerCache.java:307)
	at org.apache.camel.processor.RoutingSlip.processExchange(RoutingSlip.java:294)
	at org.apache.camel.processor.RoutingSlip.doRoutingSlip(RoutingSlip.java:215)
	at org.apache.camel.processor.RoutingSlip.process(RoutingSlip.java:146)
	at org.apache.camel.processor.RedeliveryErrorHandler.process(RedeliveryErrorHandler.java:398)
	at org.apache.camel.processor.CamelInternalProcessor.process(CamelInternalProcessor.java:191)
	at org.apache.camel.processor.Pipeline.process(Pipeline.java:118)
	at org.apache.camel.processor.Pipeline.process(Pipeline.java:80)
	at org.apache.camel.processor.CamelInternalProcessor.process(CamelInternalProcessor.java:191)
	at org.apache.camel.component.jms.EndpointMessageListener.onMessage(EndpointMessageListener.java:114)
	at org.springframework.jms.listener.AbstractMessageListenerContainer.doInvokeListener(AbstractMessageListenerContainer.java:562)
	at org.springframework.jms.listener.AbstractMessageListenerContainer.invokeListener(AbstractMessageListenerContainer.java:500)
	at org.springframework.jms.listener.AbstractMessageListenerContainer.doExecuteListener(AbstractMessageListenerContainer.java:468)
	at org.springframework.jms.listener.AbstractPollingMessageListenerContainer.doReceiveAndExecute(AbstractPollingMessageListenerContainer.java:325)
	at org.springframework.jms.listener.AbstractPollingMessageListenerContainer.receiveAndExecute(AbstractPollingMessageListenerContainer.java:263)
	at org.springframework.jms.listener.DefaultMessageListenerContainer$AsyncMessageListenerInvoker.invokeListener(DefaultMessageListenerContainer.java:1101)
	at org.springframework.jms.listener.DefaultMessageListenerContainer$AsyncMessageListenerInvoker.executeOngoingLoop(DefaultMessageListenerContainer.java:1093)
	at org.springframework.jms.listener.DefaultMessageListenerContainer$AsyncMessageListenerInvoker.run(DefaultMessageListenerContainer.java:990)
	at java.util.concurrent.ThreadPoolExecutor.runWorker(ThreadPoolExecutor.java:1142)
	at java.util.concurrent.ThreadPoolExecutor$Worker.run(ThreadPoolExecutor.java:617)
	at java.lang.Thread.run(Thread.java:745)

Sep 25, 2014 10:13:46 AM com.mongodb.DBTCPConnector initDirectConnection
WARNING: Exception executing isMaster command on /127.0.0.1:27017
java.net.ConnectException: Connection refused: connect
	at java.net.DualStackPlainSocketImpl.waitForConnect(Native Method)
	at java.net.DualStackPlainSocketImpl.socketConnect(DualStackPlainSocketImpl.java:85)
	at java.net.AbstractPlainSocketImpl.doConnect(AbstractPlainSocketImpl.java:345)
	at java.net.AbstractPlainSocketImpl.connectToAddress(AbstractPlainSocketImpl.java:206)
	at java.net.AbstractPlainSocketImpl.connect(AbstractPlainSocketImpl.java:188)
	at java.net.PlainSocketImpl.connect(PlainSocketImpl.java:172)
	at java.net.SocksSocketImpl.connect(SocksSocketImpl.java:392)
	at java.net.Socket.connect(Socket.java:589)
	at com.mongodb.DBPort._open(DBPort.java:223)
	at com.mongodb.DBPort.go(DBPort.java:125)
	at com.mongodb.DBPort.go(DBPort.java:106)
	at com.mongodb.DBPort.findOne(DBPort.java:162)
	at com.mongodb.DBPort.runCommand(DBPort.java:170)
	at com.mongodb.DBTCPConnector.initDirectConnection(DBTCPConnector.java:547)
	at com.mongodb.DBTCPConnector.isMongosConnection(DBTCPConnector.java:334)
	at com.mongodb.Mongo.isMongosConnection(Mongo.java:618)
	at com.mongodb.DB.wrapCommand(DB.java:282)
	at com.mongodb.DB.command(DB.java:260)
	at com.mongodb.DB.command(DB.java:244)
	at com.mongodb.DB.command(DB.java:301)
	at com.mongodb.DB.command(DB.java:199)
	at com.mongodb.DBCollection.dropIndexes(DBCollection.java:844)
	at com.mongodb.DBCollection.dropIndexes(DBCollection.java:828)
	at org.apache.camel.component.mongodb.MongoDbEndpoint.ensureIndex(MongoDbEndpoint.java:196)
	at org.apache.camel.component.mongodb.MongoDbProducer.calculateCollection(MongoDbProducer.java:421)
	at org.apache.camel.component.mongodb.MongoDbProducer.doFindAll(MongoDbProducer.java:269)
	at org.apache.camel.component.mongodb.MongoDbProducer.invokeOperation(MongoDbProducer.java:101)
	at org.apache.camel.component.mongodb.MongoDbProducer.process(MongoDbProducer.java:72)
	at org.apache.camel.util.AsyncProcessorConverterHelper$ProcessorToAsyncProcessorBridge.process(AsyncProcessorConverterHelper.java:61)
	at org.apache.camel.processor.RoutingSlip$2.doInAsyncProducer(RoutingSlip.java:301)
	at org.apache.camel.impl.ProducerCache.doInAsyncProducer(ProducerCache.java:307)
	at org.apache.camel.processor.RoutingSlip.processExchange(RoutingSlip.java:294)
	at org.apache.camel.processor.RoutingSlip.doRoutingSlip(RoutingSlip.java:215)
	at org.apache.camel.processor.RoutingSlip.process(RoutingSlip.java:146)
	at org.apache.camel.processor.RedeliveryErrorHandler$AsyncRedeliveryTask.call(RedeliveryErrorHandler.java:131)
	at org.apache.camel.processor.RedeliveryErrorHandler$AsyncRedeliveryTask.call(RedeliveryErrorHandler.java:99)
	at java.util.concurrent.FutureTask.run(FutureTask.java:266)
	at java.util.concurrent.ScheduledThreadPoolExecutor$ScheduledFutureTask.access$201(ScheduledThreadPoolExecutor.java:180)
	at java.util.concurrent.ScheduledThreadPoolExecutor$ScheduledFutureTask.run(ScheduledThreadPoolExecutor.java:293)
	at java.util.concurrent.ThreadPoolExecutor.runWorker(ThreadPoolExecutor.java:1142)
	at java.util.concurrent.ThreadPoolExecutor$Worker.run(ThreadPoolExecutor.java:617)
	at java.lang.Thread.run(Thread.java:745)

Sep 25, 2014 10:13:47 AM com.mongodb.DBTCPConnector initDirectConnection
WARNING: Exception executing isMaster command on /127.0.0.1:27017
java.net.ConnectException: Connection refused: connect
	at java.net.DualStackPlainSocketImpl.waitForConnect(Native Method)
	at java.net.DualStackPlainSocketImpl.socketConnect(DualStackPlainSocketImpl.java:85)
	at java.net.AbstractPlainSocketImpl.doConnect(AbstractPlainSocketImpl.java:345)
	at java.net.AbstractPlainSocketImpl.connectToAddress(AbstractPlainSocketImpl.java:206)
	at java.net.AbstractPlainSocketImpl.connect(AbstractPlainSocketImpl.java:188)
	at java.net.PlainSocketImpl.connect(PlainSocketImpl.java:172)
	at java.net.SocksSocketImpl.connect(SocksSocketImpl.java:392)
	at java.net.Socket.connect(Socket.java:589)
	at com.mongodb.DBPort._open(DBPort.java:223)
	at com.mongodb.DBPort.go(DBPort.java:125)
	at com.mongodb.DBPort.go(DBPort.java:106)
	at com.mongodb.DBPort.findOne(DBPort.java:162)
	at com.mongodb.DBPort.runCommand(DBPort.java:170)
	at com.mongodb.DBTCPConnector.initDirectConnection(DBTCPConnector.java:547)
	at com.mongodb.DBTCPConnector.checkMaster(DBTCPConnector.java:526)
	at com.mongodb.DBTCPConnector.innerCall(DBTCPConnector.java:236)
	at com.mongodb.DBTCPConnector.call(DBTCPConnector.java:216)
	at com.mongodb.DBApiLayer$MyCollection.__find(DBApiLayer.java:288)
	at com.mongodb.DB.command(DB.java:262)
	at com.mongodb.DB.command(DB.java:244)
	at com.mongodb.DB.command(DB.java:301)
	at com.mongodb.DB.command(DB.java:199)
	at com.mongodb.DBCollection.dropIndexes(DBCollection.java:844)
	at com.mongodb.DBCollection.dropIndexes(DBCollection.java:828)
	at org.apache.camel.component.mongodb.MongoDbEndpoint.ensureIndex(MongoDbEndpoint.java:196)
	at org.apache.camel.component.mongodb.MongoDbProducer.calculateCollection(MongoDbProducer.java:421)
[...]
	at java.net.AbstractPlainSocketImpl.connect(AbstractPlainSocketImpl.java:188)
	at java.net.PlainSocketImpl.connect(PlainSocketImpl.java:172)
	at java.net.SocksSocketImpl.connect(SocksSocketImpl.java:392)
	at java.net.Socket.connect(Socket.java:589)
	at com.mongodb.DBPort._open(DBPort.java:223)
	at com.mongodb.DBPort.go(DBPort.java:125)
	at com.mongodb.DBPort.go(DBPort.java:106)
	at com.mongodb.DBPort.findOne(DBPort.java:162)
	at com.mongodb.DBPort.runCommand(DBPort.java:170)
	at com.mongodb.DBTCPConnector.initDirectConnection(DBTCPConnector.java:547)
	at com.mongodb.DBTCPConnector.checkMaster(DBTCPConnector.java:526)
	at com.mongodb.DBTCPConnector.innerCall(DBTCPConnector.java:236)
	at com.mongodb.DBTCPConnector.call(DBTCPConnector.java:216)
	at com.mongodb.DBApiLayer$MyCollection.__find(DBApiLayer.java:288)
	at com.mongodb.DB.command(DB.java:262)
	at com.mongodb.DB.command(DB.java:244)
	at com.mongodb.DB.command(DB.java:301)
	at com.mongodb.DB.command(DB.java:199)
	at com.mongodb.DBCollection.dropIndexes(DBCollection.java:844)
	at com.mongodb.DBCollection.dropIndexes(DBCollection.java:828)
	at org.apache.camel.component.mongodb.MongoDbEndpoint.ensureIndex(MongoDbEndpoint.java:196)
	at org.apache.camel.component.mongodb.MongoDbProducer.calculateCollection(MongoDbProducer.java:421)
	at org.apache.camel.component.mongodb.MongoDbProducer.doFindAll(MongoDbProducer.java:269)
	at org.apache.camel.component.mongodb.MongoDbProducer.invokeOperation(MongoDbProducer.java:101)
	at org.apache.camel.component.mongodb.MongoDbProducer.process(MongoDbProducer.java:72)
	at org.apache.camel.util.AsyncProcessorConverterHelper$ProcessorToAsyncProcessorBridge.process(AsyncProcessorConverterHelper.java:61)
	at org.apache.camel.processor.RoutingSlip$2.doInAsyncProducer(RoutingSlip.java:301)
	at org.apache.camel.impl.ProducerCache.doInAsyncProducer(ProducerCache.java:307)
	at org.apache.camel.processor.RoutingSlip.processExchange(RoutingSlip.java:294)
	at org.apache.camel.processor.RoutingSlip.doRoutingSlip(RoutingSlip.java:215)
	at org.apache.camel.processor.RoutingSlip.process(RoutingSlip.java:146)
	at org.apache.camel.processor.RedeliveryErrorHandler$AsyncRedeliveryTask.call(RedeliveryErrorHandler.java:131)
	at org.apache.camel.processor.RedeliveryErrorHandler$AsyncRedeliveryTask.call(RedeliveryErrorHandler.java:99)
	at java.util.concurrent.FutureTask.run(FutureTask.java:266)
	at java.util.concurrent.ScheduledThreadPoolExecutor$ScheduledFutureTask.access$201(ScheduledThreadPoolExecutor.java:180)
	at java.util.concurrent.ScheduledThreadPoolExecutor$ScheduledFutureTask.run(ScheduledThreadPoolExecutor.java:293)
	at java.util.concurrent.ThreadPoolExecutor.runWorker(ThreadPoolExecutor.java:1142)
	at java.util.concurrent.ThreadPoolExecutor$Worker.run(ThreadPoolExecutor.java:617)
	at java.lang.Thread.run(Thread.java:745)

Sep 25, 2014 10:13:53 AM com.mongodb.DBPortPool gotError
WARNING: emptying DBPortPool to /127.0.0.1:27017 b/c of error
java.net.ConnectException: Connection refused: connect
	at java.net.DualStackPlainSocketImpl.waitForConnect(Native Method)
	at java.net.DualStackPlainSocketImpl.socketConnect(DualStackPlainSocketImpl.java:85)
	at java.net.AbstractPlainSocketImpl.doConnect(AbstractPlainSocketImpl.java:345)
	at java.net.AbstractPlainSocketImpl.connectToAddress(AbstractPlainSocketImpl.java:206)
	at java.net.AbstractPlainSocketImpl.connect(AbstractPlainSocketImpl.java:188)
	at java.net.PlainSocketImpl.connect(PlainSocketImpl.java:172)
	at java.net.SocksSocketImpl.connect(SocksSocketImpl.java:392)
	at java.net.Socket.connect(Socket.java:589)
	at com.mongodb.DBPort._open(DBPort.java:223)
	at com.mongodb.DBPort.go(DBPort.java:125)
	at com.mongodb.DBPort.call(DBPort.java:92)
	at com.mongodb.DBTCPConnector.innerCall(DBTCPConnector.java:244)
	at com.mongodb.DBTCPConnector.call(DBTCPConnector.java:216)
	at com.mongodb.DBApiLayer$MyCollection.__find(DBApiLayer.java:288)
	at com.mongodb.DB.command(DB.java:262)
	at com.mongodb.DB.command(DB.java:244)
	at com.mongodb.DB.command(DB.java:301)
	at com.mongodb.DB.command(DB.java:199)
	at com.mongodb.DBCollection.dropIndexes(DBCollection.java:844)
	at com.mongodb.DBCollection.dropIndexes(DBCollection.java:828)
	at org.apache.camel.component.mongodb.MongoDbEndpoint.ensureIndex(MongoDbEndpoint.java:196)
	at org.apache.camel.component.mongodb.MongoDbProducer.calculateCollection(MongoDbProducer.java:421)
	at org.apache.camel.component.mongodb.MongoDbProducer.doFindAll(MongoDbProducer.java:269)
	at org.apache.camel.component.mongodb.MongoDbProducer.invokeOperation(MongoDbProducer.java:101)
	at org.apache.camel.component.mongodb.MongoDbProducer.process(MongoDbProducer.java:72)
	at org.apache.camel.util.AsyncProcessorConverterHelper$ProcessorToAsyncProcessorBridge.process(AsyncProcessorConverterHelper.java:61)
	at org.apache.camel.processor.RoutingSlip$2.doInAsyncProducer(RoutingSlip.java:301)
	at org.apache.camel.impl.ProducerCache.doInAsyncProducer(ProducerCache.java:307)
	at org.apache.camel.processor.RoutingSlip.processExchange(RoutingSlip.java:294)
	at org.apache.camel.processor.RoutingSlip.doRoutingSlip(RoutingSlip.java:215)
	at org.apache.camel.processor.RoutingSlip.process(RoutingSlip.java:146)
	at org.apache.camel.processor.RedeliveryErrorHandler.process(RedeliveryErrorHandler.java:398)
	at org.apache.camel.processor.CamelInternalProcessor.process(CamelInternalProcessor.java:191)
	at org.apache.camel.processor.Pipeline.process(Pipeline.java:118)
	at org.apache.camel.processor.Pipeline.process(Pipeline.java:80)
	at org.apache.camel.processor.CamelInternalProcessor.process(CamelInternalProcessor.java:191)
	at org.apache.camel.component.jms.EndpointMessageListener.onMessage(EndpointMessageListener.java:114)
	at org.springframework.jms.listener.AbstractMessageListenerContainer.doInvokeListener(AbstractMessageListenerContainer.java:562)
	at org.springframework.jms.listener.AbstractMessageListenerContainer.invokeListener(AbstractMessageListenerContainer.java:500)
	at org.springframework.jms.listener.AbstractMessageListenerContainer.doExecuteListener(AbstractMessageListenerContainer.java:468)
	at org.springframework.jms.listener.AbstractPollingMessageListenerContainer.doReceiveAndExecute(AbstractPollingMessageListenerContainer.java:325)
	at org.springframework.jms.listener.AbstractPollingMessageListenerContainer.receiveAndExecute(AbstractPollingMessageListenerContainer.java:263)
	at org.springframework.jms.listener.DefaultMessageListenerContainer$AsyncMessageListenerInvoker.invokeListener(DefaultMessageListenerContainer.java:1101)
	at org.springframework.jms.listener.DefaultMessageListenerContainer$AsyncMessageListenerInvoker.executeOngoingLoop(DefaultMessageListenerContainer.java:1093)
	at org.springframework.jms.listener.DefaultMessageListenerContainer$AsyncMessageListenerInvoker.run(DefaultMessageListenerContainer.java:990)
	at java.util.concurrent.ThreadPoolExecutor.runWorker(ThreadPoolExecutor.java:1142)
	at java.util.concurrent.ThreadPoolExecutor$Worker.run(ThreadPoolExecutor.java:617)
	at java.lang.Thread.run(Thread.java:745)

Sep 25, 2014 10:13:53 AM com.mongodb.DBPortPool gotError
WARNING: emptying DBPortPool to /127.0.0.1:27017 b/c of error
java.net.ConnectException: Connection refused: connect
	at java.net.DualStackPlainSocketImpl.waitForConnect(Native Method)
	at java.net.DualStackPlainSocketImpl.socketConnect(DualStackPlainSocketImpl.java:85)
	at java.net.AbstractPlainSocketImpl.doConnect(AbstractPlainSocketImpl.java:345)
	at java.net.AbstractPlainSocketImpl.connectToAddress(AbstractPlainSocketImpl.java:206)
	at java.net.AbstractPlainSocketImpl.connect(AbstractPlainSocketImpl.java:188)
	at java.net.PlainSocketImpl.connect(PlainSocketImpl.java:172)
	at java.net.SocksSocketImpl.connect(SocksSocketImpl.java:392)
	at java.net.Socket.connect(Socket.java:589)
	at com.mongodb.DBPort._open(DBPort.java:223)
	at com.mongodb.DBPort.go(DBPort.java:125)
	at com.mongodb.DBPort.call(DBPort.java:92)
	at com.mongodb.DBTCPConnector.innerCall(DBTCPConnector.java:244)
	at com.mongodb.DBTCPConnector.call(DBTCPConnector.java:216)
	at com.mongodb.DBApiLayer$MyCollection.__find(DBApiLayer.java:288)
	at com.mongodb.DB.command(DB.java:262)
	at com.mongodb.DB.command(DB.java:244)
	at com.mongodb.DB.command(DB.java:301)
	at com.mongodb.DB.command(DB.java:199)
	at com.mongodb.DBCollection.dropIndexes(DBCollection.java:844)
	at com.mongodb.DBCollection.dropIndexes(DBCollection.java:828)
	at org.apache.camel.component.mongodb.MongoDbEndpoint.ensureIndex(MongoDbEndpoint.java:196)
	at org.apache.camel.component.mongodb.MongoDbProducer.calculateCollection(MongoDbProducer.java:421)
	at org.apache.camel.component.mongodb.MongoDbProducer.doFindAll(MongoDbProducer.java:269)
	at org.apache.camel.component.mongodb.MongoDbProducer.invokeOperation(MongoDbProducer.java:101)
	at org.apache.camel.component.mongodb.MongoDbProducer.process(MongoDbProducer.java:72)
	at org.apache.camel.util.AsyncProcessorConverterHelper$ProcessorToAsyncProcessorBridge.process(AsyncProcessorConverterHelper.java:61)
	at org.apache.camel.processor.RoutingSlip$2.doInAsyncProducer(RoutingSlip.java:301)
	at org.apache.camel.impl.ProducerCache.doInAsyncProducer(ProducerCache.java:307)
	at org.apache.camel.processor.RoutingSlip.processExchange(RoutingSlip.java:294)
	at org.apache.camel.processor.RoutingSlip.doRoutingSlip(RoutingSlip.java:215)
	at org.apache.camel.processor.RoutingSlip.process(RoutingSlip.java:146)
	at org.apache.camel.processor.RedeliveryErrorHandler$AsyncRedeliveryTask.call(RedeliveryErrorHandler.java:131)
	at org.apache.camel.processor.RedeliveryErrorHandler$AsyncRedeliveryTask.call(RedeliveryErrorHandler.java:99)
	at java.util.concurrent.FutureTask.run(FutureTask.java:266)
	at java.util.concurrent.ScheduledThreadPoolExecutor$ScheduledFutureTask.access$201(ScheduledThreadPoolExecutor.java:180)
	at java.util.concurrent.ScheduledThreadPoolExecutor$ScheduledFutureTask.run(ScheduledThreadPoolExecutor.java:293)
	at java.util.concurrent.ThreadPoolExecutor.runWorker(ThreadPoolExecutor.java:1142)
	at java.util.concurrent.ThreadPoolExecutor$Worker.run(ThreadPoolExecutor.java:617)
	at java.lang.Thread.run(Thread.java:745)

Sep 25, 2014 10:13:56 AM com.mongodb.DBTCPConnector initDirectConnection
WARNING: Exception executing isMaster command on /127.0.0.1:27017
java.net.ConnectException: Connection refused: connect
	at java.net.DualStackPlainSocketImpl.waitForConnect(Native Method)
	at java.net.DualStackPlainSocketImpl.socketConnect(DualStackPlainSocketImpl.java:85)
	at java.net.AbstractPlainSocketImpl.doConnect(AbstractPlainSocketImpl.java:345)
	at java.net.AbstractPlainSocketImpl.connectToAddress(AbstractPlainSocketImpl.java:206)
	at java.net.AbstractPlainSocketImpl.connect(AbstractPlainSocketImpl.java:188)
	at java.net.PlainSocketImpl.connect(PlainSocketImpl.java:172)
	at java.net.SocksSocketImpl.connect(SocksSocketImpl.java:392)
	at java.net.Socket.connect(Socket.java:589)
	at com.mongodb.DBPort._open(DBPort.java:223)
	at com.mongodb.DBPort.go(DBPort.java:125)
	at com.mongodb.DBPort.go(DBPort.java:106)
	at com.mongodb.DBPort.findOne(DBPort.java:162)
	at com.mongodb.DBPort.runCommand(DBPort.java:170)
	at com.mongodb.DBTCPConnector.initDirectConnection(DBTCPConnector.java:547)
	at com.mongodb.DBTCPConnector.isMongosConnection(DBTCPConnector.java:334)
	at com.mongodb.Mongo.isMongosConnection(Mongo.java:618)
	at com.mongodb.DB.wrapCommand(DB.java:282)
	at com.mongodb.DB.command(DB.java:260)
	at com.mongodb.DB.command(DB.java:244)
	at com.mongodb.DB.command(DB.java:301)
	at com.mongodb.DB.command(DB.java:199)
	at com.mongodb.DBCollection.dropIndexes(DBCollection.java:844)
	at com.mongodb.DBCollection.dropIndexes(DBCollection.java:828)
	at org.apache.camel.component.mongodb.MongoDbEndpoint.ensureIndex(MongoDbEndpoint.java:196)
	at org.apache.camel.component.mongodb.MongoDbProducer.calculateCollection(MongoDbProducer.java:421)
	at org.apache.camel.component.mongodb.MongoDbProducer.doFindAll(MongoDbProducer.java:269)
	at org.apache.camel.component.mongodb.MongoDbProducer.invokeOperation(MongoDbProducer.java:101)
	at org.apache.camel.component.mongodb.MongoDbProducer.process(MongoDbProducer.java:72)
	at org.apache.camel.util.AsyncProcessorConverterHelper$ProcessorToAsyncProcessorBridge.process(AsyncProcessorConverterHelper.java:61)
	at org.apache.camel.processor.RoutingSlip$2.doInAsyncProducer(RoutingSlip.java:301)
	at org.apache.camel.impl.ProducerCache.doInAsyncProducer(ProducerCache.java:307)
	at org.apache.camel.processor.RoutingSlip.processExchange(RoutingSlip.java:294)
	at org.apache.camel.processor.RoutingSlip.doRoutingSlip(RoutingSlip.java:215)
	at org.apache.camel.processor.RoutingSlip.process(RoutingSlip.java:146)
	at org.apache.camel.processor.RedeliveryErrorHandler$AsyncRedeliveryTask.call(RedeliveryErrorHandler.java:131)
	at org.apache.camel.processor.RedeliveryErrorHandler$AsyncRedeliveryTask.call(RedeliveryErrorHandler.java:99)
	at java.util.concurrent.FutureTask.run(FutureTask.java:266)
	at java.util.concurrent.ScheduledThreadPoolExecutor$ScheduledFutureTask.access$201(ScheduledThreadPoolExecutor.java:180)
	at java.util.concurrent.ScheduledThreadPoolExecutor$ScheduledFutureTask.run(ScheduledThreadPoolExecutor.java:293)
	at java.util.concurrent.ThreadPoolExecutor.runWorker(ThreadPoolExecutor.java:1142)
	at java.util.concurrent.ThreadPoolExecutor$Worker.run(ThreadPoolExecutor.java:617)
	at java.lang.Thread.run(Thread.java:745)

Sep 25, 2014 10:13:57 AM com.mongodb.DBTCPConnector initDirectConnection
WARNING: Exception executing isMaster command on /127.0.0.1:27017
java.net.ConnectException: Connection refused: connect
	at java.net.DualStackPlainSocketImpl.waitForConnect(Native Method)
	at java.net.DualStackPlainSocketImpl.socketConnect(DualStackPlainSocketImpl.java:85)
	at java.net.AbstractPlainSocketImpl.doConnect(AbstractPlainSocketImpl.java:345)
	at java.net.AbstractPlainSocketImpl.connectToAddress(AbstractPlainSocketImpl.java:206)
	at java.net.AbstractPlainSocketImpl.connect(AbstractPlainSocketImpl.java:188)
	at java.net.PlainSocketImpl.connect(PlainSocketImpl.java:172)
	at java.net.SocksSocketImpl.connect(SocksSocketImpl.java:392)
	at java.net.Socket.connect(Socket.java:589)
	at com.mongodb.DBPort._open(DBPort.java:223)
	at com.mongodb.DBPort.go(DBPort.java:125)
	at com.mongodb.DBPort.go(DBPort.java:106)
	at com.mongodb.DBPort.findOne(DBPort.java:162)
	at com.mongodb.DBPort.runCommand(DBPort.java:170)
	at com.mongodb.DBTCPConnector.initDirectConnection(DBTCPConnector.java:547)
	at com.mongodb.DBTCPConnector.checkMaster(DBTCPConnector.java:526)
	at com.mongodb.DBTCPConnector.innerCall(DBTCPConnector.java:236)
	at com.mongodb.DBTCPConnector.call(DBTCPConnector.java:216)
	at com.mongodb.DBApiLayer$MyCollection.__find(DBApiLayer.java:288)
	at com.mongodb.DB.command(DB.java:262)
	at com.mongodb.DB.command(DB.java:244)
	at com.mongodb.DB.command(DB.java:301)
	at com.mongodb.DB.command(DB.java:199)
	at com.mongodb.DBCollection.dropIndexes(DBCollection.java:844)
	at com.mongodb.DBCollection.dropIndexes(DBCollection.java:828)
	at org.apache.camel.component.mongodb.MongoDbEndpoint.ensureIndex(MongoDbEndpoint.java:196)
	at org.apache.camel.component.mongodb.MongoDbProducer.calculateCollection(MongoDbProducer.java:421)
	at org.apache.camel.component.mongodb.MongoDbProducer.doFindAll(MongoDbProducer.java:269)
	at org.apache.camel.component.mongodb.MongoDbProducer.invokeOperation(MongoDbProducer.java:101)
	at org.apache.camel.component.mongodb.MongoDbProducer.process(MongoDbProducer.java:72)
	at org.apache.camel.util.AsyncProcessorConverterHelper$ProcessorToAsyncProcessorBridge.process(AsyncProcessorConverterHelper.java:61)
	at org.apache.camel.processor.RoutingSlip$2.doInAsyncProducer(RoutingSlip.java:301)
	at org.apache.camel.impl.ProducerCache.doInAsyncProducer(ProducerCache.java:307)
	at org.apache.camel.processor.RoutingSlip.processExchange(RoutingSlip.java:294)
	at org.apache.camel.processor.RoutingSlip.doRoutingSlip(RoutingSlip.java:215)
	at org.apache.camel.processor.RoutingSlip.process(RoutingSlip.java:146)
	at org.apache.camel.processor.RedeliveryErrorHandler$AsyncRedeliveryTask.call(RedeliveryErrorHandler.java:131)
	at org.apache.camel.processor.RedeliveryErrorHandler$AsyncRedeliveryTask.call(RedeliveryErrorHandler.java:99)
	at java.util.concurrent.FutureTask.run(FutureTask.java:266)
	at java.util.concurrent.ScheduledThreadPoolExecutor$ScheduledFutureTask.access$201(ScheduledThreadPoolExecutor.java:180)
	at java.util.concurrent.ScheduledThreadPoolExecutor$ScheduledFutureTask.run(ScheduledThreadPoolExecutor.java:293)
	at java.util.concurrent.ThreadPoolExecutor.runWorker(ThreadPoolExecutor.java:1142)
	at java.util.concurrent.ThreadPoolExecutor$Worker.run(ThreadPoolExecutor.java:617)
	at java.lang.Thread.run(Thread.java:745)

Sep 25, 2014 10:13:58 AM com.mongodb.DBPortPool gotError
WARNING: emptying DBPortPool to /127.0.0.1:27017 b/c of error
java.net.ConnectException: Connection refused: connect
	at java.net.DualStackPlainSocketImpl.waitForConnect(Native Method)
	at java.net.DualStackPlainSocketImpl.socketConnect(DualStackPlainSocketImpl.java:85)
	at java.net.AbstractPlainSocketImpl.doConnect(AbstractPlainSocketImpl.java:345)
	at java.net.AbstractPlainSocketImpl.connectToAddress(AbstractPlainSocketImpl.java:206)
	at java.net.AbstractPlainSocketImpl.connect(AbstractPlainSocketImpl.java:188)
	at java.net.PlainSocketImpl.connect(PlainSocketImpl.java:172)
	at java.net.SocksSocketImpl.connect(SocksSocketImpl.java:392)
	at java.net.Socket.connect(Socket.java:589)
	at com.mongodb.DBPort._open(DBPort.java:223)
	at com.mongodb.DBPort.go(DBPort.java:125)
	at com.mongodb.DBPort.call(DBPort.java:92)
	at com.mongodb.DBTCPConnector.innerCall(DBTCPConnector.java:244)
	at com.mongodb.DBTCPConnector.call(DBTCPConnector.java:216)
	at com.mongodb.DBApiLayer$MyCollection.__find(DBApiLayer.java:288)
	at com.mongodb.DB.command(DB.java:262)
	at com.mongodb.DB.command(DB.java:244)
	at com.mongodb.DB.command(DB.java:301)
	at com.mongodb.DB.command(DB.java:199)
	at com.mongodb.DBCollection.dropIndexes(DBCollection.java:844)
	at com.mongodb.DBCollection.dropIndexes(DBCollection.java:828)
	at org.apache.camel.component.mongodb.MongoDbEndpoint.ensureIndex(MongoDbEndpoint.java:196)
	at org.apache.camel.component.mongodb.MongoDbProducer.calculateCollection(MongoDbProducer.java:421)
	at org.apache.camel.component.mongodb.MongoDbProducer.doFindAll(MongoDbProducer.java:269)
	at org.apache.camel.component.mongodb.MongoDbProducer.invokeOperation(MongoDbProducer.java:101)
	at org.apache.camel.component.mongodb.MongoDbProducer.process(MongoDbProducer.java:72)
	at org.apache.camel.util.AsyncProcessorConverterHelper$ProcessorToAsyncProcessorBridge.process(AsyncProcessorConverterHelper.java:61)
	at org.apache.camel.processor.RoutingSlip$2.doInAsyncProducer(RoutingSlip.java:301)
	at org.apache.camel.impl.ProducerCache.doInAsyncProducer(ProducerCache.java:307)
	at org.apache.camel.processor.RoutingSlip.processExchange(RoutingSlip.java:294)
	at org.apache.camel.processor.RoutingSlip.doRoutingSlip(RoutingSlip.java:215)
	at org.apache.camel.processor.RoutingSlip.process(RoutingSlip.java:146)
	at org.apache.camel.processor.RedeliveryErrorHandler$AsyncRedeliveryTask.call(RedeliveryErrorHandler.java:131)
	at org.apache.camel.processor.RedeliveryErrorHandler$AsyncRedeliveryTask.call(RedeliveryErrorHandler.java:99)
	at java.util.concurrent.FutureTask.run(FutureTask.java:266)
	at java.util.concurrent.ScheduledThreadPoolExecutor$ScheduledFutureTask.access$201(ScheduledThreadPoolExecutor.java:180)
	at java.util.concurrent.ScheduledThreadPoolExecutor$ScheduledFutureTask.run(ScheduledThreadPoolExecutor.java:293)
	at java.util.concurrent.ThreadPoolExecutor.runWorker(ThreadPoolExecutor.java:1142)
	at java.util.concurrent.ThreadPoolExecutor$Worker.run(ThreadPoolExecutor.java:617)
	at java.lang.Thread.run(Thread.java:745)

</system-err>
  </testcase>
</testsuite>