<?xml version="1.0" encoding="UTF-8" ?>
<testsuite tests="1" failures="0" name="com.wstester.camel.mysql.SelectTest" time="25.018" errors="1" skipped="0">
  <properties>
[...]
</properties>
  <testcase classname="com.wstester.camel.mysql.SelectTest" name="selectAllTest" time="25.018">
    <error type="java.lang.NullPointerException">java.lang.NullPointerException
	at com.wstester.camel.mysql.SelectTest.selectAllTest(SelectTest.java:31)
	at sun.reflect.NativeMethodAccessorImpl.invoke0(Native Method)
	at sun.reflect.NativeMethodAccessorImpl.invoke(NativeMethodAccessorImpl.java:62)
	at sun.reflect.DelegatingMethodAccessorImpl.invoke(DelegatingMethodAccessorImpl.java:43)
	at java.lang.reflect.Method.invoke(Method.java:483)
	at org.junit.runners.model.FrameworkMethod$1.runReflectiveCall(FrameworkMethod.java:47)
	at org.junit.internal.runners.model.ReflectiveCallable.run(ReflectiveCallable.java:12)
	at org.junit.runners.model.FrameworkMethod.invokeExplosively(FrameworkMethod.java:44)
	at org.junit.internal.runners.statements.InvokeMethod.evaluate(InvokeMethod.java:17)
	at org.junit.internal.runners.statements.RunAfters.evaluate(RunAfters.java:27)
	at org.junit.rules.TestWatcher$1.evaluate(TestWatcher.java:55)
	at org.junit.rules.RunRules.evaluate(RunRules.java:20)
	at org.junit.runners.ParentRunner.runLeaf(ParentRunner.java:271)
	at org.junit.runners.BlockJUnit4ClassRunner.runChild(BlockJUnit4ClassRunner.java:70)
	at org.junit.runners.BlockJUnit4ClassRunner.runChild(BlockJUnit4ClassRunner.java:50)
	at org.junit.runners.ParentRunner$3.run(ParentRunner.java:238)
	at org.junit.runners.ParentRunner$1.schedule(ParentRunner.java:63)
	at org.junit.runners.ParentRunner.runChildren(ParentRunner.java:236)
	at org.junit.runners.ParentRunner.access$000(ParentRunner.java:53)
	at org.junit.runners.ParentRunner$2.evaluate(ParentRunner.java:229)
	at org.junit.internal.runners.statements.RunBefores.evaluate(RunBefores.java:26)
	at org.junit.internal.runners.statements.RunAfters.evaluate(RunAfters.java:27)
	at org.junit.runners.ParentRunner.run(ParentRunner.java:309)
	at org.apache.maven.surefire.junit4.JUnit4Provider.execute(JUnit4Provider.java:252)
	at org.apache.maven.surefire.junit4.JUnit4Provider.executeTestSet(JUnit4Provider.java:141)
	at org.apache.maven.surefire.junit4.JUnit4Provider.invoke(JUnit4Provider.java:112)
	at sun.reflect.NativeMethodAccessorImpl.invoke0(Native Method)
	at sun.reflect.NativeMethodAccessorImpl.invoke(NativeMethodAccessorImpl.java:62)
	at sun.reflect.DelegatingMethodAccessorImpl.invoke(DelegatingMethodAccessorImpl.java:43)
	at java.lang.reflect.Method.invoke(Method.java:483)
	at org.apache.maven.surefire.util.ReflectionUtils.invokeMethodWithArray(ReflectionUtils.java:189)
	at org.apache.maven.surefire.booter.ProviderFactory$ProviderProxy.invoke(ProviderFactory.java:165)
	at org.apache.maven.surefire.booter.ProviderFactory.invokeProvider(ProviderFactory.java:85)
	at org.apache.maven.surefire.booter.ForkedBooter.runSuitesInProcess(ForkedBooter.java:115)
	at org.apache.maven.surefire.booter.ForkedBooter.main(ForkedBooter.java:75)
</error>
    <system-out>[                          main] SpringCamelContext             INFO  Apache Camel 2.13.2 (CamelContext: camel) is shutting down
[                          main] DefaultShutdownStrategy        INFO  Starting to graceful shutdown 14 routes (timeout 300 seconds)
[el) thread #632 - ShutdownTask] DefaultShutdownStrategy        INFO  Route: route74 shutdown complete, was consuming from: Endpoint[jms://assetQueue]
[el) thread #632 - ShutdownTask] DefaultShutdownStrategy        INFO  Route: route73 shutdown complete, was consuming from: Endpoint[jms://topic:finishTopic]
[el) thread #632 - ShutdownTask] DefaultShutdownStrategy        INFO  Route: route72 shutdown complete, was consuming from: Endpoint[jms://variableQueue]
[el) thread #632 - ShutdownTask] DefaultShutdownStrategy        INFO  Route: route71 shutdown complete, was consuming from: Endpoint[jms://mockingQueue]
[el) thread #632 - ShutdownTask] DefaultShutdownStrategy        INFO  Route: route70 shutdown complete, was consuming from: Endpoint[jms://soapQueue?asyncConsumer=true&amp;concurrentConsumers=20]
[el) thread #632 - ShutdownTask] DefaultShutdownStrategy        INFO  Route: route69 shutdown complete, was consuming from: Endpoint[jms://startQueue?asyncConsumer=true&amp;concurrentConsumers=20]
[el) thread #632 - ShutdownTask] DefaultShutdownStrategy        INFO  Route: route68 shutdown complete, was consuming from: Endpoint[jms://restQueue?asyncConsumer=true&amp;concurrentConsumers=20]
[el) thread #632 - ShutdownTask] DefaultShutdownStrategy        INFO  Route: route67 shutdown complete, was consuming from: Endpoint[jms://topic:startTopic]
[el) thread #632 - ShutdownTask] DefaultShutdownStrategy        INFO  Route: route66 shutdown complete, was consuming from: Endpoint[jms://topic:finishTopic]
[el) thread #632 - ShutdownTask] DefaultShutdownStrategy        INFO  Route: route65 shutdown complete, was consuming from: Endpoint[jms://topic:responseTopic]
[el) thread #632 - ShutdownTask] DefaultShutdownStrategy        INFO  Route: route64 shutdown complete, was consuming from: Endpoint[jms://mySQLQueue?asyncConsumer=true&amp;concurrentConsumers=20]
[el) thread #632 - ShutdownTask] DefaultShutdownStrategy        INFO  Route: route63 shutdown complete, was consuming from: Endpoint[jms://mongoQueue?asyncConsumer=true&amp;concurrentConsumers=20]
[el) thread #632 - ShutdownTask] DefaultShutdownStrategy        INFO  Route: route62 shutdown complete, was consuming from: Endpoint[jms://topic:finishTopic]
[el) thread #632 - ShutdownTask] DefaultShutdownStrategy        INFO  Route: route61 shutdown complete, was consuming from: Endpoint[jms://topic:responseTopic]
[                          main] DefaultShutdownStrategy        INFO  Graceful shutdown of 14 routes completed in 1 seconds
[                          main] SpringCamelContext             INFO  Apache Camel 2.13.2 (CamelContext: camel) uptime 26.352 seconds
[                          main] SpringCamelContext             INFO  Apache Camel 2.13.2 (CamelContext: camel) is shutdown in 1.083 seconds
[                          main] BrokerService                  INFO  Apache ActiveMQ 5.9.0 (localhost, ID:EN61102-54392-1411629140448-0:7) is shutting down
[                          main] TransportConnector             INFO  Connector tcp stopped
[                          main] BrokerService                  INFO  Apache ActiveMQ 5.9.0 (localhost, ID:EN61102-54392-1411629140448-0:7) uptime 28.408 seconds
[                          main] BrokerService                  INFO  Apache ActiveMQ 5.9.0 (localhost, ID:EN61102-54392-1411629140448-0:7) is shutdown
[                          main] BrokerService                  INFO  Using Persistence Adapter: MemoryPersistenceAdapter
[                          main] BrokerService                  INFO  Apache ActiveMQ 5.9.0 (localhost, ID:EN61102-54392-1411629140448-0:8) is starting
[                          main] TransportServerThreadSupport   INFO  Listening for connections at: tcp://127.0.0.1:61616
[                          main] TransportConnector             INFO  Connector tcp started
[                          main] BrokerService                  INFO  Apache ActiveMQ 5.9.0 (localhost, ID:EN61102-54392-1411629140448-0:8) started
[                          main] BrokerService                  INFO  For help or more information please see: http://activemq.apache.org
[                          main] SpringCamelContext             INFO  Apache Camel 2.13.2 (CamelContext: camel) is starting
[                          main] DefaultManagementStrategy      INFO  JMX is disabled
[                          main] DefaultTypeConverter           INFO  Loaded 211 type converters
[                          main] SpringCamelContext             INFO  AllowUseOriginalMessage is enabled. If access to the original message is not needed, then its recommended to turn this option off as it may improve performance.
[                          main] SpringCamelContext             INFO  StreamCaching is not in use. If using streams then its recommended to enable stream caching. See more details at http://camel.apache.org/stream-caching.html
[                          main] SpringCamelContext             INFO  Route: route75 started and consuming from: Endpoint[jms://topic:responseTopic]
[                          main] SpringCamelContext             INFO  Route: route76 started and consuming from: Endpoint[jms://topic:finishTopic]
[                          main] SpringCamelContext             INFO  Route: route77 started and consuming from: Endpoint[jms://mongoQueue?asyncConsumer=true&amp;concurrentConsumers=20]
[                          main] SpringCamelContext             INFO  Route: route78 started and consuming from: Endpoint[jms://mySQLQueue?asyncConsumer=true&amp;concurrentConsumers=20]
[                          main] SpringCamelContext             INFO  Route: route79 started and consuming from: Endpoint[jms://topic:responseTopic]
[                          main] SpringCamelContext             INFO  Route: route80 started and consuming from: Endpoint[jms://topic:finishTopic]
[                          main] SpringCamelContext             INFO  Route: route81 started and consuming from: Endpoint[jms://topic:startTopic]
[                          main] SpringCamelContext             INFO  Route: route82 started and consuming from: Endpoint[jms://restQueue?asyncConsumer=true&amp;concurrentConsumers=20]
[                          main] SpringCamelContext             INFO  Route: route83 started and consuming from: Endpoint[jms://startQueue?asyncConsumer=true&amp;concurrentConsumers=20]
[                          main] SpringCamelContext             INFO  Route: route84 started and consuming from: Endpoint[jms://soapQueue?asyncConsumer=true&amp;concurrentConsumers=20]
[                          main] SpringCamelContext             INFO  Route: route85 started and consuming from: Endpoint[jms://mockingQueue]
[                          main] SpringCamelContext             INFO  Route: route86 started and consuming from: Endpoint[jms://variableQueue]
[                          main] SpringCamelContext             INFO  Route: route87 started and consuming from: Endpoint[jms://topic:finishTopic]
[                          main] SpringCamelContext             INFO  Route: route88 started and consuming from: Endpoint[jms://assetQueue]
[                          main] SpringCamelContext             INFO  Total 14 routes, of which 14 is started.
[                          main] SpringCamelContext             INFO  Apache Camel 2.13.2 (CamelContext: camel) started in 0.196 seconds
[                          main] TestBaseClass                  INFO  ********************************************************************************
[                          main] TestBaseClass                  INFO  Testing: selectAllTest(com.wstester.camel.mysql.SelectTest)
[                          main] TestBaseClass                  INFO  ********************************************************************************
[                          main] TestRunner                     INFO  Received TestProject [name=Test Project, testSuiteList=[TestSuite [name=Test Suite 2, environment=Environment [serverList=[Server [serviceList=[MySQLService [port=3306, dbName=test, user=appuser, password=apppass, uuid=07921ed8-eee5-4879-8a7a-7e18d210920c, name=Service MYSQL, status=null, ruleList=null]], name=Server 21, ip=localhost, description=This is the first server of the second env, uuid=05ad4ec1-8c9e-42ef-a233-95118604649d]], name=Env 2, uuid=fda62b1d-8ade-46fc-9bb7-2d46b27e24f9], testCaseList=[TestCase [name=TC 1, stepList=[MySQLStep [operation=SELECT * FROM angajati, ID=cabf831d-5a98-4389-997d-c9a56694f5a1, Server=Server 21, AssertList=[com.wstester.model.Assert@5cf0673d], Service=Service MYSQL, AssetList=null, Name=Step 3, VariableList=[], ExecutionList=null, DependsOn=null]], variableList=null, uuid=21c2e434-08da-429f-9b9f-2458874a503f]], variableList=null, uuid=c55f173c-b02f-4878-8e1f-c0a64ce38e95]], assetList=[Asset [uuid=388d47ef-9caf-42b7-8888-4d28da3a0839, lastmodified=0, name=null, path=null, type=null, size=0], Asset [uuid=3d837ef3-8f77-4ebc-9cb0-b0fda5b59433, lastmodified=0, name=null, path=null, type=null, size=0], Asset [uuid=a33ce529-e3d1-4d5d-be56-8eabc61c2be1, lastmodified=0, name=null, path=null, type=null, size=0], Asset [uuid=48298ae4-c847-4e96-886a-a571782bf89d, lastmodified=0, name=null, path=null, type=null, size=0]], environmentList=[Environment [serverList=[Server [serviceList=[MySQLService [port=3306, dbName=test, user=appuser, password=apppass, uuid=07921ed8-eee5-4879-8a7a-7e18d210920c, name=Service MYSQL, status=null, ruleList=null]], name=Server 21, ip=localhost, description=This is the first server of the second env, uuid=05ad4ec1-8c9e-42ef-a233-95118604649d]], name=Env 2, uuid=fda62b1d-8ade-46fc-9bb7-2d46b27e24f9]], variableList=null, uuid=d9b1b3c6-6039-459c-ac6e-95e3d08ac3cd]
[                          main] TestRunner                     INFO  Running TestProject [name=Test Project, testSuiteList=[TestSuite [name=Test Suite 2, environment=Environment [serverList=[Server [serviceList=[MySQLService [port=3306, dbName=test, user=appuser, password=apppass, uuid=07921ed8-eee5-4879-8a7a-7e18d210920c, name=Service MYSQL, status=null, ruleList=null]], name=Server 21, ip=localhost, description=This is the first server of the second env, uuid=05ad4ec1-8c9e-42ef-a233-95118604649d]], name=Env 2, uuid=fda62b1d-8ade-46fc-9bb7-2d46b27e24f9], testCaseList=[TestCase [name=TC 1, stepList=[MySQLStep [operation=SELECT * FROM angajati, ID=cabf831d-5a98-4389-997d-c9a56694f5a1, Server=Server 21, AssertList=[com.wstester.model.Assert@5cf0673d], Service=Service MYSQL, AssetList=null, Name=Step 3, VariableList=[], ExecutionList=null, DependsOn=null]], variableList=null, uuid=21c2e434-08da-429f-9b9f-2458874a503f]], variableList=null, uuid=c55f173c-b02f-4878-8e1f-c0a64ce38e95]], assetList=[Asset [uuid=388d47ef-9caf-42b7-8888-4d28da3a0839, lastmodified=0, name=null, path=null, type=null, size=0], Asset [uuid=3d837ef3-8f77-4ebc-9cb0-b0fda5b59433, lastmodified=0, name=null, path=null, type=null, size=0], Asset [uuid=a33ce529-e3d1-4d5d-be56-8eabc61c2be1, lastmodified=0, name=null, path=null, type=null, size=0], Asset [uuid=48298ae4-c847-4e96-886a-a571782bf89d, lastmodified=0, name=null, path=null, type=null, size=0]], environmentList=[Environment [serverList=[Server [serviceList=[MySQLService [port=3306, dbName=test, user=appuser, password=apppass, uuid=07921ed8-eee5-4879-8a7a-7e18d210920c, name=Service MYSQL, status=null, ruleList=null]], name=Server 21, ip=localhost, description=This is the first server of the second env, uuid=05ad4ec1-8c9e-42ef-a233-95118604649d]], name=Env 2, uuid=fda62b1d-8ade-46fc-9bb7-2d46b27e24f9]], variableList=null, uuid=d9b1b3c6-6039-459c-ac6e-95e3d08ac3cd]
[                          main] TestRunner                     INFO  [cabf831d-5a98-4389-997d-c9a56694f5a1] Waiting response
[              pool-16-thread-1] TestRunner                     INFO  [cabf831d-5a98-4389-997d-c9a56694f5a1] Sent message to startQueue
[#677 - JmsConsumer[startTopic]] route81                        INFO  [d9b1b3c6-6039-459c-ac6e-95e3d08ac3cd] received start message
[#701 - JmsConsumer[startQueue]] route83                        INFO  [cabf831d-5a98-4389-997d-c9a56694f5a1] Sent message to mysql queue
[#662 - JmsConsumer[mySQLQueue]] DefaultErrorHandler            ERROR Failed delivery for (MessageId: queue_mySQLQueue_ID_EN61102-54392-1411629140448-39_9_1_1_1 on ExchangeId: ID-EN61102-54393-1411629140859-7-4). Exhausted after delivery attempt: 1 caught: java.sql.SQLException: Access denied for user &apos;appuser&apos;@&apos;localhost&apos; (using password: YES)

Message History
---------------------------------------------------------------------------------------------------------------------------------------
RouteId              ProcessorId          Processor                                                                        Elapsed (ms)
[route78           ] [route78           ] [jms://mySQLQueue?asyncConsumer=true&amp;concurrentConsumers=20                    ] [        26]
[route78           ] [bean42            ] [bean[Routes: []]                                                              ] [         1]
[route78           ] [bean43            ] [bean[com.wstester.dispatcher.mysql.MysqlConnection@b01cb8d]                   ] [         0]
[route78           ] [process141        ] [com.wstester.dispatcher.mysql.MysqlPreProcessor@38c460e8                      ] [         0]
[route78           ] [process142        ] [com.wstester.asset.AssetProcessor@7a814310                                    ] [         0]
[route78           ] [recipientList16   ] [recipientList[simple{Simple: jdbc:mySqlConnection}]                           ] [        25]

Exchange
---------------------------------------------------------------------------------------------------------------------------------------
Exchange[
	Id                  ID-EN61102-54393-1411629140859-7-4
	ExchangePattern     InOnly
	Headers             {breadcrumbId=ID:EN61102-54392-1411629140448-41:1:1:3:1, CamelJmsDeliveryMode=1, CamelRedelivered=false, CamelRedeliveryCounter=0, JMSCorrelationID=null, JMSDeliveryMode=2, JMSDestination=queue://mySQLQueue, JMSExpiration=0, JMSMessageID=ID:EN61102-54392-1411629140448-39:9:1:1:1, JMSPriority=4, JMSRedelivered=false, JMSReplyTo=null, JMSTimestamp=1411629271455, JMSType=null, JMSXGroupID=null, JMSXUserID=null}
	BodyType            String
	Body                SELECT * FROM angajati
]

Stacktrace
---------------------------------------------------------------------------------------------------------------------------------------
java.sql.SQLException: Access denied for user &apos;appuser&apos;@&apos;localhost&apos; (using password: YES)
	at com.mysql.jdbc.SQLError.createSQLException(SQLError.java:1094)[mysql-connector-java-5.1.31.jar:]
	at com.mysql.jdbc.MysqlIO.checkErrorPacket(MysqlIO.java:4226)[mysql-connector-java-5.1.31.jar:]
	at com.mysql.jdbc.MysqlIO.checkErrorPacket(MysqlIO.java:4158)[mysql-connector-java-5.1.31.jar:]
	at com.mysql.jdbc.MysqlIO.checkErrorPacket(MysqlIO.java:926)[mysql-connector-java-5.1.31.jar:]
	at com.mysql.jdbc.MysqlIO.proceedHandshakeWithPluggableAuthentication(MysqlIO.java:1748)[mysql-connector-java-5.1.31.jar:]
	at com.mysql.jdbc.MysqlIO.doHandshake(MysqlIO.java:1288)[mysql-connector-java-5.1.31.jar:]
	at com.mysql.jdbc.ConnectionImpl.coreConnect(ConnectionImpl.java:2508)[mysql-connector-java-5.1.31.jar:]
	at com.mysql.jdbc.ConnectionImpl.connectOneTryOnly(ConnectionImpl.java:2541)[mysql-connector-java-5.1.31.jar:]
	at com.mysql.jdbc.ConnectionImpl.createNewIO(ConnectionImpl.java:2323)[mysql-connector-java-5.1.31.jar:]
	at com.mysql.jdbc.ConnectionImpl.&lt;init&gt;(ConnectionImpl.java:832)[mysql-connector-java-5.1.31.jar:]
	at com.mysql.jdbc.JDBC4Connection.&lt;init&gt;(JDBC4Connection.java:46)[mysql-connector-java-5.1.31.jar:]
	at sun.reflect.NativeConstructorAccessorImpl.newInstance0(Native Method)[:1.8.0_05]
	at sun.reflect.NativeConstructorAccessorImpl.newInstance(NativeConstructorAccessorImpl.java:62)[:1.8.0_05]
	at sun.reflect.DelegatingConstructorAccessorImpl.newInstance(DelegatingConstructorAccessorImpl.java:45)[:1.8.0_05]
	at java.lang.reflect.Constructor.newInstance(Constructor.java:408)[:1.8.0_05]
	at com.mysql.jdbc.Util.handleNewInstance(Util.java:408)[mysql-connector-java-5.1.31.jar:]
	at com.mysql.jdbc.ConnectionImpl.getInstance(ConnectionImpl.java:417)[mysql-connector-java-5.1.31.jar:]
	at com.mysql.jdbc.NonRegisteringDriver.connect(NonRegisteringDriver.java:344)[mysql-connector-java-5.1.31.jar:]
	at com.mysql.jdbc.jdbc2.optional.MysqlDataSource.getConnection(MysqlDataSource.java:441)[mysql-connector-java-5.1.31.jar:]
	at com.mysql.jdbc.jdbc2.optional.MysqlDataSource.getConnection(MysqlDataSource.java:139)[mysql-connector-java-5.1.31.jar:]
	at com.mysql.jdbc.jdbc2.optional.MysqlDataSource.getConnection(MysqlDataSource.java:109)[mysql-connector-java-5.1.31.jar:]
	at org.apache.camel.component.jdbc.JdbcProducer.processingSqlBySettingAutoCommit(JdbcProducer.java:79)[camel-jdbc-2.13.2.jar:2.13.2]
	at org.apache.camel.component.jdbc.JdbcProducer.process(JdbcProducer.java:66)[camel-jdbc-2.13.2.jar:2.13.2]
	at org.apache.camel.util.AsyncProcessorConverterHelper$ProcessorToAsyncProcessorBridge.process(AsyncProcessorConverterHelper.java:61)[camel-core-2.13.2.jar:2.13.2]
	at org.apache.camel.processor.RedeliveryErrorHandler.process(RedeliveryErrorHandler.java:398)[camel-core-2.13.2.jar:2.13.2]
	at org.apache.camel.processor.CamelInternalProcessor.process(CamelInternalProcessor.java:191)[camel-core-2.13.2.jar:2.13.2]
	at org.apache.camel.processor.MulticastProcessor.doProcessSequential(MulticastProcessor.java:573)[camel-core-2.13.2.jar:2.13.2]
	at org.apache.camel.processor.MulticastProcessor.doProcessSequential(MulticastProcessor.java:506)[camel-core-2.13.2.jar:2.13.2]
	at org.apache.camel.processor.MulticastProcessor.process(MulticastProcessor.java:215)[camel-core-2.13.2.jar:2.13.2]
	at org.apache.camel.processor.RecipientList.sendToRecipientList(RecipientList.java:167)[camel-core-2.13.2.jar:2.13.2]
	at org.apache.camel.processor.RecipientList.process(RecipientList.java:120)[camel-core-2.13.2.jar:2.13.2]
	at org.apache.camel.processor.Pipeline.process(Pipeline.java:118)[camel-core-2.13.2.jar:2.13.2]
	at org.apache.camel.processor.Pipeline.process(Pipeline.java:80)[camel-core-2.13.2.jar:2.13.2]
	at org.apache.camel.processor.RedeliveryErrorHandler.process(RedeliveryErrorHandler.java:398)[camel-core-2.13.2.jar:2.13.2]
	at org.apache.camel.processor.CamelInternalProcessor.process(CamelInternalProcessor.java:191)[camel-core-2.13.2.jar:2.13.2]
	at org.apache.camel.processor.Pipeline.process(Pipeline.java:118)[camel-core-2.13.2.jar:2.13.2]
	at org.apache.camel.processor.Pipeline.process(Pipeline.java:80)[camel-core-2.13.2.jar:2.13.2]
	at org.apache.camel.processor.CamelInternalProcessor.process(CamelInternalProcessor.java:191)[camel-core-2.13.2.jar:2.13.2]
	at org.apache.camel.component.jms.EndpointMessageListener.onMessage(EndpointMessageListener.java:114)[camel-jms-2.13.2.jar:2.13.2]
	at org.springframework.jms.listener.AbstractMessageListenerContainer.doInvokeListener(AbstractMessageListenerContainer.java:562)[spring-jms-3.2.8.RELEASE.jar:3.2.8.RELEASE]
	at org.springframework.jms.listener.AbstractMessageListenerContainer.invokeListener(AbstractMessageListenerContainer.java:500)[spring-jms-3.2.8.RELEASE.jar:3.2.8.RELEASE]
	at org.springframework.jms.listener.AbstractMessageListenerContainer.doExecuteListener(AbstractMessageListenerContainer.java:468)[spring-jms-3.2.8.RELEASE.jar:3.2.8.RELEASE]
	at org.springframework.jms.listener.AbstractPollingMessageListenerContainer.doReceiveAndExecute(AbstractPollingMessageListenerContainer.java:325)[spring-jms-3.2.8.RELEASE.jar:3.2.8.RELEASE]
	at org.springframework.jms.listener.AbstractPollingMessageListenerContainer.receiveAndExecute(AbstractPollingMessageListenerContainer.java:263)[spring-jms-3.2.8.RELEASE.jar:3.2.8.RELEASE]
	at org.springframework.jms.listener.DefaultMessageListenerContainer$AsyncMessageListenerInvoker.invokeListener(DefaultMessageListenerContainer.java:1101)[spring-jms-3.2.8.RELEASE.jar:3.2.8.RELEASE]
	at org.springframework.jms.listener.DefaultMessageListenerContainer$AsyncMessageListenerInvoker.executeOngoingLoop(DefaultMessageListenerContainer.java:1093)[spring-jms-3.2.8.RELEASE.jar:3.2.8.RELEASE]
	at org.springframework.jms.listener.DefaultMessageListenerContainer$AsyncMessageListenerInvoker.run(DefaultMessageListenerContainer.java:990)[spring-jms-3.2.8.RELEASE.jar:3.2.8.RELEASE]
	at java.util.concurrent.ThreadPoolExecutor.runWorker(ThreadPoolExecutor.java:1142)[:1.8.0_05]
	at java.util.concurrent.ThreadPoolExecutor$Worker.run(ThreadPoolExecutor.java:617)[:1.8.0_05]
	at java.lang.Thread.run(Thread.java:745)[:1.8.0_05]
[#662 - JmsConsumer[mySQLQueue]] EndpointMessageListener        WARN  Execution of JMS message listener failed. Caused by: [org.apache.camel.RuntimeCamelException - java.sql.SQLException: Access denied for user &apos;appuser&apos;@&apos;localhost&apos; (using password: YES)]
org.apache.camel.RuntimeCamelException: java.sql.SQLException: Access denied for user &apos;appuser&apos;@&apos;localhost&apos; (using password: YES)
	at org.apache.camel.util.ObjectHelper.wrapRuntimeCamelException(ObjectHelper.java:1363)[camel-core-2.13.2.jar:2.13.2]
	at org.apache.camel.component.jms.EndpointMessageListener$EndpointMessageListenerAsyncCallback.done(EndpointMessageListener.java:186)[camel-jms-2.13.2.jar:2.13.2]
	at org.apache.camel.processor.CamelInternalProcessor$InternalCallback.done(CamelInternalProcessor.java:251)[camel-core-2.13.2.jar:2.13.2]
	at org.apache.camel.processor.Pipeline.process(Pipeline.java:106)[camel-core-2.13.2.jar:2.13.2]
	at org.apache.camel.processor.CamelInternalProcessor.process(CamelInternalProcessor.java:191)[camel-core-2.13.2.jar:2.13.2]
	at org.apache.camel.component.jms.EndpointMessageListener.onMessage(EndpointMessageListener.java:114)[camel-jms-2.13.2.jar:2.13.2]
	at org.springframework.jms.listener.AbstractMessageListenerContainer.doInvokeListener(AbstractMessageListenerContainer.java:562)[spring-jms-3.2.8.RELEASE.jar:3.2.8.RELEASE]
	at org.springframework.jms.listener.AbstractMessageListenerContainer.invokeListener(AbstractMessageListenerContainer.java:500)[spring-jms-3.2.8.RELEASE.jar:3.2.8.RELEASE]
	at org.springframework.jms.listener.AbstractMessageListenerContainer.doExecuteListener(AbstractMessageListenerContainer.java:468)[spring-jms-3.2.8.RELEASE.jar:3.2.8.RELEASE]
	at org.springframework.jms.listener.AbstractPollingMessageListenerContainer.doReceiveAndExecute(AbstractPollingMessageListenerContainer.java:325)[spring-jms-3.2.8.RELEASE.jar:3.2.8.RELEASE]
	at org.springframework.jms.listener.AbstractPollingMessageListenerContainer.receiveAndExecute(AbstractPollingMessageListenerContainer.java:263)[spring-jms-3.2.8.RELEASE.jar:3.2.8.RELEASE]
	at org.springframework.jms.listener.DefaultMessageListenerContainer$AsyncMessageListenerInvoker.invokeListener(DefaultMessageListenerContainer.java:1101)[spring-jms-3.2.8.RELEASE.jar:3.2.8.RELEASE]
	at org.springframework.jms.listener.DefaultMessageListenerContainer$AsyncMessageListenerInvoker.executeOngoingLoop(DefaultMessageListenerContainer.java:1093)[spring-jms-3.2.8.RELEASE.jar:3.2.8.RELEASE]
	at org.springframework.jms.listener.DefaultMessageListenerContainer$AsyncMessageListenerInvoker.run(DefaultMessageListenerContainer.java:990)[spring-jms-3.2.8.RELEASE.jar:3.2.8.RELEASE]
	at java.util.concurrent.ThreadPoolExecutor.runWorker(ThreadPoolExecutor.java:1142)[:1.8.0_05]
	at java.util.concurrent.ThreadPoolExecutor$Worker.run(ThreadPoolExecutor.java:617)[:1.8.0_05]
	at java.lang.Thread.run(Thread.java:745)[:1.8.0_05]
[634 - JmsConsumer[finishTopic]] route76                        INFO  [d9b1b3c6-6039-459c-ac6e-95e3d08ac3cd] received finish message
[676 - JmsConsumer[finishTopic]] route80                        INFO  [d9b1b3c6-6039-459c-ac6e-95e3d08ac3cd] received finish message
[740 - JmsConsumer[finishTopic]] route87                        INFO  [d9b1b3c6-6039-459c-ac6e-95e3d08ac3cd] received finish message
[                          main] TestRunner                     INFO  [cabf831d-5a98-4389-997d-c9a56694f5a1] Response is null
[                          main] TestBaseClass                  INFO  ********************************************************************************
[                          main] TestBaseClass                  INFO  Done testing: selectAllTest(com.wstester.camel.mysql.SelectTest)
[                          main] TestBaseClass                  INFO  ********************************************************************************
</system-out>
  </testcase>
</testsuite>